2022-10-14 05:52:18 [Test worker] INFO  : Image name substitution will be performed by: DefaultImageNameSubstitutor (composite of 'ConfigurationFileImageNameSubstitutor' and 'PrefixingImageNameSubstitutor')
2022-10-14 05:52:18 [Test worker] INFO  : Loaded org.testcontainers.dockerclient.UnixSocketClientProviderStrategy from ~/.testcontainers.properties, will try it first
2022-10-14 05:52:18 [Test worker] INFO  : docker-machine executable was not found on PATH ([/Users/Yusuf_Murodov/.nvm/versions/node/v18.9.0/bin, /usr/local/bin, /usr/bin, /bin, /usr/sbin, /sbin, /usr/local/share/dotnet, /opt/X11/bin, /Applications/Postgres.app/Contents/Versions/latest/bin])
2022-10-14 05:52:18 [Test worker] ERROR : Could not find a valid Docker environment. Please check configuration. Attempted configurations were:
	UnixSocketClientProviderStrategy: failed with exception InvalidConfigurationException (Could not find unix domain socket). Root cause NoSuchFileException (/var/run/docker.sock)As no valid configuration was found, execution cannot continue.
See https://www.testcontainers.org/on_failure.html for more details.
2022-10-14 05:54:51 [Test worker] INFO  : Image name substitution will be performed by: DefaultImageNameSubstitutor (composite of 'ConfigurationFileImageNameSubstitutor' and 'PrefixingImageNameSubstitutor')
2022-10-14 05:54:51 [Test worker] INFO  : Loaded org.testcontainers.dockerclient.UnixSocketClientProviderStrategy from ~/.testcontainers.properties, will try it first
2022-10-14 05:54:52 [Test worker] INFO  : Found Docker environment with local Unix socket (unix:///var/run/docker.sock)
2022-10-14 05:54:52 [Test worker] INFO  : Docker host IP address is localhost
2022-10-14 05:54:52 [Test worker] INFO  : Connected to docker: 
  Server Version: 20.10.17
  API Version: 1.41
  Operating System: Docker Desktop
  Total Memory: 10215 MB
2022-10-14 05:54:52 [Test worker] INFO  : Creating container for image: testcontainers/ryuk:0.3.4
2022-10-14 05:54:52 [Test worker] INFO  : Credential helper/store (docker-credential-desktop) does not have credentials for https://index.docker.io/v1/
2022-10-14 05:54:53 [Test worker] INFO  : Container testcontainers/ryuk:0.3.4 is starting: 53c316bac0ec80d89cb86f84cfaf05cd0da8855fe7b2ef20844b2478ef380761
2022-10-14 05:54:53 [Test worker] INFO  : Container testcontainers/ryuk:0.3.4 started in PT1.107931S
2022-10-14 05:54:53 [Test worker] INFO  : Ryuk started - will monitor and terminate Testcontainers containers on JVM exit
2022-10-14 05:54:53 [Test worker] INFO  : Checking the system...
2022-10-14 05:54:53 [Test worker] INFO  : ✔︎ Docker server version should be at least 1.6.0
2022-10-14 05:54:53 [Test worker] INFO  : HOSTNAME_EXTERNAL environment variable set to localhost (to match host-routable address for container)
2022-10-14 05:54:53 [Test worker] INFO  : Creating container for image: localstack/localstack:1.0.0
2022-10-14 05:54:54 [Test worker] INFO  : Container localstack/localstack:1.0.0 is starting: 5e74ac7505dd6a1f1015e0d2d0ab8d8e0e5fbf04d1e689f4438d1200c2f93ddf
2022-10-14 05:55:54 [Test worker] ERROR : Could not start container
org.testcontainers.containers.ContainerLaunchException: Timed out waiting for log output matching '.*Ready\.
'
	at org.testcontainers.containers.wait.strategy.LogMessageWaitStrategy.waitUntilReady(LogMessageWaitStrategy.java:47)
	at org.testcontainers.containers.wait.strategy.AbstractWaitStrategy.waitUntilReady(AbstractWaitStrategy.java:52)
	at org.testcontainers.containers.GenericContainer.waitUntilContainerStarted(GenericContainer.java:953)
	at org.testcontainers.containers.GenericContainer.tryStart(GenericContainer.java:485)
	at org.testcontainers.containers.GenericContainer.lambda$doStart$0(GenericContainer.java:344)
	at org.rnorth.ducttape.unreliables.Unreliables.retryUntilSuccess(Unreliables.java:81)
	at org.testcontainers.containers.GenericContainer.doStart(GenericContainer.java:334)
	at org.testcontainers.containers.GenericContainer.start(GenericContainer.java:322)
	at com.epam.training.microservicefoundation.resourceservice.repository.s3storage.CloudStorageExtension.beforeAll(CloudStorageExtension.java:32)
	at org.junit.jupiter.engine.descriptor.ClassBasedTestDescriptor.lambda$invokeBeforeAllCallbacks$10(ClassBasedTestDescriptor.java:381)
	at org.junit.platform.engine.support.hierarchical.ThrowableCollector.execute(ThrowableCollector.java:73)
	at org.junit.jupiter.engine.descriptor.ClassBasedTestDescriptor.invokeBeforeAllCallbacks(ClassBasedTestDescriptor.java:381)
	at org.junit.jupiter.engine.descriptor.ClassBasedTestDescriptor.before(ClassBasedTestDescriptor.java:205)
	at org.junit.jupiter.engine.descriptor.ClassBasedTestDescriptor.before(ClassBasedTestDescriptor.java:80)
	at org.junit.platform.engine.support.hierarchical.NodeTestTask.lambda$executeRecursively$6(NodeTestTask.java:148)
	at org.junit.platform.engine.support.hierarchical.ThrowableCollector.execute(ThrowableCollector.java:73)
	at org.junit.platform.engine.support.hierarchical.NodeTestTask.lambda$executeRecursively$8(NodeTestTask.java:141)
	at org.junit.platform.engine.support.hierarchical.Node.around(Node.java:137)
	at org.junit.platform.engine.support.hierarchical.NodeTestTask.lambda$executeRecursively$9(NodeTestTask.java:139)
	at org.junit.platform.engine.support.hierarchical.ThrowableCollector.execute(ThrowableCollector.java:73)
	at org.junit.platform.engine.support.hierarchical.NodeTestTask.executeRecursively(NodeTestTask.java:138)
	at org.junit.platform.engine.support.hierarchical.NodeTestTask.execute(NodeTestTask.java:95)
	at java.base/java.util.ArrayList.forEach(ArrayList.java:1541)
	at org.junit.platform.engine.support.hierarchical.SameThreadHierarchicalTestExecutorService.invokeAll(SameThreadHierarchicalTestExecutorService.java:41)
	at org.junit.platform.engine.support.hierarchical.NodeTestTask.lambda$executeRecursively$6(NodeTestTask.java:155)
	at org.junit.platform.engine.support.hierarchical.ThrowableCollector.execute(ThrowableCollector.java:73)
	at org.junit.platform.engine.support.hierarchical.NodeTestTask.lambda$executeRecursively$8(NodeTestTask.java:141)
	at org.junit.platform.engine.support.hierarchical.Node.around(Node.java:137)
	at org.junit.platform.engine.support.hierarchical.NodeTestTask.lambda$executeRecursively$9(NodeTestTask.java:139)
	at org.junit.platform.engine.support.hierarchical.ThrowableCollector.execute(ThrowableCollector.java:73)
	at org.junit.platform.engine.support.hierarchical.NodeTestTask.executeRecursively(NodeTestTask.java:138)
	at org.junit.platform.engine.support.hierarchical.NodeTestTask.execute(NodeTestTask.java:95)
	at org.junit.platform.engine.support.hierarchical.SameThreadHierarchicalTestExecutorService.submit(SameThreadHierarchicalTestExecutorService.java:35)
	at org.junit.platform.engine.support.hierarchical.HierarchicalTestExecutor.execute(HierarchicalTestExecutor.java:57)
	at org.junit.platform.engine.support.hierarchical.HierarchicalTestEngine.execute(HierarchicalTestEngine.java:54)
	at org.junit.platform.launcher.core.EngineExecutionOrchestrator.execute(EngineExecutionOrchestrator.java:108)
	at org.junit.platform.launcher.core.EngineExecutionOrchestrator.execute(EngineExecutionOrchestrator.java:88)
	at org.junit.platform.launcher.core.EngineExecutionOrchestrator.lambda$execute$0(EngineExecutionOrchestrator.java:54)
	at org.junit.platform.launcher.core.EngineExecutionOrchestrator.withInterceptedStreams(EngineExecutionOrchestrator.java:67)
	at org.junit.platform.launcher.core.EngineExecutionOrchestrator.execute(EngineExecutionOrchestrator.java:52)
	at org.junit.platform.launcher.core.DefaultLauncher.execute(DefaultLauncher.java:96)
	at org.junit.platform.launcher.core.DefaultLauncher.execute(DefaultLauncher.java:75)
	at org.gradle.api.internal.tasks.testing.junitplatform.JUnitPlatformTestClassProcessor$CollectAllTestClassesExecutor.processAllTestClasses(JUnitPlatformTestClassProcessor.java:99)
	at org.gradle.api.internal.tasks.testing.junitplatform.JUnitPlatformTestClassProcessor$CollectAllTestClassesExecutor.access$000(JUnitPlatformTestClassProcessor.java:79)
	at org.gradle.api.internal.tasks.testing.junitplatform.JUnitPlatformTestClassProcessor.stop(JUnitPlatformTestClassProcessor.java:75)
	at org.gradle.api.internal.tasks.testing.SuiteTestClassProcessor.stop(SuiteTestClassProcessor.java:61)
	at java.base/jdk.internal.reflect.NativeMethodAccessorImpl.invoke0(Native Method)
	at java.base/jdk.internal.reflect.NativeMethodAccessorImpl.invoke(NativeMethodAccessorImpl.java:62)
	at java.base/jdk.internal.reflect.DelegatingMethodAccessorImpl.invoke(DelegatingMethodAccessorImpl.java:43)
	at java.base/java.lang.reflect.Method.invoke(Method.java:566)
	at org.gradle.internal.dispatch.ReflectionDispatch.dispatch(ReflectionDispatch.java:36)
	at org.gradle.internal.dispatch.ReflectionDispatch.dispatch(ReflectionDispatch.java:24)
	at org.gradle.internal.dispatch.ContextClassLoaderDispatch.dispatch(ContextClassLoaderDispatch.java:33)
	at org.gradle.internal.dispatch.ProxyDispatchAdapter$DispatchingInvocationHandler.invoke(ProxyDispatchAdapter.java:94)
	at com.sun.proxy.$Proxy2.stop(Unknown Source)
	at org.gradle.api.internal.tasks.testing.worker.TestWorker$3.run(TestWorker.java:193)
	at org.gradle.api.internal.tasks.testing.worker.TestWorker.executeAndMaintainThreadName(TestWorker.java:129)
	at org.gradle.api.internal.tasks.testing.worker.TestWorker.execute(TestWorker.java:100)
	at org.gradle.api.internal.tasks.testing.worker.TestWorker.execute(TestWorker.java:60)
	at org.gradle.process.internal.worker.child.ActionExecutionWorker.execute(ActionExecutionWorker.java:56)
	at org.gradle.process.internal.worker.child.SystemApplicationClassLoaderWorker.call(SystemApplicationClassLoaderWorker.java:133)
	at org.gradle.process.internal.worker.child.SystemApplicationClassLoaderWorker.call(SystemApplicationClassLoaderWorker.java:71)
	at worker.org.gradle.process.internal.worker.GradleWorkerMain.run(GradleWorkerMain.java:69)
	at worker.org.gradle.process.internal.worker.GradleWorkerMain.main(GradleWorkerMain.java:74)
2022-10-14 05:55:55 [Test worker] ERROR : Log output from the failed container:
Waiting for all LocalStack services to be ready
2022-10-14 00:54:55,419 CRIT Supervisor is running as root.  Privileges were not dropped because no user is specified in the config file.  If you intend to run as root, you can set user=root in the config file to avoid this message.
2022-10-14 00:54:55,425 INFO supervisord started with pid 16
2022-10-14 00:54:56,434 INFO spawned: 'infra' with pid 21
SERVICES variable is ignored if EAGER_SERVICE_LOADING=0.
2022-10-14 00:54:57,880 INFO success: infra entered RUNNING state, process has stayed up for > than 1 seconds (startsecs)

LocalStack version: 1.0.0
LocalStack Docker container id: 5e74ac7505dd
LocalStack build date: 2022-07-13
LocalStack build git hash: cf26bd91

Waiting for all LocalStack services to be ready
Waiting for all LocalStack services to be ready
2022-10-14T00:55:13.639  INFO --- [  MainThread] localstack.utils.bootstrap : Execution of "start_runtime_components" took 15031.50ms
Error starting infrastructure: gave up waiting for edge server on 0.0.0.0:4566 Traceback (most recent call last):
  File "/opt/code/localstack/localstack/services/infra.py", line 419, in start_infra
    thread = do_start_infra(asynchronous, apis, is_in_docker)
  File "/opt/code/localstack/localstack/services/infra.py", line 521, in do_start_infra
    thread = start_runtime_components()
  File "/opt/code/localstack/localstack/utils/bootstrap.py", line 77, in wrapped
    return f(*args, **kwargs)
  File "/opt/code/localstack/localstack/services/infra.py", line 513, in start_runtime_components
    raise TimeoutError(
TimeoutError: gave up waiting for edge server on 0.0.0.0:4566

Traceback (most recent call last):
  File "/usr/local/lib/python3.10/runpy.py", line 196, in _run_module_as_main
    return _run_code(code, main_globals, None,
  File "/usr/local/lib/python3.10/runpy.py", line 86, in _run_code
    exec(code, run_globals)
  File "/opt/code/localstack/localstack/cli/main.py", line 10, in <module>
    main()
  File "/opt/code/localstack/localstack/cli/main.py", line 6, in main
    cli()
  File "/opt/code/localstack/localstack/cli/plugin.py", line 15, in __call__
    self.group(*args, **kwargs)
  File "/opt/code/localstack/.venv/lib/python3.10/site-packages/click/core.py", line 1130, in __call__
    return self.main(*args, **kwargs)
  File "/opt/code/localstack/.venv/lib/python3.10/site-packages/click/core.py", line 1055, in main
    rv = self.invoke(ctx)
  File "/opt/code/localstack/.venv/lib/python3.10/site-packages/click/core.py", line 1657, in invoke
    return _process_result(sub_ctx.command.invoke(sub_ctx))
  File "/opt/code/localstack/.venv/lib/python3.10/site-packages/click/core.py", line 1404, in invoke
    return ctx.invoke(self.callback, **ctx.params)
  File "/opt/code/localstack/.venv/lib/python3.10/site-packages/click/core.py", line 760, in invoke
    return __callback(*args, **kwargs)
  File "/opt/code/localstack/localstack/utils/analytics/cli.py", line 66, in publisher_wrapper
    return fn(*args, **kwargs)
  File "/opt/code/localstack/localstack/cli/localstack.py", line 148, in cmd_start
    bootstrap.start_infra_locally()
  File "/opt/code/localstack/localstack/utils/bootstrap.py", line 260, in start_infra_locally
    return infra.start_infra()
  File "/opt/code/localstack/localstack/services/infra.py", line 433, in start_infra
    raise e
  File "/opt/code/localstack/localstack/services/infra.py", line 419, in start_infra
    thread = do_start_infra(asynchronous, apis, is_in_docker)
  File "/opt/code/localstack/localstack/services/infra.py", line 521, in do_start_infra
    thread = start_runtime_components()
  File "/opt/code/localstack/localstack/utils/bootstrap.py", line 77, in wrapped
    return f(*args, **kwargs)
  File "/opt/code/localstack/localstack/services/infra.py", line 513, in start_runtime_components
    raise TimeoutError(
TimeoutError: gave up waiting for edge server on 0.0.0.0:4566
2022-10-14 00:55:13,860 INFO exited: infra (exit status 1; not expected)
2022-10-14 00:55:14,865 INFO spawned: 'infra' with pid 150
SERVICES variable is ignored if EAGER_SERVICE_LOADING=0.
Waiting for all LocalStack services to be ready
2022-10-14 00:55:16,076 INFO success: infra entered RUNNING state, process has stayed up for > than 1 seconds (startsecs)

LocalStack version: 1.0.0
LocalStack Docker container id: 5e74ac7505dd
LocalStack build date: 2022-07-13
LocalStack build git hash: cf26bd91

Waiting for all LocalStack services to be ready
Waiting for all LocalStack services to be ready
2022-10-14T00:55:31.096  INFO --- [  MainThread] localstack.utils.bootstrap : Execution of "start_runtime_components" took 14894.41ms
Error starting infrastructure: gave up waiting for edge server on 0.0.0.0:4566 Traceback (most recent call last):
  File "/opt/code/localstack/localstack/services/infra.py", line 419, in start_infra
    thread = do_start_infra(asynchronous, apis, is_in_docker)
  File "/opt/code/localstack/localstack/services/infra.py", line 521, in do_start_infra
    thread = start_runtime_components()
  File "/opt/code/localstack/localstack/utils/bootstrap.py", line 77, in wrapped
    return f(*args, **kwargs)
  File "/opt/code/localstack/localstack/services/infra.py", line 513, in start_runtime_components
    raise TimeoutError(
TimeoutError: gave up waiting for edge server on 0.0.0.0:4566

Traceback (most recent call last):
  File "/usr/local/lib/python3.10/runpy.py", line 196, in _run_module_as_main
    return _run_code(code, main_globals, None,
  File "/usr/local/lib/python3.10/runpy.py", line 86, in _run_code
    exec(code, run_globals)
  File "/opt/code/localstack/localstack/cli/main.py", line 10, in <module>
    main()
  File "/opt/code/localstack/localstack/cli/main.py", line 6, in main
    cli()
  File "/opt/code/localstack/localstack/cli/plugin.py", line 15, in __call__
    self.group(*args, **kwargs)
  File "/opt/code/localstack/.venv/lib/python3.10/site-packages/click/core.py", line 1130, in __call__
    return self.main(*args, **kwargs)
  File "/opt/code/localstack/.venv/lib/python3.10/site-packages/click/core.py", line 1055, in main
    rv = self.invoke(ctx)
  File "/opt/code/localstack/.venv/lib/python3.10/site-packages/click/core.py", line 1657, in invoke
    return _process_result(sub_ctx.command.invoke(sub_ctx))
  File "/opt/code/localstack/.venv/lib/python3.10/site-packages/click/core.py", line 1404, in invoke
    return ctx.invoke(self.callback, **ctx.params)
  File "/opt/code/localstack/.venv/lib/python3.10/site-packages/click/core.py", line 760, in invoke
    return __callback(*args, **kwargs)
  File "/opt/code/localstack/localstack/utils/analytics/cli.py", line 66, in publisher_wrapper
    return fn(*args, **kwargs)
  File "/opt/code/localstack/localstack/cli/localstack.py", line 148, in cmd_start
    bootstrap.start_infra_locally()
  File "/opt/code/localstack/localstack/utils/bootstrap.py", line 260, in start_infra_locally
    return infra.start_infra()
  File "/opt/code/localstack/localstack/services/infra.py", line 433, in start_infra
    raise e
  File "/opt/code/localstack/localstack/services/infra.py", line 419, in start_infra
    thread = do_start_infra(asynchronous, apis, is_in_docker)
  File "/opt/code/localstack/localstack/services/infra.py", line 521, in do_start_infra
    thread = start_runtime_components()
  File "/opt/code/localstack/localstack/utils/bootstrap.py", line 77, in wrapped
    return f(*args, **kwargs)
  File "/opt/code/localstack/localstack/services/infra.py", line 513, in start_runtime_components
    raise TimeoutError(
TimeoutError: gave up waiting for edge server on 0.0.0.0:4566
2022-10-14 00:55:31,305 INFO exited: infra (exit status 1; not expected)
2022-10-14 00:55:32,313 INFO spawned: 'infra' with pid 289
SERVICES variable is ignored if EAGER_SERVICE_LOADING=0.
2022-10-14 00:55:33,529 INFO success: infra entered RUNNING state, process has stayed up for > than 1 seconds (startsecs)

LocalStack version: 1.0.0
LocalStack Docker container id: 5e74ac7505dd
LocalStack build date: 2022-07-13
LocalStack build git hash: cf26bd91

Waiting for all LocalStack services to be ready
Waiting for all LocalStack services to be ready
2022-10-14T00:55:48.553  INFO --- [  MainThread] localstack.utils.bootstrap : Execution of "start_runtime_components" took 14903.53ms
Error starting infrastructure: gave up waiting for edge server on 0.0.0.0:4566 Traceback (most recent call last):
  File "/opt/code/localstack/localstack/services/infra.py", line 419, in start_infra
    thread = do_start_infra(asynchronous, apis, is_in_docker)
  File "/opt/code/localstack/localstack/services/infra.py", line 521, in do_start_infra
    thread = start_runtime_components()
  File "/opt/code/localstack/localstack/utils/bootstrap.py", line 77, in wrapped
    return f(*args, **kwargs)
  File "/opt/code/localstack/localstack/services/infra.py", line 513, in start_runtime_components
    raise TimeoutError(
TimeoutError: gave up waiting for edge server on 0.0.0.0:4566

Traceback (most recent call last):
  File "/usr/local/lib/python3.10/runpy.py", line 196, in _run_module_as_main
    return _run_code(code, main_globals, None,
  File "/usr/local/lib/python3.10/runpy.py", line 86, in _run_code
    exec(code, run_globals)
  File "/opt/code/localstack/localstack/cli/main.py", line 10, in <module>
    main()
  File "/opt/code/localstack/localstack/cli/main.py", line 6, in main
    cli()
  File "/opt/code/localstack/localstack/cli/plugin.py", line 15, in __call__
    self.group(*args, **kwargs)
  File "/opt/code/localstack/.venv/lib/python3.10/site-packages/click/core.py", line 1130, in __call__
    return self.main(*args, **kwargs)
  File "/opt/code/localstack/.venv/lib/python3.10/site-packages/click/core.py", line 1055, in main
    rv = self.invoke(ctx)
  File "/opt/code/localstack/.venv/lib/python3.10/site-packages/click/core.py", line 1657, in invoke
    return _process_result(sub_ctx.command.invoke(sub_ctx))
  File "/opt/code/localstack/.venv/lib/python3.10/site-packages/click/core.py", line 1404, in invoke
    return ctx.invoke(self.callback, **ctx.params)
  File "/opt/code/localstack/.venv/lib/python3.10/site-packages/click/core.py", line 760, in invoke
    return __callback(*args, **kwargs)
  File "/opt/code/localstack/localstack/utils/analytics/cli.py", line 66, in publisher_wrapper
    return fn(*args, **kwargs)
  File "/opt/code/localstack/localstack/cli/localstack.py", line 148, in cmd_start
    bootstrap.start_infra_locally()
  File "/opt/code/localstack/localstack/utils/bootstrap.py", line 260, in start_infra_locally
    return infra.start_infra()
  File "/opt/code/localstack/localstack/services/infra.py", line 433, in start_infra
    raise e
  File "/opt/code/localstack/localstack/services/infra.py", line 419, in start_infra
    thread = do_start_infra(asynchronous, apis, is_in_docker)
  File "/opt/code/localstack/localstack/services/infra.py", line 521, in do_start_infra
    thread = start_runtime_components()
  File "/opt/code/localstack/localstack/utils/bootstrap.py", line 77, in wrapped
    return f(*args, **kwargs)
  File "/opt/code/localstack/localstack/services/infra.py", line 513, in start_runtime_components
    raise TimeoutError(
TimeoutError: gave up waiting for edge server on 0.0.0.0:4566
2022-10-14 00:55:48,782 INFO exited: infra (exit status 1; not expected)
2022-10-14 00:55:49,766 INFO spawned: 'infra' with pid 426
SERVICES variable is ignored if EAGER_SERVICE_LOADING=0.
2022-10-14 00:55:50,987 INFO success: infra entered RUNNING state, process has stayed up for > than 1 seconds (startsecs)
Waiting for all LocalStack services to be ready

LocalStack version: 1.0.0
LocalStack Docker container id: 5e74ac7505dd
LocalStack build date: 2022-07-13
LocalStack build git hash: cf26bd91


2022-10-14 05:56:06 [Test worker] INFO  : Image name substitution will be performed by: DefaultImageNameSubstitutor (composite of 'ConfigurationFileImageNameSubstitutor' and 'PrefixingImageNameSubstitutor')
2022-10-14 05:56:06 [Test worker] INFO  : Loaded org.testcontainers.dockerclient.UnixSocketClientProviderStrategy from ~/.testcontainers.properties, will try it first
2022-10-14 05:56:07 [Test worker] INFO  : Found Docker environment with local Unix socket (unix:///var/run/docker.sock)
2022-10-14 05:56:07 [Test worker] INFO  : Docker host IP address is localhost
2022-10-14 05:56:07 [Test worker] INFO  : Connected to docker: 
  Server Version: 20.10.17
  API Version: 1.41
  Operating System: Docker Desktop
  Total Memory: 10215 MB
2022-10-14 05:56:07 [Test worker] INFO  : Creating container for image: testcontainers/ryuk:0.3.4
2022-10-14 05:56:07 [Test worker] INFO  : Credential helper/store (docker-credential-desktop) does not have credentials for https://index.docker.io/v1/
2022-10-14 05:56:07 [Test worker] INFO  : Container testcontainers/ryuk:0.3.4 is starting: 50f3ab7cb0aa2546875dee5e84f7225c94189f66d3eafb82f97ea867859cddb6
2022-10-14 05:56:08 [Test worker] INFO  : Container testcontainers/ryuk:0.3.4 started in PT0.663921S
2022-10-14 05:56:08 [Test worker] INFO  : Ryuk started - will monitor and terminate Testcontainers containers on JVM exit
2022-10-14 05:56:08 [Test worker] INFO  : Checking the system...
2022-10-14 05:56:08 [Test worker] INFO  : ✔︎ Docker server version should be at least 1.6.0
2022-10-14 05:56:08 [Test worker] INFO  : HOSTNAME_EXTERNAL environment variable set to localhost (to match host-routable address for container)
2022-10-14 05:56:08 [Test worker] INFO  : Creating container for image: localstack/localstack:1.0.0
2022-10-14 05:56:08 [Test worker] INFO  : Container localstack/localstack:1.0.0 is starting: 82017eee0c9f9f34df677ac64395d458e4ac0150bf5c9e138979cac795ee4d79
2022-10-14 05:57:09 [Test worker] ERROR : Could not start container
org.testcontainers.containers.ContainerLaunchException: Timed out waiting for log output matching '.*Ready\.
'
	at org.testcontainers.containers.wait.strategy.LogMessageWaitStrategy.waitUntilReady(LogMessageWaitStrategy.java:47)
	at org.testcontainers.containers.wait.strategy.AbstractWaitStrategy.waitUntilReady(AbstractWaitStrategy.java:52)
	at org.testcontainers.containers.GenericContainer.waitUntilContainerStarted(GenericContainer.java:953)
	at org.testcontainers.containers.GenericContainer.tryStart(GenericContainer.java:485)
	at org.testcontainers.containers.GenericContainer.lambda$doStart$0(GenericContainer.java:344)
	at org.rnorth.ducttape.unreliables.Unreliables.retryUntilSuccess(Unreliables.java:81)
	at org.testcontainers.containers.GenericContainer.doStart(GenericContainer.java:334)
	at org.testcontainers.containers.GenericContainer.start(GenericContainer.java:322)
	at com.epam.training.microservicefoundation.resourceservice.repository.s3storage.CloudStorageExtension.beforeAll(CloudStorageExtension.java:32)
	at org.junit.jupiter.engine.descriptor.ClassBasedTestDescriptor.lambda$invokeBeforeAllCallbacks$10(ClassBasedTestDescriptor.java:381)
	at org.junit.platform.engine.support.hierarchical.ThrowableCollector.execute(ThrowableCollector.java:73)
	at org.junit.jupiter.engine.descriptor.ClassBasedTestDescriptor.invokeBeforeAllCallbacks(ClassBasedTestDescriptor.java:381)
	at org.junit.jupiter.engine.descriptor.ClassBasedTestDescriptor.before(ClassBasedTestDescriptor.java:205)
	at org.junit.jupiter.engine.descriptor.ClassBasedTestDescriptor.before(ClassBasedTestDescriptor.java:80)
	at org.junit.platform.engine.support.hierarchical.NodeTestTask.lambda$executeRecursively$6(NodeTestTask.java:148)
	at org.junit.platform.engine.support.hierarchical.ThrowableCollector.execute(ThrowableCollector.java:73)
	at org.junit.platform.engine.support.hierarchical.NodeTestTask.lambda$executeRecursively$8(NodeTestTask.java:141)
	at org.junit.platform.engine.support.hierarchical.Node.around(Node.java:137)
	at org.junit.platform.engine.support.hierarchical.NodeTestTask.lambda$executeRecursively$9(NodeTestTask.java:139)
	at org.junit.platform.engine.support.hierarchical.ThrowableCollector.execute(ThrowableCollector.java:73)
	at org.junit.platform.engine.support.hierarchical.NodeTestTask.executeRecursively(NodeTestTask.java:138)
	at org.junit.platform.engine.support.hierarchical.NodeTestTask.execute(NodeTestTask.java:95)
	at java.base/java.util.ArrayList.forEach(ArrayList.java:1541)
	at org.junit.platform.engine.support.hierarchical.SameThreadHierarchicalTestExecutorService.invokeAll(SameThreadHierarchicalTestExecutorService.java:41)
	at org.junit.platform.engine.support.hierarchical.NodeTestTask.lambda$executeRecursively$6(NodeTestTask.java:155)
	at org.junit.platform.engine.support.hierarchical.ThrowableCollector.execute(ThrowableCollector.java:73)
	at org.junit.platform.engine.support.hierarchical.NodeTestTask.lambda$executeRecursively$8(NodeTestTask.java:141)
	at org.junit.platform.engine.support.hierarchical.Node.around(Node.java:137)
	at org.junit.platform.engine.support.hierarchical.NodeTestTask.lambda$executeRecursively$9(NodeTestTask.java:139)
	at org.junit.platform.engine.support.hierarchical.ThrowableCollector.execute(ThrowableCollector.java:73)
	at org.junit.platform.engine.support.hierarchical.NodeTestTask.executeRecursively(NodeTestTask.java:138)
	at org.junit.platform.engine.support.hierarchical.NodeTestTask.execute(NodeTestTask.java:95)
	at org.junit.platform.engine.support.hierarchical.SameThreadHierarchicalTestExecutorService.submit(SameThreadHierarchicalTestExecutorService.java:35)
	at org.junit.platform.engine.support.hierarchical.HierarchicalTestExecutor.execute(HierarchicalTestExecutor.java:57)
	at org.junit.platform.engine.support.hierarchical.HierarchicalTestEngine.execute(HierarchicalTestEngine.java:54)
	at org.junit.platform.launcher.core.EngineExecutionOrchestrator.execute(EngineExecutionOrchestrator.java:108)
	at org.junit.platform.launcher.core.EngineExecutionOrchestrator.execute(EngineExecutionOrchestrator.java:88)
	at org.junit.platform.launcher.core.EngineExecutionOrchestrator.lambda$execute$0(EngineExecutionOrchestrator.java:54)
	at org.junit.platform.launcher.core.EngineExecutionOrchestrator.withInterceptedStreams(EngineExecutionOrchestrator.java:67)
	at org.junit.platform.launcher.core.EngineExecutionOrchestrator.execute(EngineExecutionOrchestrator.java:52)
	at org.junit.platform.launcher.core.DefaultLauncher.execute(DefaultLauncher.java:96)
	at org.junit.platform.launcher.core.DefaultLauncher.execute(DefaultLauncher.java:75)
	at org.gradle.api.internal.tasks.testing.junitplatform.JUnitPlatformTestClassProcessor$CollectAllTestClassesExecutor.processAllTestClasses(JUnitPlatformTestClassProcessor.java:99)
	at org.gradle.api.internal.tasks.testing.junitplatform.JUnitPlatformTestClassProcessor$CollectAllTestClassesExecutor.access$000(JUnitPlatformTestClassProcessor.java:79)
	at org.gradle.api.internal.tasks.testing.junitplatform.JUnitPlatformTestClassProcessor.stop(JUnitPlatformTestClassProcessor.java:75)
	at org.gradle.api.internal.tasks.testing.SuiteTestClassProcessor.stop(SuiteTestClassProcessor.java:61)
	at java.base/jdk.internal.reflect.NativeMethodAccessorImpl.invoke0(Native Method)
	at java.base/jdk.internal.reflect.NativeMethodAccessorImpl.invoke(NativeMethodAccessorImpl.java:62)
	at java.base/jdk.internal.reflect.DelegatingMethodAccessorImpl.invoke(DelegatingMethodAccessorImpl.java:43)
	at java.base/java.lang.reflect.Method.invoke(Method.java:566)
	at org.gradle.internal.dispatch.ReflectionDispatch.dispatch(ReflectionDispatch.java:36)
	at org.gradle.internal.dispatch.ReflectionDispatch.dispatch(ReflectionDispatch.java:24)
	at org.gradle.internal.dispatch.ContextClassLoaderDispatch.dispatch(ContextClassLoaderDispatch.java:33)
	at org.gradle.internal.dispatch.ProxyDispatchAdapter$DispatchingInvocationHandler.invoke(ProxyDispatchAdapter.java:94)
	at com.sun.proxy.$Proxy2.stop(Unknown Source)
	at org.gradle.api.internal.tasks.testing.worker.TestWorker$3.run(TestWorker.java:193)
	at org.gradle.api.internal.tasks.testing.worker.TestWorker.executeAndMaintainThreadName(TestWorker.java:129)
	at org.gradle.api.internal.tasks.testing.worker.TestWorker.execute(TestWorker.java:100)
	at org.gradle.api.internal.tasks.testing.worker.TestWorker.execute(TestWorker.java:60)
	at org.gradle.process.internal.worker.child.ActionExecutionWorker.execute(ActionExecutionWorker.java:56)
	at org.gradle.process.internal.worker.child.SystemApplicationClassLoaderWorker.call(SystemApplicationClassLoaderWorker.java:133)
	at org.gradle.process.internal.worker.child.SystemApplicationClassLoaderWorker.call(SystemApplicationClassLoaderWorker.java:71)
	at worker.org.gradle.process.internal.worker.GradleWorkerMain.run(GradleWorkerMain.java:69)
	at worker.org.gradle.process.internal.worker.GradleWorkerMain.main(GradleWorkerMain.java:74)
2022-10-14 05:57:09 [Test worker] ERROR : Log output from the failed container:
Waiting for all LocalStack services to be ready
2022-10-14 00:56:09,422 CRIT Supervisor is running as root.  Privileges were not dropped because no user is specified in the config file.  If you intend to run as root, you can set user=root in the config file to avoid this message.
2022-10-14 00:56:09,424 INFO supervisord started with pid 16
2022-10-14 00:56:10,427 INFO spawned: 'infra' with pid 21
SERVICES variable is ignored if EAGER_SERVICE_LOADING=0.
2022-10-14 00:56:11,740 INFO success: infra entered RUNNING state, process has stayed up for > than 1 seconds (startsecs)

LocalStack version: 1.0.0
LocalStack Docker container id: 82017eee0c9f
LocalStack build date: 2022-07-13
LocalStack build git hash: cf26bd91

Waiting for all LocalStack services to be ready
Waiting for all LocalStack services to be ready
2022-10-14T00:56:26.744  INFO --- [  MainThread] localstack.utils.bootstrap : Execution of "start_runtime_components" took 14877.66ms
Error starting infrastructure: gave up waiting for edge server on 0.0.0.0:4566 Traceback (most recent call last):
  File "/opt/code/localstack/localstack/services/infra.py", line 419, in start_infra
    thread = do_start_infra(asynchronous, apis, is_in_docker)
  File "/opt/code/localstack/localstack/services/infra.py", line 521, in do_start_infra
    thread = start_runtime_components()
  File "/opt/code/localstack/localstack/utils/bootstrap.py", line 77, in wrapped
    return f(*args, **kwargs)
  File "/opt/code/localstack/localstack/services/infra.py", line 513, in start_runtime_components
    raise TimeoutError(
TimeoutError: gave up waiting for edge server on 0.0.0.0:4566

Traceback (most recent call last):
  File "/usr/local/lib/python3.10/runpy.py", line 196, in _run_module_as_main
    return _run_code(code, main_globals, None,
  File "/usr/local/lib/python3.10/runpy.py", line 86, in _run_code
    exec(code, run_globals)
  File "/opt/code/localstack/localstack/cli/main.py", line 10, in <module>
    main()
  File "/opt/code/localstack/localstack/cli/main.py", line 6, in main
    cli()
  File "/opt/code/localstack/localstack/cli/plugin.py", line 15, in __call__
    self.group(*args, **kwargs)
  File "/opt/code/localstack/.venv/lib/python3.10/site-packages/click/core.py", line 1130, in __call__
    return self.main(*args, **kwargs)
  File "/opt/code/localstack/.venv/lib/python3.10/site-packages/click/core.py", line 1055, in main
    rv = self.invoke(ctx)
  File "/opt/code/localstack/.venv/lib/python3.10/site-packages/click/core.py", line 1657, in invoke
    return _process_result(sub_ctx.command.invoke(sub_ctx))
  File "/opt/code/localstack/.venv/lib/python3.10/site-packages/click/core.py", line 1404, in invoke
    return ctx.invoke(self.callback, **ctx.params)
  File "/opt/code/localstack/.venv/lib/python3.10/site-packages/click/core.py", line 760, in invoke
    return __callback(*args, **kwargs)
  File "/opt/code/localstack/localstack/utils/analytics/cli.py", line 66, in publisher_wrapper
    return fn(*args, **kwargs)
  File "/opt/code/localstack/localstack/cli/localstack.py", line 148, in cmd_start
    bootstrap.start_infra_locally()
  File "/opt/code/localstack/localstack/utils/bootstrap.py", line 260, in start_infra_locally
    return infra.start_infra()
  File "/opt/code/localstack/localstack/services/infra.py", line 433, in start_infra
    raise e
  File "/opt/code/localstack/localstack/services/infra.py", line 419, in start_infra
    thread = do_start_infra(asynchronous, apis, is_in_docker)
  File "/opt/code/localstack/localstack/services/infra.py", line 521, in do_start_infra
    thread = start_runtime_components()
  File "/opt/code/localstack/localstack/utils/bootstrap.py", line 77, in wrapped
    return f(*args, **kwargs)
  File "/opt/code/localstack/localstack/services/infra.py", line 513, in start_runtime_components
    raise TimeoutError(
TimeoutError: gave up waiting for edge server on 0.0.0.0:4566
2022-10-14 00:56:26,987 INFO exited: infra (exit status 1; not expected)
2022-10-14 00:56:27,995 INFO spawned: 'infra' with pid 150
SERVICES variable is ignored if EAGER_SERVICE_LOADING=0.
2022-10-14 00:56:29,242 INFO success: infra entered RUNNING state, process has stayed up for > than 1 seconds (startsecs)

LocalStack version: 1.0.0
LocalStack Docker container id: 82017eee0c9f
LocalStack build date: 2022-07-13
LocalStack build git hash: cf26bd91

Waiting for all LocalStack services to be ready
Waiting for all LocalStack services to be ready
Waiting for all LocalStack services to be ready
2022-10-14T00:56:44.263  INFO --- [  MainThread] localstack.utils.bootstrap : Execution of "start_runtime_components" took 14863.17ms
Error starting infrastructure: gave up waiting for edge server on 0.0.0.0:4566 Traceback (most recent call last):
  File "/opt/code/localstack/localstack/services/infra.py", line 419, in start_infra
    thread = do_start_infra(asynchronous, apis, is_in_docker)
  File "/opt/code/localstack/localstack/services/infra.py", line 521, in do_start_infra
    thread = start_runtime_components()
  File "/opt/code/localstack/localstack/utils/bootstrap.py", line 77, in wrapped
    return f(*args, **kwargs)
  File "/opt/code/localstack/localstack/services/infra.py", line 513, in start_runtime_components
    raise TimeoutError(
TimeoutError: gave up waiting for edge server on 0.0.0.0:4566

Traceback (most recent call last):
  File "/usr/local/lib/python3.10/runpy.py", line 196, in _run_module_as_main
    return _run_code(code, main_globals, None,
  File "/usr/local/lib/python3.10/runpy.py", line 86, in _run_code
    exec(code, run_globals)
  File "/opt/code/localstack/localstack/cli/main.py", line 10, in <module>
    main()
  File "/opt/code/localstack/localstack/cli/main.py", line 6, in main
    cli()
  File "/opt/code/localstack/localstack/cli/plugin.py", line 15, in __call__
    self.group(*args, **kwargs)
  File "/opt/code/localstack/.venv/lib/python3.10/site-packages/click/core.py", line 1130, in __call__
    return self.main(*args, **kwargs)
  File "/opt/code/localstack/.venv/lib/python3.10/site-packages/click/core.py", line 1055, in main
    rv = self.invoke(ctx)
  File "/opt/code/localstack/.venv/lib/python3.10/site-packages/click/core.py", line 1657, in invoke
    return _process_result(sub_ctx.command.invoke(sub_ctx))
  File "/opt/code/localstack/.venv/lib/python3.10/site-packages/click/core.py", line 1404, in invoke
    return ctx.invoke(self.callback, **ctx.params)
  File "/opt/code/localstack/.venv/lib/python3.10/site-packages/click/core.py", line 760, in invoke
    return __callback(*args, **kwargs)
  File "/opt/code/localstack/localstack/utils/analytics/cli.py", line 66, in publisher_wrapper
    return fn(*args, **kwargs)
  File "/opt/code/localstack/localstack/cli/localstack.py", line 148, in cmd_start
    bootstrap.start_infra_locally()
  File "/opt/code/localstack/localstack/utils/bootstrap.py", line 260, in start_infra_locally
    return infra.start_infra()
  File "/opt/code/localstack/localstack/services/infra.py", line 433, in start_infra
    raise e
  File "/opt/code/localstack/localstack/services/infra.py", line 419, in start_infra
    thread = do_start_infra(asynchronous, apis, is_in_docker)
  File "/opt/code/localstack/localstack/services/infra.py", line 521, in do_start_infra
    thread = start_runtime_components()
  File "/opt/code/localstack/localstack/utils/bootstrap.py", line 77, in wrapped
    return f(*args, **kwargs)
  File "/opt/code/localstack/localstack/services/infra.py", line 513, in start_runtime_components
    raise TimeoutError(
TimeoutError: gave up waiting for edge server on 0.0.0.0:4566
2022-10-14 00:56:44,473 INFO exited: infra (exit status 1; not expected)
2022-10-14 00:56:45,481 INFO spawned: 'infra' with pid 289
SERVICES variable is ignored if EAGER_SERVICE_LOADING=0.
2022-10-14 00:56:46,696 INFO success: infra entered RUNNING state, process has stayed up for > than 1 seconds (startsecs)

LocalStack version: 1.0.0
LocalStack Docker container id: 82017eee0c9f
LocalStack build date: 2022-07-13
LocalStack build git hash: cf26bd91

Waiting for all LocalStack services to be ready
Waiting for all LocalStack services to be ready
2022-10-14T00:57:01.683  INFO --- [  MainThread] localstack.utils.bootstrap : Execution of "start_runtime_components" took 14893.57ms
Error starting infrastructure: gave up waiting for edge server on 0.0.0.0:4566 Traceback (most recent call last):
  File "/opt/code/localstack/localstack/services/infra.py", line 419, in start_infra
    thread = do_start_infra(asynchronous, apis, is_in_docker)
  File "/opt/code/localstack/localstack/services/infra.py", line 521, in do_start_infra
    thread = start_runtime_components()
  File "/opt/code/localstack/localstack/utils/bootstrap.py", line 77, in wrapped
    return f(*args, **kwargs)
  File "/opt/code/localstack/localstack/services/infra.py", line 513, in start_runtime_components
    raise TimeoutError(
TimeoutError: gave up waiting for edge server on 0.0.0.0:4566

Traceback (most recent call last):
  File "/usr/local/lib/python3.10/runpy.py", line 196, in _run_module_as_main
    return _run_code(code, main_globals, None,
  File "/usr/local/lib/python3.10/runpy.py", line 86, in _run_code
    exec(code, run_globals)
  File "/opt/code/localstack/localstack/cli/main.py", line 10, in <module>
    main()
  File "/opt/code/localstack/localstack/cli/main.py", line 6, in main
    cli()
  File "/opt/code/localstack/localstack/cli/plugin.py", line 15, in __call__
    self.group(*args, **kwargs)
  File "/opt/code/localstack/.venv/lib/python3.10/site-packages/click/core.py", line 1130, in __call__
    return self.main(*args, **kwargs)
  File "/opt/code/localstack/.venv/lib/python3.10/site-packages/click/core.py", line 1055, in main
    rv = self.invoke(ctx)
  File "/opt/code/localstack/.venv/lib/python3.10/site-packages/click/core.py", line 1657, in invoke
    return _process_result(sub_ctx.command.invoke(sub_ctx))
  File "/opt/code/localstack/.venv/lib/python3.10/site-packages/click/core.py", line 1404, in invoke
    return ctx.invoke(self.callback, **ctx.params)
  File "/opt/code/localstack/.venv/lib/python3.10/site-packages/click/core.py", line 760, in invoke
    return __callback(*args, **kwargs)
  File "/opt/code/localstack/localstack/utils/analytics/cli.py", line 66, in publisher_wrapper
    return fn(*args, **kwargs)
  File "/opt/code/localstack/localstack/cli/localstack.py", line 148, in cmd_start
    bootstrap.start_infra_locally()
  File "/opt/code/localstack/localstack/utils/bootstrap.py", line 260, in start_infra_locally
    return infra.start_infra()
  File "/opt/code/localstack/localstack/services/infra.py", line 433, in start_infra
    raise e
  File "/opt/code/localstack/localstack/services/infra.py", line 419, in start_infra
    thread = do_start_infra(asynchronous, apis, is_in_docker)
  File "/opt/code/localstack/localstack/services/infra.py", line 521, in do_start_infra
    thread = start_runtime_components()
  File "/opt/code/localstack/localstack/utils/bootstrap.py", line 77, in wrapped
    return f(*args, **kwargs)
  File "/opt/code/localstack/localstack/services/infra.py", line 513, in start_runtime_components
    raise TimeoutError(
TimeoutError: gave up waiting for edge server on 0.0.0.0:4566
2022-10-14 00:57:01,890 INFO exited: infra (exit status 1; not expected)
2022-10-14 00:57:02,898 INFO spawned: 'infra' with pid 416
SERVICES variable is ignored if EAGER_SERVICE_LOADING=0.
2022-10-14 00:57:04,113 INFO success: infra entered RUNNING state, process has stayed up for > than 1 seconds (startsecs)

LocalStack version: 1.0.0
LocalStack Docker container id: 82017eee0c9f
LocalStack build date: 2022-07-13
LocalStack build git hash: cf26bd91

Waiting for all LocalStack services to be ready

2022-10-14 08:31:07 [Test worker] INFO  : Image name substitution will be performed by: DefaultImageNameSubstitutor (composite of 'ConfigurationFileImageNameSubstitutor' and 'PrefixingImageNameSubstitutor')
2022-10-14 08:31:07 [Test worker] INFO  : Loaded org.testcontainers.dockerclient.UnixSocketClientProviderStrategy from ~/.testcontainers.properties, will try it first
2022-10-14 08:31:09 [Test worker] INFO  : Found Docker environment with local Unix socket (unix:///var/run/docker.sock)
2022-10-14 08:31:09 [Test worker] INFO  : Docker host IP address is localhost
2022-10-14 08:31:09 [Test worker] INFO  : Connected to docker: 
  Server Version: 20.10.17
  API Version: 1.41
  Operating System: Docker Desktop
  Total Memory: 10215 MB
2022-10-14 08:31:09 [Test worker] INFO  : Creating container for image: testcontainers/ryuk:0.3.4
2022-10-14 08:31:09 [Test worker] INFO  : Credential helper/store (docker-credential-desktop) does not have credentials for https://index.docker.io/v1/
2022-10-14 08:31:09 [Test worker] INFO  : Container testcontainers/ryuk:0.3.4 is starting: af199fcb6446b0fa40bc00590879a7c49bf0bf1350103a42553d76533fa1fb96
2022-10-14 08:31:10 [Test worker] INFO  : Container testcontainers/ryuk:0.3.4 started in PT0.563649S
2022-10-14 08:31:10 [Test worker] INFO  : Ryuk started - will monitor and terminate Testcontainers containers on JVM exit
2022-10-14 08:31:10 [Test worker] INFO  : Checking the system...
2022-10-14 08:31:10 [Test worker] INFO  : ✔︎ Docker server version should be at least 1.6.0
2022-10-14 08:31:10 [Test worker] INFO  : HOSTNAME_EXTERNAL environment variable set to localhost (to match host-routable address for container)
2022-10-14 08:31:10 [Test worker] INFO  : Creating container for image: localstack/localstack:1.0.0
2022-10-14 08:31:10 [Test worker] INFO  : Container localstack/localstack:1.0.0 is starting: c6ae376afa36f9ba5b4f3b45717b0dd3d18c5e747e7041fc3f25d91a692a8c09
2022-10-14 08:31:14 [Test worker] INFO  : Container localstack/localstack:1.0.0 started in PT4.498489S
2022-10-14 08:34:38 [Test worker] INFO  : Image name substitution will be performed by: DefaultImageNameSubstitutor (composite of 'ConfigurationFileImageNameSubstitutor' and 'PrefixingImageNameSubstitutor')
2022-10-14 08:34:38 [Test worker] INFO  : Loaded org.testcontainers.dockerclient.UnixSocketClientProviderStrategy from ~/.testcontainers.properties, will try it first
2022-10-14 08:34:39 [Test worker] INFO  : Found Docker environment with local Unix socket (unix:///var/run/docker.sock)
2022-10-14 08:34:39 [Test worker] INFO  : Docker host IP address is localhost
2022-10-14 08:34:39 [Test worker] INFO  : Connected to docker: 
  Server Version: 20.10.17
  API Version: 1.41
  Operating System: Docker Desktop
  Total Memory: 10215 MB
2022-10-14 08:34:39 [Test worker] INFO  : Creating container for image: testcontainers/ryuk:0.3.4
2022-10-14 08:34:39 [Test worker] INFO  : Credential helper/store (docker-credential-desktop) does not have credentials for https://index.docker.io/v1/
2022-10-14 08:34:39 [Test worker] INFO  : Container testcontainers/ryuk:0.3.4 is starting: 43dd1f6437c99e1c9f0797d8f7970355e892dd15e3df0b4803a9b219cd21d037
2022-10-14 08:34:40 [Test worker] INFO  : Container testcontainers/ryuk:0.3.4 started in PT0.541075S
2022-10-14 08:34:40 [Test worker] INFO  : Ryuk started - will monitor and terminate Testcontainers containers on JVM exit
2022-10-14 08:34:40 [Test worker] INFO  : Checking the system...
2022-10-14 08:34:40 [Test worker] INFO  : ✔︎ Docker server version should be at least 1.6.0
2022-10-14 08:34:40 [Test worker] INFO  : HOSTNAME_EXTERNAL environment variable set to localhost (to match host-routable address for container)
2022-10-14 08:34:40 [Test worker] INFO  : Creating container for image: localstack/localstack:1.0.0
2022-10-14 08:34:40 [Test worker] INFO  : Container localstack/localstack:1.0.0 is starting: e6a7dc6449ff899bce1c036433d4af6193d22559920e3be1a160b60861a942bb
2022-10-14 08:34:44 [Test worker] INFO  : Container localstack/localstack:1.0.0 started in PT4.160818S
2022-10-14 08:35:40 [Test worker] INFO  : Image name substitution will be performed by: DefaultImageNameSubstitutor (composite of 'ConfigurationFileImageNameSubstitutor' and 'PrefixingImageNameSubstitutor')
2022-10-14 08:35:40 [Test worker] INFO  : Loaded org.testcontainers.dockerclient.UnixSocketClientProviderStrategy from ~/.testcontainers.properties, will try it first
2022-10-14 08:35:42 [Test worker] INFO  : Found Docker environment with local Unix socket (unix:///var/run/docker.sock)
2022-10-14 08:35:42 [Test worker] INFO  : Docker host IP address is localhost
2022-10-14 08:35:42 [Test worker] INFO  : Connected to docker: 
  Server Version: 20.10.17
  API Version: 1.41
  Operating System: Docker Desktop
  Total Memory: 10215 MB
2022-10-14 08:35:42 [Test worker] INFO  : Creating container for image: testcontainers/ryuk:0.3.4
2022-10-14 08:35:42 [Test worker] INFO  : Credential helper/store (docker-credential-desktop) does not have credentials for https://index.docker.io/v1/
2022-10-14 08:35:42 [Test worker] INFO  : Container testcontainers/ryuk:0.3.4 is starting: bc198aca2bbde3b264dcec750d0bfd3197adc8f07f44d970bd44e8dbb94ad2b3
2022-10-14 08:35:42 [Test worker] INFO  : Container testcontainers/ryuk:0.3.4 started in PT0.710247S
2022-10-14 08:35:42 [Test worker] INFO  : Ryuk started - will monitor and terminate Testcontainers containers on JVM exit
2022-10-14 08:35:42 [Test worker] INFO  : Checking the system...
2022-10-14 08:35:42 [Test worker] INFO  : ✔︎ Docker server version should be at least 1.6.0
2022-10-14 08:35:42 [Test worker] INFO  : HOSTNAME_EXTERNAL environment variable set to localhost (to match host-routable address for container)
2022-10-14 08:35:42 [Test worker] INFO  : Creating container for image: localstack/localstack:1.0.0
2022-10-14 08:35:43 [Test worker] INFO  : Container localstack/localstack:1.0.0 is starting: c65ebfe6efd0d14929e6c5e938df6311d48d123cdcdf50295ae2483bbaa1c71e
2022-10-14 08:35:47 [Test worker] INFO  : Container localstack/localstack:1.0.0 started in PT4.213088S
2022-10-14 08:37:41 [Test worker] INFO  : Could not detect default resource locations for test class [com.epam.training.microservicefoundation.resourceservice.repository.s3storage.CloudStorageRepositoryTest]: no resource found for suffixes {-context.xml, Context.groovy}.
2022-10-14 08:37:41 [Test worker] INFO  : Loaded default TestExecutionListener class names from location [META-INF/spring.factories]: [org.springframework.boot.test.autoconfigure.restdocs.RestDocsTestExecutionListener, org.springframework.boot.test.autoconfigure.web.client.MockRestServiceServerResetTestExecutionListener, org.springframework.boot.test.autoconfigure.web.servlet.MockMvcPrintOnlyOnFailureTestExecutionListener, org.springframework.boot.test.autoconfigure.web.servlet.WebDriverTestExecutionListener, org.springframework.boot.test.autoconfigure.webservices.client.MockWebServiceServerTestExecutionListener, org.springframework.boot.test.mock.mockito.MockitoTestExecutionListener, org.springframework.boot.test.mock.mockito.ResetMocksTestExecutionListener, org.springframework.test.context.web.ServletTestExecutionListener, org.springframework.test.context.support.DirtiesContextBeforeModesTestExecutionListener, org.springframework.test.context.event.ApplicationEventsTestExecutionListener, org.springframework.test.context.support.DependencyInjectionTestExecutionListener, org.springframework.test.context.support.DirtiesContextTestExecutionListener, org.springframework.test.context.transaction.TransactionalTestExecutionListener, org.springframework.test.context.jdbc.SqlScriptsTestExecutionListener, org.springframework.test.context.event.EventPublishingTestExecutionListener]
2022-10-14 08:37:41 [Test worker] INFO  : Using TestExecutionListeners: [org.springframework.test.context.web.ServletTestExecutionListener@5649ec46, org.springframework.test.context.support.DirtiesContextBeforeModesTestExecutionListener@78dc4696, org.springframework.test.context.event.ApplicationEventsTestExecutionListener@502f8b57, org.springframework.boot.test.mock.mockito.MockitoTestExecutionListener@5652f555, org.springframework.boot.test.autoconfigure.SpringBootDependencyInjectionTestExecutionListener@4fe01805, org.springframework.test.context.support.DirtiesContextTestExecutionListener@55120f99, org.springframework.test.context.transaction.TransactionalTestExecutionListener@794b435f, org.springframework.test.context.jdbc.SqlScriptsTestExecutionListener@38f2e97e, org.springframework.test.context.event.EventPublishingTestExecutionListener@779dfe55, org.springframework.boot.test.autoconfigure.restdocs.RestDocsTestExecutionListener@323659f8, org.springframework.boot.test.autoconfigure.web.client.MockRestServiceServerResetTestExecutionListener@1144a55a, org.springframework.boot.test.autoconfigure.web.servlet.MockMvcPrintOnlyOnFailureTestExecutionListener@3e521715, org.springframework.boot.test.autoconfigure.web.servlet.WebDriverTestExecutionListener@26a529dc, org.springframework.boot.test.autoconfigure.webservices.client.MockWebServiceServerTestExecutionListener@265c5d69, org.springframework.boot.test.mock.mockito.ResetMocksTestExecutionListener@1286528d]
2022-10-14 08:37:41 [Test worker] INFO  : Image name substitution will be performed by: DefaultImageNameSubstitutor (composite of 'ConfigurationFileImageNameSubstitutor' and 'PrefixingImageNameSubstitutor')
2022-10-14 08:37:41 [Test worker] INFO  : Loaded org.testcontainers.dockerclient.UnixSocketClientProviderStrategy from ~/.testcontainers.properties, will try it first
2022-10-14 08:37:42 [Test worker] INFO  : Found Docker environment with local Unix socket (unix:///var/run/docker.sock)
2022-10-14 08:37:42 [Test worker] INFO  : Docker host IP address is localhost
2022-10-14 08:37:42 [Test worker] INFO  : Connected to docker: 
  Server Version: 20.10.17
  API Version: 1.41
  Operating System: Docker Desktop
  Total Memory: 10215 MB
2022-10-14 08:37:42 [Test worker] INFO  : Creating container for image: testcontainers/ryuk:0.3.4
2022-10-14 08:37:43 [Test worker] INFO  : Credential helper/store (docker-credential-desktop) does not have credentials for https://index.docker.io/v1/
2022-10-14 08:37:43 [Test worker] INFO  : Container testcontainers/ryuk:0.3.4 is starting: 5801b4c3c68cefd8e3914de37668759a47fd6f535871df6028677350b0f4c8e6
2022-10-14 08:37:43 [Test worker] INFO  : Container testcontainers/ryuk:0.3.4 started in PT0.557006S
2022-10-14 08:37:43 [Test worker] INFO  : Ryuk started - will monitor and terminate Testcontainers containers on JVM exit
2022-10-14 08:37:43 [Test worker] INFO  : Checking the system...
2022-10-14 08:37:43 [Test worker] INFO  : ✔︎ Docker server version should be at least 1.6.0
2022-10-14 08:37:43 [Test worker] INFO  : HOSTNAME_EXTERNAL environment variable set to localhost (to match host-routable address for container)
2022-10-14 08:37:43 [Test worker] INFO  : Creating container for image: localstack/localstack:1.0.0
2022-10-14 08:37:44 [Test worker] INFO  : Container localstack/localstack:1.0.0 is starting: a791539f0e79588371057176add8fe953bffabf397bc79c75799f34f02bcc4e9
2022-10-14 08:37:48 [Test worker] INFO  : Container localstack/localstack:1.0.0 started in PT4.468292S
2022-10-14 08:37:50 [Test worker] INFO  : Starting CloudStorageRepositoryTest using Java 11.0.16 on EPUZTASW007D with PID 4831 (started by Yusuf_Murodov in /Users/Yusuf_Murodov/Local/epam/traning/microservice-foundation/resource-service)
2022-10-14 08:37:50 [Test worker] INFO  : No active profile set, falling back to 1 default profile: "default"
2022-10-14 08:37:51 [Test worker] INFO  : Started CloudStorageRepositoryTest in 1.34 seconds (JVM running for 10.937)
2022-10-14 08:37:51 [Test worker] INFO  : Uploading file 'mpthreetest.mp3' to bucket 'com.epam.training.microservicefoundation.resourceservice.configuration.AwsS3Configuration$$EnhancerBySpringCGLIB$$94a40ddb@4b9fa2f'
2022-10-14 08:38:10 [Test worker] INFO  : Could not detect default resource locations for test class [com.epam.training.microservicefoundation.resourceservice.repository.s3storage.CloudStorageRepositoryTest]: no resource found for suffixes {-context.xml, Context.groovy}.
2022-10-14 08:38:10 [Test worker] INFO  : Loaded default TestExecutionListener class names from location [META-INF/spring.factories]: [org.springframework.boot.test.autoconfigure.restdocs.RestDocsTestExecutionListener, org.springframework.boot.test.autoconfigure.web.client.MockRestServiceServerResetTestExecutionListener, org.springframework.boot.test.autoconfigure.web.servlet.MockMvcPrintOnlyOnFailureTestExecutionListener, org.springframework.boot.test.autoconfigure.web.servlet.WebDriverTestExecutionListener, org.springframework.boot.test.autoconfigure.webservices.client.MockWebServiceServerTestExecutionListener, org.springframework.boot.test.mock.mockito.MockitoTestExecutionListener, org.springframework.boot.test.mock.mockito.ResetMocksTestExecutionListener, org.springframework.test.context.web.ServletTestExecutionListener, org.springframework.test.context.support.DirtiesContextBeforeModesTestExecutionListener, org.springframework.test.context.event.ApplicationEventsTestExecutionListener, org.springframework.test.context.support.DependencyInjectionTestExecutionListener, org.springframework.test.context.support.DirtiesContextTestExecutionListener, org.springframework.test.context.transaction.TransactionalTestExecutionListener, org.springframework.test.context.jdbc.SqlScriptsTestExecutionListener, org.springframework.test.context.event.EventPublishingTestExecutionListener]
2022-10-14 08:38:10 [Test worker] INFO  : Using TestExecutionListeners: [org.springframework.test.context.web.ServletTestExecutionListener@3887cf88, org.springframework.test.context.support.DirtiesContextBeforeModesTestExecutionListener@5649ec46, org.springframework.test.context.event.ApplicationEventsTestExecutionListener@78dc4696, org.springframework.boot.test.mock.mockito.MockitoTestExecutionListener@502f8b57, org.springframework.boot.test.autoconfigure.SpringBootDependencyInjectionTestExecutionListener@5652f555, org.springframework.test.context.support.DirtiesContextTestExecutionListener@4fe01805, org.springframework.test.context.transaction.TransactionalTestExecutionListener@55120f99, org.springframework.test.context.jdbc.SqlScriptsTestExecutionListener@794b435f, org.springframework.test.context.event.EventPublishingTestExecutionListener@38f2e97e, org.springframework.boot.test.autoconfigure.restdocs.RestDocsTestExecutionListener@779dfe55, org.springframework.boot.test.autoconfigure.web.client.MockRestServiceServerResetTestExecutionListener@323659f8, org.springframework.boot.test.autoconfigure.web.servlet.MockMvcPrintOnlyOnFailureTestExecutionListener@1144a55a, org.springframework.boot.test.autoconfigure.web.servlet.WebDriverTestExecutionListener@3e521715, org.springframework.boot.test.autoconfigure.webservices.client.MockWebServiceServerTestExecutionListener@26a529dc, org.springframework.boot.test.mock.mockito.ResetMocksTestExecutionListener@265c5d69]
2022-10-14 08:38:10 [Test worker] INFO  : Image name substitution will be performed by: DefaultImageNameSubstitutor (composite of 'ConfigurationFileImageNameSubstitutor' and 'PrefixingImageNameSubstitutor')
2022-10-14 08:38:11 [Test worker] INFO  : Loaded org.testcontainers.dockerclient.UnixSocketClientProviderStrategy from ~/.testcontainers.properties, will try it first
2022-10-14 08:38:11 [Test worker] INFO  : Found Docker environment with local Unix socket (unix:///var/run/docker.sock)
2022-10-14 08:38:11 [Test worker] INFO  : Docker host IP address is localhost
2022-10-14 08:38:11 [Test worker] INFO  : Connected to docker: 
  Server Version: 20.10.17
  API Version: 1.41
  Operating System: Docker Desktop
  Total Memory: 10215 MB
2022-10-14 08:38:11 [Test worker] INFO  : Creating container for image: testcontainers/ryuk:0.3.4
2022-10-14 08:38:12 [Test worker] INFO  : Credential helper/store (docker-credential-desktop) does not have credentials for https://index.docker.io/v1/
2022-10-14 08:38:12 [Test worker] INFO  : Container testcontainers/ryuk:0.3.4 is starting: 67d9c6a567df61b272511696f477e2df7053162dbbe0a02828ef1f3b1b875a2d
2022-10-14 08:38:12 [Test worker] INFO  : Container testcontainers/ryuk:0.3.4 started in PT0.559283S
2022-10-14 08:38:12 [Test worker] INFO  : Ryuk started - will monitor and terminate Testcontainers containers on JVM exit
2022-10-14 08:38:12 [Test worker] INFO  : Checking the system...
2022-10-14 08:38:12 [Test worker] INFO  : ✔︎ Docker server version should be at least 1.6.0
2022-10-14 08:38:12 [Test worker] INFO  : HOSTNAME_EXTERNAL environment variable set to localhost (to match host-routable address for container)
2022-10-14 08:38:12 [Test worker] INFO  : Creating container for image: localstack/localstack:1.0.0
2022-10-14 08:38:13 [Test worker] INFO  : Container localstack/localstack:1.0.0 is starting: 5e69da7389ec9ac6065b203e1e73175eda4206e66d146eacfa354caf9e744bbc
2022-10-14 08:38:16 [Test worker] INFO  : Container localstack/localstack:1.0.0 started in PT4.232692S
2022-10-14 08:38:18 [Test worker] INFO  : Starting CloudStorageRepositoryTest using Java 11.0.16 on EPUZTASW007D with PID 4873 (started by Yusuf_Murodov in /Users/Yusuf_Murodov/Local/epam/traning/microservice-foundation/resource-service)
2022-10-14 08:38:18 [Test worker] INFO  : No active profile set, falling back to 1 default profile: "default"
2022-10-14 08:38:19 [Test worker] INFO  : Started CloudStorageRepositoryTest in 0.99 seconds (JVM running for 9.519)
2022-10-14 08:38:19 [Test worker] ERROR : Caught exception while allowing TestExecutionListener [org.springframework.boot.test.autoconfigure.SpringBootDependencyInjectionTestExecutionListener@5652f555] to prepare test instance [com.epam.training.microservicefoundation.resourceservice.repository.s3storage.CloudStorageRepositoryTest@6fbe4800]
org.springframework.beans.factory.UnsatisfiedDependencyException: Error creating bean with name 'com.epam.training.microservicefoundation.resourceservice.repository.s3storage.CloudStorageRepositoryTest': Unsatisfied dependency expressed through field 'repository'; nested exception is org.springframework.beans.factory.NoSuchBeanDefinitionException: No qualifying bean of type 'com.epam.training.microservicefoundation.resourceservice.repository.CloudStorageRepository' available: expected at least 1 bean which qualifies as autowire candidate. Dependency annotations: {@org.springframework.beans.factory.annotation.Autowired(required=true)}
	at org.springframework.beans.factory.annotation.AutowiredAnnotationBeanPostProcessor$AutowiredFieldElement.resolveFieldValue(AutowiredAnnotationBeanPostProcessor.java:659)
	at org.springframework.beans.factory.annotation.AutowiredAnnotationBeanPostProcessor$AutowiredFieldElement.inject(AutowiredAnnotationBeanPostProcessor.java:639)
	at org.springframework.beans.factory.annotation.InjectionMetadata.inject(InjectionMetadata.java:119)
	at org.springframework.beans.factory.annotation.AutowiredAnnotationBeanPostProcessor.postProcessProperties(AutowiredAnnotationBeanPostProcessor.java:399)
	at org.springframework.beans.factory.support.AbstractAutowireCapableBeanFactory.populateBean(AbstractAutowireCapableBeanFactory.java:1431)
	at org.springframework.beans.factory.support.AbstractAutowireCapableBeanFactory.autowireBeanProperties(AbstractAutowireCapableBeanFactory.java:417)
	at org.springframework.test.context.support.DependencyInjectionTestExecutionListener.injectDependencies(DependencyInjectionTestExecutionListener.java:119)
	at org.springframework.test.context.support.DependencyInjectionTestExecutionListener.prepareTestInstance(DependencyInjectionTestExecutionListener.java:83)
	at org.springframework.boot.test.autoconfigure.SpringBootDependencyInjectionTestExecutionListener.prepareTestInstance(SpringBootDependencyInjectionTestExecutionListener.java:43)
	at org.springframework.test.context.TestContextManager.prepareTestInstance(TestContextManager.java:248)
	at org.springframework.test.context.junit.jupiter.SpringExtension.postProcessTestInstance(SpringExtension.java:138)
	at org.junit.jupiter.engine.descriptor.ClassBasedTestDescriptor.lambda$invokeTestInstancePostProcessors$8(ClassBasedTestDescriptor.java:363)
	at org.junit.jupiter.engine.descriptor.ClassBasedTestDescriptor.executeAndMaskThrowable(ClassBasedTestDescriptor.java:368)
	at org.junit.jupiter.engine.descriptor.ClassBasedTestDescriptor.lambda$invokeTestInstancePostProcessors$9(ClassBasedTestDescriptor.java:363)
	at java.base/java.util.stream.ReferencePipeline$3$1.accept(ReferencePipeline.java:195)
	at java.base/java.util.stream.ReferencePipeline$2$1.accept(ReferencePipeline.java:177)
	at java.base/java.util.ArrayList$ArrayListSpliterator.forEachRemaining(ArrayList.java:1655)
	at java.base/java.util.stream.AbstractPipeline.copyInto(AbstractPipeline.java:484)
	at java.base/java.util.stream.AbstractPipeline.wrapAndCopyInto(AbstractPipeline.java:474)
	at java.base/java.util.stream.StreamSpliterators$WrappingSpliterator.forEachRemaining(StreamSpliterators.java:312)
	at java.base/java.util.stream.Streams$ConcatSpliterator.forEachRemaining(Streams.java:735)
	at java.base/java.util.stream.Streams$ConcatSpliterator.forEachRemaining(Streams.java:734)
	at java.base/java.util.stream.ReferencePipeline$Head.forEach(ReferencePipeline.java:658)
	at org.junit.jupiter.engine.descriptor.ClassBasedTestDescriptor.invokeTestInstancePostProcessors(ClassBasedTestDescriptor.java:362)
	at org.junit.jupiter.engine.descriptor.ClassBasedTestDescriptor.lambda$instantiateAndPostProcessTestInstance$6(ClassBasedTestDescriptor.java:283)
	at org.junit.platform.engine.support.hierarchical.ThrowableCollector.execute(ThrowableCollector.java:73)
	at org.junit.jupiter.engine.descriptor.ClassBasedTestDescriptor.instantiateAndPostProcessTestInstance(ClassBasedTestDescriptor.java:282)
	at org.junit.jupiter.engine.descriptor.ClassBasedTestDescriptor.lambda$testInstancesProvider$4(ClassBasedTestDescriptor.java:272)
	at java.base/java.util.Optional.orElseGet(Optional.java:369)
	at org.junit.jupiter.engine.descriptor.ClassBasedTestDescriptor.lambda$testInstancesProvider$5(ClassBasedTestDescriptor.java:271)
	at org.junit.jupiter.engine.execution.TestInstancesProvider.getTestInstances(TestInstancesProvider.java:31)
	at org.junit.jupiter.engine.descriptor.TestMethodTestDescriptor.lambda$prepare$0(TestMethodTestDescriptor.java:102)
	at org.junit.platform.engine.support.hierarchical.ThrowableCollector.execute(ThrowableCollector.java:73)
	at org.junit.jupiter.engine.descriptor.TestMethodTestDescriptor.prepare(TestMethodTestDescriptor.java:101)
	at org.junit.jupiter.engine.descriptor.TestMethodTestDescriptor.prepare(TestMethodTestDescriptor.java:66)
	at org.junit.platform.engine.support.hierarchical.NodeTestTask.lambda$prepare$2(NodeTestTask.java:123)
	at org.junit.platform.engine.support.hierarchical.ThrowableCollector.execute(ThrowableCollector.java:73)
	at org.junit.platform.engine.support.hierarchical.NodeTestTask.prepare(NodeTestTask.java:123)
	at org.junit.platform.engine.support.hierarchical.NodeTestTask.execute(NodeTestTask.java:90)
	at java.base/java.util.ArrayList.forEach(ArrayList.java:1541)
	at org.junit.platform.engine.support.hierarchical.SameThreadHierarchicalTestExecutorService.invokeAll(SameThreadHierarchicalTestExecutorService.java:41)
	at org.junit.platform.engine.support.hierarchical.NodeTestTask.lambda$executeRecursively$6(NodeTestTask.java:155)
	at org.junit.platform.engine.support.hierarchical.ThrowableCollector.execute(ThrowableCollector.java:73)
	at org.junit.platform.engine.support.hierarchical.NodeTestTask.lambda$executeRecursively$8(NodeTestTask.java:141)
	at org.junit.platform.engine.support.hierarchical.Node.around(Node.java:137)
	at org.junit.platform.engine.support.hierarchical.NodeTestTask.lambda$executeRecursively$9(NodeTestTask.java:139)
	at org.junit.platform.engine.support.hierarchical.ThrowableCollector.execute(ThrowableCollector.java:73)
	at org.junit.platform.engine.support.hierarchical.NodeTestTask.executeRecursively(NodeTestTask.java:138)
	at org.junit.platform.engine.support.hierarchical.NodeTestTask.execute(NodeTestTask.java:95)
	at java.base/java.util.ArrayList.forEach(ArrayList.java:1541)
	at org.junit.platform.engine.support.hierarchical.SameThreadHierarchicalTestExecutorService.invokeAll(SameThreadHierarchicalTestExecutorService.java:41)
	at org.junit.platform.engine.support.hierarchical.NodeTestTask.lambda$executeRecursively$6(NodeTestTask.java:155)
	at org.junit.platform.engine.support.hierarchical.ThrowableCollector.execute(ThrowableCollector.java:73)
	at org.junit.platform.engine.support.hierarchical.NodeTestTask.lambda$executeRecursively$8(NodeTestTask.java:141)
	at org.junit.platform.engine.support.hierarchical.Node.around(Node.java:137)
	at org.junit.platform.engine.support.hierarchical.NodeTestTask.lambda$executeRecursively$9(NodeTestTask.java:139)
	at org.junit.platform.engine.support.hierarchical.ThrowableCollector.execute(ThrowableCollector.java:73)
	at org.junit.platform.engine.support.hierarchical.NodeTestTask.executeRecursively(NodeTestTask.java:138)
	at org.junit.platform.engine.support.hierarchical.NodeTestTask.execute(NodeTestTask.java:95)
	at org.junit.platform.engine.support.hierarchical.SameThreadHierarchicalTestExecutorService.submit(SameThreadHierarchicalTestExecutorService.java:35)
	at org.junit.platform.engine.support.hierarchical.HierarchicalTestExecutor.execute(HierarchicalTestExecutor.java:57)
	at org.junit.platform.engine.support.hierarchical.HierarchicalTestEngine.execute(HierarchicalTestEngine.java:54)
	at org.junit.platform.launcher.core.EngineExecutionOrchestrator.execute(EngineExecutionOrchestrator.java:108)
	at org.junit.platform.launcher.core.EngineExecutionOrchestrator.execute(EngineExecutionOrchestrator.java:88)
	at org.junit.platform.launcher.core.EngineExecutionOrchestrator.lambda$execute$0(EngineExecutionOrchestrator.java:54)
	at org.junit.platform.launcher.core.EngineExecutionOrchestrator.withInterceptedStreams(EngineExecutionOrchestrator.java:67)
	at org.junit.platform.launcher.core.EngineExecutionOrchestrator.execute(EngineExecutionOrchestrator.java:52)
	at org.junit.platform.launcher.core.DefaultLauncher.execute(DefaultLauncher.java:96)
	at org.junit.platform.launcher.core.DefaultLauncher.execute(DefaultLauncher.java:75)
	at org.gradle.api.internal.tasks.testing.junitplatform.JUnitPlatformTestClassProcessor$CollectAllTestClassesExecutor.processAllTestClasses(JUnitPlatformTestClassProcessor.java:99)
	at org.gradle.api.internal.tasks.testing.junitplatform.JUnitPlatformTestClassProcessor$CollectAllTestClassesExecutor.access$000(JUnitPlatformTestClassProcessor.java:79)
	at org.gradle.api.internal.tasks.testing.junitplatform.JUnitPlatformTestClassProcessor.stop(JUnitPlatformTestClassProcessor.java:75)
	at org.gradle.api.internal.tasks.testing.SuiteTestClassProcessor.stop(SuiteTestClassProcessor.java:61)
	at java.base/jdk.internal.reflect.NativeMethodAccessorImpl.invoke0(Native Method)
	at java.base/jdk.internal.reflect.NativeMethodAccessorImpl.invoke(NativeMethodAccessorImpl.java:62)
	at java.base/jdk.internal.reflect.DelegatingMethodAccessorImpl.invoke(DelegatingMethodAccessorImpl.java:43)
	at java.base/java.lang.reflect.Method.invoke(Method.java:566)
	at org.gradle.internal.dispatch.ReflectionDispatch.dispatch(ReflectionDispatch.java:36)
	at org.gradle.internal.dispatch.ReflectionDispatch.dispatch(ReflectionDispatch.java:24)
	at org.gradle.internal.dispatch.ContextClassLoaderDispatch.dispatch(ContextClassLoaderDispatch.java:33)
	at org.gradle.internal.dispatch.ProxyDispatchAdapter$DispatchingInvocationHandler.invoke(ProxyDispatchAdapter.java:94)
	at com.sun.proxy.$Proxy2.stop(Unknown Source)
	at org.gradle.api.internal.tasks.testing.worker.TestWorker$3.run(TestWorker.java:193)
	at org.gradle.api.internal.tasks.testing.worker.TestWorker.executeAndMaintainThreadName(TestWorker.java:129)
	at org.gradle.api.internal.tasks.testing.worker.TestWorker.execute(TestWorker.java:100)
	at org.gradle.api.internal.tasks.testing.worker.TestWorker.execute(TestWorker.java:60)
	at org.gradle.process.internal.worker.child.ActionExecutionWorker.execute(ActionExecutionWorker.java:56)
	at org.gradle.process.internal.worker.child.SystemApplicationClassLoaderWorker.call(SystemApplicationClassLoaderWorker.java:133)
	at org.gradle.process.internal.worker.child.SystemApplicationClassLoaderWorker.call(SystemApplicationClassLoaderWorker.java:71)
	at worker.org.gradle.process.internal.worker.GradleWorkerMain.run(GradleWorkerMain.java:69)
	at worker.org.gradle.process.internal.worker.GradleWorkerMain.main(GradleWorkerMain.java:74)
Caused by: org.springframework.beans.factory.NoSuchBeanDefinitionException: No qualifying bean of type 'com.epam.training.microservicefoundation.resourceservice.repository.CloudStorageRepository' available: expected at least 1 bean which qualifies as autowire candidate. Dependency annotations: {@org.springframework.beans.factory.annotation.Autowired(required=true)}
	at org.springframework.beans.factory.support.DefaultListableBeanFactory.raiseNoMatchingBeanFound(DefaultListableBeanFactory.java:1801)
	at org.springframework.beans.factory.support.DefaultListableBeanFactory.doResolveDependency(DefaultListableBeanFactory.java:1357)
	at org.springframework.beans.factory.support.DefaultListableBeanFactory.resolveDependency(DefaultListableBeanFactory.java:1311)
	at org.springframework.beans.factory.annotation.AutowiredAnnotationBeanPostProcessor$AutowiredFieldElement.resolveFieldValue(AutowiredAnnotationBeanPostProcessor.java:656)
	... 90 common frames omitted
2022-10-14 08:38:37 [Test worker] INFO  : Neither @ContextConfiguration nor @ContextHierarchy found for test class [com.epam.training.microservicefoundation.resourceservice.repository.s3storage.CloudStorageRepositoryTest], using SpringBootContextLoader
2022-10-14 08:38:37 [Test worker] INFO  : Could not detect default resource locations for test class [com.epam.training.microservicefoundation.resourceservice.repository.s3storage.CloudStorageRepositoryTest]: no resource found for suffixes {-context.xml, Context.groovy}.
2022-10-14 08:38:37 [Test worker] INFO  : Could not detect default configuration classes for test class [com.epam.training.microservicefoundation.resourceservice.repository.s3storage.CloudStorageRepositoryTest]: CloudStorageRepositoryTest does not declare any static, non-private, non-final, nested classes annotated with @Configuration.
2022-10-14 08:38:37 [Test worker] INFO  : Found @SpringBootConfiguration com.epam.training.microservicefoundation.resourceservice.ResourceServiceApplication for test class com.epam.training.microservicefoundation.resourceservice.repository.s3storage.CloudStorageRepositoryTest
2022-10-14 08:38:37 [Test worker] INFO  : Loaded default TestExecutionListener class names from location [META-INF/spring.factories]: [org.springframework.boot.test.autoconfigure.restdocs.RestDocsTestExecutionListener, org.springframework.boot.test.autoconfigure.web.client.MockRestServiceServerResetTestExecutionListener, org.springframework.boot.test.autoconfigure.web.servlet.MockMvcPrintOnlyOnFailureTestExecutionListener, org.springframework.boot.test.autoconfigure.web.servlet.WebDriverTestExecutionListener, org.springframework.boot.test.autoconfigure.webservices.client.MockWebServiceServerTestExecutionListener, org.springframework.boot.test.mock.mockito.MockitoTestExecutionListener, org.springframework.boot.test.mock.mockito.ResetMocksTestExecutionListener, org.springframework.test.context.web.ServletTestExecutionListener, org.springframework.test.context.support.DirtiesContextBeforeModesTestExecutionListener, org.springframework.test.context.event.ApplicationEventsTestExecutionListener, org.springframework.test.context.support.DependencyInjectionTestExecutionListener, org.springframework.test.context.support.DirtiesContextTestExecutionListener, org.springframework.test.context.transaction.TransactionalTestExecutionListener, org.springframework.test.context.jdbc.SqlScriptsTestExecutionListener, org.springframework.test.context.event.EventPublishingTestExecutionListener]
2022-10-14 08:38:37 [Test worker] INFO  : Using TestExecutionListeners: [org.springframework.test.context.web.ServletTestExecutionListener@72458efc, org.springframework.test.context.support.DirtiesContextBeforeModesTestExecutionListener@36bc415e, org.springframework.test.context.event.ApplicationEventsTestExecutionListener@6a74d228, org.springframework.boot.test.mock.mockito.MockitoTestExecutionListener@349d0836, org.springframework.boot.test.autoconfigure.SpringBootDependencyInjectionTestExecutionListener@6a714237, org.springframework.test.context.support.DirtiesContextTestExecutionListener@3e134896, org.springframework.test.context.transaction.TransactionalTestExecutionListener@72ba28ee, org.springframework.test.context.jdbc.SqlScriptsTestExecutionListener@2e3a5237, org.springframework.test.context.event.EventPublishingTestExecutionListener@4ebadd3d, org.springframework.boot.test.autoconfigure.restdocs.RestDocsTestExecutionListener@6ac97b84, org.springframework.boot.test.autoconfigure.web.client.MockRestServiceServerResetTestExecutionListener@4917d36b, org.springframework.boot.test.autoconfigure.web.servlet.MockMvcPrintOnlyOnFailureTestExecutionListener@35c09b94, org.springframework.boot.test.autoconfigure.web.servlet.WebDriverTestExecutionListener@2d0bfb24, org.springframework.boot.test.autoconfigure.webservices.client.MockWebServiceServerTestExecutionListener@c3fa05a, org.springframework.boot.test.mock.mockito.ResetMocksTestExecutionListener@7b44b63d]
2022-10-14 08:38:37 [Test worker] INFO  : Image name substitution will be performed by: DefaultImageNameSubstitutor (composite of 'ConfigurationFileImageNameSubstitutor' and 'PrefixingImageNameSubstitutor')
2022-10-14 08:38:37 [Test worker] INFO  : Loaded org.testcontainers.dockerclient.UnixSocketClientProviderStrategy from ~/.testcontainers.properties, will try it first
2022-10-14 08:38:38 [Test worker] INFO  : Found Docker environment with local Unix socket (unix:///var/run/docker.sock)
2022-10-14 08:38:38 [Test worker] INFO  : Docker host IP address is localhost
2022-10-14 08:38:38 [Test worker] INFO  : Connected to docker: 
  Server Version: 20.10.17
  API Version: 1.41
  Operating System: Docker Desktop
  Total Memory: 10215 MB
2022-10-14 08:38:38 [Test worker] INFO  : Creating container for image: testcontainers/ryuk:0.3.4
2022-10-14 08:38:38 [Test worker] INFO  : Credential helper/store (docker-credential-desktop) does not have credentials for https://index.docker.io/v1/
2022-10-14 08:38:38 [Test worker] INFO  : Container testcontainers/ryuk:0.3.4 is starting: ac3f401da26a0f4515d34a75470073c4b396e932cb5e58936d0cfd56a82bb167
2022-10-14 08:38:38 [Test worker] INFO  : Container testcontainers/ryuk:0.3.4 started in PT0.523887S
2022-10-14 08:38:38 [Test worker] INFO  : Ryuk started - will monitor and terminate Testcontainers containers on JVM exit
2022-10-14 08:38:38 [Test worker] INFO  : Checking the system...
2022-10-14 08:38:38 [Test worker] INFO  : ✔︎ Docker server version should be at least 1.6.0
2022-10-14 08:38:38 [Test worker] INFO  : HOSTNAME_EXTERNAL environment variable set to localhost (to match host-routable address for container)
2022-10-14 08:38:38 [Test worker] INFO  : Creating container for image: localstack/localstack:1.0.0
2022-10-14 08:38:39 [Test worker] INFO  : Container localstack/localstack:1.0.0 is starting: caba298e096dfa5a4e481f335f11e6611b69781fe55bffab336e3100f65355ff
2022-10-14 08:38:43 [Test worker] INFO  : Container localstack/localstack:1.0.0 started in PT4.621969S
2022-10-14 08:38:45 [Test worker] INFO  : Starting CloudStorageRepositoryTest using Java 11.0.16 on EPUZTASW007D with PID 4905 (started by Yusuf_Murodov in /Users/Yusuf_Murodov/Local/epam/traning/microservice-foundation/resource-service)
2022-10-14 08:38:45 [Test worker] INFO  : No active profile set, falling back to 1 default profile: "default"
2022-10-14 08:38:47 [Test worker] WARN  : Exception encountered during context initialization - cancelling refresh attempt: org.springframework.beans.factory.UnsatisfiedDependencyException: Error creating bean with name 'resourceRepository' defined in file [/Users/Yusuf_Murodov/Local/epam/traning/microservice-foundation/resource-service/build/classes/java/main/com/epam/training/microservicefoundation/resourceservice/repository/ResourceRepository.class]: Unsatisfied dependency expressed through constructor parameter 0; nested exception is org.springframework.beans.factory.UnsatisfiedDependencyException: Error creating bean with name 'dataSourceScriptDatabaseInitializer' defined in class path resource [org/springframework/boot/autoconfigure/sql/init/DataSourceInitializationConfiguration.class]: Unsatisfied dependency expressed through method 'dataSourceScriptDatabaseInitializer' parameter 0; nested exception is org.springframework.beans.factory.BeanCreationException: Error creating bean with name 'dataSource' defined in class path resource [org/springframework/boot/autoconfigure/jdbc/DataSourceConfiguration$Hikari.class]: Bean instantiation via factory method failed; nested exception is org.springframework.beans.BeanInstantiationException: Failed to instantiate [com.zaxxer.hikari.HikariDataSource]: Factory method 'dataSource' threw exception; nested exception is org.springframework.boot.autoconfigure.jdbc.DataSourceProperties$DataSourceBeanCreationException: Failed to determine a suitable driver class
2022-10-14 08:38:47 [Test worker] INFO  : 

Error starting ApplicationContext. To display the conditions report re-run your application with 'debug' enabled.
2022-10-14 08:38:47 [Test worker] ERROR : 

***************************
APPLICATION FAILED TO START
***************************

Description:

Failed to configure a DataSource: 'url' attribute is not specified and no embedded datasource could be configured.

Reason: Failed to determine a suitable driver class


Action:

Consider the following:
	If you want an embedded database (H2, HSQL or Derby), please put it on the classpath.
	If you have database settings to be loaded from a particular profile you may need to activate it (no profiles are currently active).

2022-10-14 08:38:47 [Test worker] ERROR : Caught exception while allowing TestExecutionListener [org.springframework.test.context.web.ServletTestExecutionListener@72458efc] to prepare test instance [com.epam.training.microservicefoundation.resourceservice.repository.s3storage.CloudStorageRepositoryTest@7b795db7]
java.lang.IllegalStateException: Failed to load ApplicationContext
	at org.springframework.test.context.cache.DefaultCacheAwareContextLoaderDelegate.loadContext(DefaultCacheAwareContextLoaderDelegate.java:98)
	at org.springframework.test.context.support.DefaultTestContext.getApplicationContext(DefaultTestContext.java:124)
	at org.springframework.test.context.web.ServletTestExecutionListener.setUpRequestContextIfNecessary(ServletTestExecutionListener.java:190)
	at org.springframework.test.context.web.ServletTestExecutionListener.prepareTestInstance(ServletTestExecutionListener.java:132)
	at org.springframework.test.context.TestContextManager.prepareTestInstance(TestContextManager.java:248)
	at org.springframework.test.context.junit.jupiter.SpringExtension.postProcessTestInstance(SpringExtension.java:138)
	at org.junit.jupiter.engine.descriptor.ClassBasedTestDescriptor.lambda$invokeTestInstancePostProcessors$8(ClassBasedTestDescriptor.java:363)
	at org.junit.jupiter.engine.descriptor.ClassBasedTestDescriptor.executeAndMaskThrowable(ClassBasedTestDescriptor.java:368)
	at org.junit.jupiter.engine.descriptor.ClassBasedTestDescriptor.lambda$invokeTestInstancePostProcessors$9(ClassBasedTestDescriptor.java:363)
	at java.base/java.util.stream.ReferencePipeline$3$1.accept(ReferencePipeline.java:195)
	at java.base/java.util.stream.ReferencePipeline$2$1.accept(ReferencePipeline.java:177)
	at java.base/java.util.ArrayList$ArrayListSpliterator.forEachRemaining(ArrayList.java:1655)
	at java.base/java.util.stream.AbstractPipeline.copyInto(AbstractPipeline.java:484)
	at java.base/java.util.stream.AbstractPipeline.wrapAndCopyInto(AbstractPipeline.java:474)
	at java.base/java.util.stream.StreamSpliterators$WrappingSpliterator.forEachRemaining(StreamSpliterators.java:312)
	at java.base/java.util.stream.Streams$ConcatSpliterator.forEachRemaining(Streams.java:735)
	at java.base/java.util.stream.Streams$ConcatSpliterator.forEachRemaining(Streams.java:734)
	at java.base/java.util.stream.ReferencePipeline$Head.forEach(ReferencePipeline.java:658)
	at org.junit.jupiter.engine.descriptor.ClassBasedTestDescriptor.invokeTestInstancePostProcessors(ClassBasedTestDescriptor.java:362)
	at org.junit.jupiter.engine.descriptor.ClassBasedTestDescriptor.lambda$instantiateAndPostProcessTestInstance$6(ClassBasedTestDescriptor.java:283)
	at org.junit.platform.engine.support.hierarchical.ThrowableCollector.execute(ThrowableCollector.java:73)
	at org.junit.jupiter.engine.descriptor.ClassBasedTestDescriptor.instantiateAndPostProcessTestInstance(ClassBasedTestDescriptor.java:282)
	at org.junit.jupiter.engine.descriptor.ClassBasedTestDescriptor.lambda$testInstancesProvider$4(ClassBasedTestDescriptor.java:272)
	at java.base/java.util.Optional.orElseGet(Optional.java:369)
	at org.junit.jupiter.engine.descriptor.ClassBasedTestDescriptor.lambda$testInstancesProvider$5(ClassBasedTestDescriptor.java:271)
	at org.junit.jupiter.engine.execution.TestInstancesProvider.getTestInstances(TestInstancesProvider.java:31)
	at org.junit.jupiter.engine.descriptor.TestMethodTestDescriptor.lambda$prepare$0(TestMethodTestDescriptor.java:102)
	at org.junit.platform.engine.support.hierarchical.ThrowableCollector.execute(ThrowableCollector.java:73)
	at org.junit.jupiter.engine.descriptor.TestMethodTestDescriptor.prepare(TestMethodTestDescriptor.java:101)
	at org.junit.jupiter.engine.descriptor.TestMethodTestDescriptor.prepare(TestMethodTestDescriptor.java:66)
	at org.junit.platform.engine.support.hierarchical.NodeTestTask.lambda$prepare$2(NodeTestTask.java:123)
	at org.junit.platform.engine.support.hierarchical.ThrowableCollector.execute(ThrowableCollector.java:73)
	at org.junit.platform.engine.support.hierarchical.NodeTestTask.prepare(NodeTestTask.java:123)
	at org.junit.platform.engine.support.hierarchical.NodeTestTask.execute(NodeTestTask.java:90)
	at java.base/java.util.ArrayList.forEach(ArrayList.java:1541)
	at org.junit.platform.engine.support.hierarchical.SameThreadHierarchicalTestExecutorService.invokeAll(SameThreadHierarchicalTestExecutorService.java:41)
	at org.junit.platform.engine.support.hierarchical.NodeTestTask.lambda$executeRecursively$6(NodeTestTask.java:155)
	at org.junit.platform.engine.support.hierarchical.ThrowableCollector.execute(ThrowableCollector.java:73)
	at org.junit.platform.engine.support.hierarchical.NodeTestTask.lambda$executeRecursively$8(NodeTestTask.java:141)
	at org.junit.platform.engine.support.hierarchical.Node.around(Node.java:137)
	at org.junit.platform.engine.support.hierarchical.NodeTestTask.lambda$executeRecursively$9(NodeTestTask.java:139)
	at org.junit.platform.engine.support.hierarchical.ThrowableCollector.execute(ThrowableCollector.java:73)
	at org.junit.platform.engine.support.hierarchical.NodeTestTask.executeRecursively(NodeTestTask.java:138)
	at org.junit.platform.engine.support.hierarchical.NodeTestTask.execute(NodeTestTask.java:95)
	at java.base/java.util.ArrayList.forEach(ArrayList.java:1541)
	at org.junit.platform.engine.support.hierarchical.SameThreadHierarchicalTestExecutorService.invokeAll(SameThreadHierarchicalTestExecutorService.java:41)
	at org.junit.platform.engine.support.hierarchical.NodeTestTask.lambda$executeRecursively$6(NodeTestTask.java:155)
	at org.junit.platform.engine.support.hierarchical.ThrowableCollector.execute(ThrowableCollector.java:73)
	at org.junit.platform.engine.support.hierarchical.NodeTestTask.lambda$executeRecursively$8(NodeTestTask.java:141)
	at org.junit.platform.engine.support.hierarchical.Node.around(Node.java:137)
	at org.junit.platform.engine.support.hierarchical.NodeTestTask.lambda$executeRecursively$9(NodeTestTask.java:139)
	at org.junit.platform.engine.support.hierarchical.ThrowableCollector.execute(ThrowableCollector.java:73)
	at org.junit.platform.engine.support.hierarchical.NodeTestTask.executeRecursively(NodeTestTask.java:138)
	at org.junit.platform.engine.support.hierarchical.NodeTestTask.execute(NodeTestTask.java:95)
	at org.junit.platform.engine.support.hierarchical.SameThreadHierarchicalTestExecutorService.submit(SameThreadHierarchicalTestExecutorService.java:35)
	at org.junit.platform.engine.support.hierarchical.HierarchicalTestExecutor.execute(HierarchicalTestExecutor.java:57)
	at org.junit.platform.engine.support.hierarchical.HierarchicalTestEngine.execute(HierarchicalTestEngine.java:54)
	at org.junit.platform.launcher.core.EngineExecutionOrchestrator.execute(EngineExecutionOrchestrator.java:108)
	at org.junit.platform.launcher.core.EngineExecutionOrchestrator.execute(EngineExecutionOrchestrator.java:88)
	at org.junit.platform.launcher.core.EngineExecutionOrchestrator.lambda$execute$0(EngineExecutionOrchestrator.java:54)
	at org.junit.platform.launcher.core.EngineExecutionOrchestrator.withInterceptedStreams(EngineExecutionOrchestrator.java:67)
	at org.junit.platform.launcher.core.EngineExecutionOrchestrator.execute(EngineExecutionOrchestrator.java:52)
	at org.junit.platform.launcher.core.DefaultLauncher.execute(DefaultLauncher.java:96)
	at org.junit.platform.launcher.core.DefaultLauncher.execute(DefaultLauncher.java:75)
	at org.gradle.api.internal.tasks.testing.junitplatform.JUnitPlatformTestClassProcessor$CollectAllTestClassesExecutor.processAllTestClasses(JUnitPlatformTestClassProcessor.java:99)
	at org.gradle.api.internal.tasks.testing.junitplatform.JUnitPlatformTestClassProcessor$CollectAllTestClassesExecutor.access$000(JUnitPlatformTestClassProcessor.java:79)
	at org.gradle.api.internal.tasks.testing.junitplatform.JUnitPlatformTestClassProcessor.stop(JUnitPlatformTestClassProcessor.java:75)
	at org.gradle.api.internal.tasks.testing.SuiteTestClassProcessor.stop(SuiteTestClassProcessor.java:61)
	at java.base/jdk.internal.reflect.NativeMethodAccessorImpl.invoke0(Native Method)
	at java.base/jdk.internal.reflect.NativeMethodAccessorImpl.invoke(NativeMethodAccessorImpl.java:62)
	at java.base/jdk.internal.reflect.DelegatingMethodAccessorImpl.invoke(DelegatingMethodAccessorImpl.java:43)
	at java.base/java.lang.reflect.Method.invoke(Method.java:566)
	at org.gradle.internal.dispatch.ReflectionDispatch.dispatch(ReflectionDispatch.java:36)
	at org.gradle.internal.dispatch.ReflectionDispatch.dispatch(ReflectionDispatch.java:24)
	at org.gradle.internal.dispatch.ContextClassLoaderDispatch.dispatch(ContextClassLoaderDispatch.java:33)
	at org.gradle.internal.dispatch.ProxyDispatchAdapter$DispatchingInvocationHandler.invoke(ProxyDispatchAdapter.java:94)
	at com.sun.proxy.$Proxy2.stop(Unknown Source)
	at org.gradle.api.internal.tasks.testing.worker.TestWorker$3.run(TestWorker.java:193)
	at org.gradle.api.internal.tasks.testing.worker.TestWorker.executeAndMaintainThreadName(TestWorker.java:129)
	at org.gradle.api.internal.tasks.testing.worker.TestWorker.execute(TestWorker.java:100)
	at org.gradle.api.internal.tasks.testing.worker.TestWorker.execute(TestWorker.java:60)
	at org.gradle.process.internal.worker.child.ActionExecutionWorker.execute(ActionExecutionWorker.java:56)
	at org.gradle.process.internal.worker.child.SystemApplicationClassLoaderWorker.call(SystemApplicationClassLoaderWorker.java:133)
	at org.gradle.process.internal.worker.child.SystemApplicationClassLoaderWorker.call(SystemApplicationClassLoaderWorker.java:71)
	at worker.org.gradle.process.internal.worker.GradleWorkerMain.run(GradleWorkerMain.java:69)
	at worker.org.gradle.process.internal.worker.GradleWorkerMain.main(GradleWorkerMain.java:74)
Caused by: org.springframework.beans.factory.UnsatisfiedDependencyException: Error creating bean with name 'resourceRepository' defined in file [/Users/Yusuf_Murodov/Local/epam/traning/microservice-foundation/resource-service/build/classes/java/main/com/epam/training/microservicefoundation/resourceservice/repository/ResourceRepository.class]: Unsatisfied dependency expressed through constructor parameter 0; nested exception is org.springframework.beans.factory.UnsatisfiedDependencyException: Error creating bean with name 'dataSourceScriptDatabaseInitializer' defined in class path resource [org/springframework/boot/autoconfigure/sql/init/DataSourceInitializationConfiguration.class]: Unsatisfied dependency expressed through method 'dataSourceScriptDatabaseInitializer' parameter 0; nested exception is org.springframework.beans.factory.BeanCreationException: Error creating bean with name 'dataSource' defined in class path resource [org/springframework/boot/autoconfigure/jdbc/DataSourceConfiguration$Hikari.class]: Bean instantiation via factory method failed; nested exception is org.springframework.beans.BeanInstantiationException: Failed to instantiate [com.zaxxer.hikari.HikariDataSource]: Factory method 'dataSource' threw exception; nested exception is org.springframework.boot.autoconfigure.jdbc.DataSourceProperties$DataSourceBeanCreationException: Failed to determine a suitable driver class
	at org.springframework.beans.factory.support.ConstructorResolver.createArgumentArray(ConstructorResolver.java:800)
	at org.springframework.beans.factory.support.ConstructorResolver.autowireConstructor(ConstructorResolver.java:229)
	at org.springframework.beans.factory.support.AbstractAutowireCapableBeanFactory.autowireConstructor(AbstractAutowireCapableBeanFactory.java:1372)
	at org.springframework.beans.factory.support.AbstractAutowireCapableBeanFactory.createBeanInstance(AbstractAutowireCapableBeanFactory.java:1222)
	at org.springframework.beans.factory.support.AbstractAutowireCapableBeanFactory.doCreateBean(AbstractAutowireCapableBeanFactory.java:582)
	at org.springframework.beans.factory.support.AbstractAutowireCapableBeanFactory.createBean(AbstractAutowireCapableBeanFactory.java:542)
	at org.springframework.beans.factory.support.AbstractBeanFactory.lambda$doGetBean$0(AbstractBeanFactory.java:335)
	at org.springframework.beans.factory.support.DefaultSingletonBeanRegistry.getSingleton(DefaultSingletonBeanRegistry.java:234)
	at org.springframework.beans.factory.support.AbstractBeanFactory.doGetBean(AbstractBeanFactory.java:333)
	at org.springframework.beans.factory.support.AbstractBeanFactory.getBean(AbstractBeanFactory.java:208)
	at org.springframework.beans.factory.support.DefaultListableBeanFactory.preInstantiateSingletons(DefaultListableBeanFactory.java:955)
	at org.springframework.context.support.AbstractApplicationContext.finishBeanFactoryInitialization(AbstractApplicationContext.java:918)
	at org.springframework.context.support.AbstractApplicationContext.refresh(AbstractApplicationContext.java:583)
	at org.springframework.boot.SpringApplication.refresh(SpringApplication.java:734)
	at org.springframework.boot.SpringApplication.refreshContext(SpringApplication.java:408)
	at org.springframework.boot.SpringApplication.run(SpringApplication.java:308)
	at org.springframework.boot.test.context.SpringBootContextLoader.loadContext(SpringBootContextLoader.java:132)
	at org.springframework.test.context.cache.DefaultCacheAwareContextLoaderDelegate.loadContextInternal(DefaultCacheAwareContextLoaderDelegate.java:141)
	at org.springframework.test.context.cache.DefaultCacheAwareContextLoaderDelegate.loadContext(DefaultCacheAwareContextLoaderDelegate.java:90)
	... 85 common frames omitted
Caused by: org.springframework.beans.factory.UnsatisfiedDependencyException: Error creating bean with name 'dataSourceScriptDatabaseInitializer' defined in class path resource [org/springframework/boot/autoconfigure/sql/init/DataSourceInitializationConfiguration.class]: Unsatisfied dependency expressed through method 'dataSourceScriptDatabaseInitializer' parameter 0; nested exception is org.springframework.beans.factory.BeanCreationException: Error creating bean with name 'dataSource' defined in class path resource [org/springframework/boot/autoconfigure/jdbc/DataSourceConfiguration$Hikari.class]: Bean instantiation via factory method failed; nested exception is org.springframework.beans.BeanInstantiationException: Failed to instantiate [com.zaxxer.hikari.HikariDataSource]: Factory method 'dataSource' threw exception; nested exception is org.springframework.boot.autoconfigure.jdbc.DataSourceProperties$DataSourceBeanCreationException: Failed to determine a suitable driver class
	at org.springframework.beans.factory.support.ConstructorResolver.createArgumentArray(ConstructorResolver.java:800)
	at org.springframework.beans.factory.support.ConstructorResolver.instantiateUsingFactoryMethod(ConstructorResolver.java:541)
	at org.springframework.beans.factory.support.AbstractAutowireCapableBeanFactory.instantiateUsingFactoryMethod(AbstractAutowireCapableBeanFactory.java:1352)
	at org.springframework.beans.factory.support.AbstractAutowireCapableBeanFactory.createBeanInstance(AbstractAutowireCapableBeanFactory.java:1195)
	at org.springframework.beans.factory.support.AbstractAutowireCapableBeanFactory.doCreateBean(AbstractAutowireCapableBeanFactory.java:582)
	at org.springframework.beans.factory.support.AbstractAutowireCapableBeanFactory.createBean(AbstractAutowireCapableBeanFactory.java:542)
	at org.springframework.beans.factory.support.AbstractBeanFactory.lambda$doGetBean$0(AbstractBeanFactory.java:335)
	at org.springframework.beans.factory.support.DefaultSingletonBeanRegistry.getSingleton(DefaultSingletonBeanRegistry.java:234)
	at org.springframework.beans.factory.support.AbstractBeanFactory.doGetBean(AbstractBeanFactory.java:333)
	at org.springframework.beans.factory.support.AbstractBeanFactory.getBean(AbstractBeanFactory.java:208)
	at org.springframework.beans.factory.support.AbstractBeanFactory.doGetBean(AbstractBeanFactory.java:322)
	at org.springframework.beans.factory.support.AbstractBeanFactory.getBean(AbstractBeanFactory.java:208)
	at org.springframework.beans.factory.config.DependencyDescriptor.resolveCandidate(DependencyDescriptor.java:276)
	at org.springframework.beans.factory.support.DefaultListableBeanFactory.doResolveDependency(DefaultListableBeanFactory.java:1391)
	at org.springframework.beans.factory.support.DefaultListableBeanFactory.resolveDependency(DefaultListableBeanFactory.java:1311)
	at org.springframework.beans.factory.support.ConstructorResolver.resolveAutowiredArgument(ConstructorResolver.java:887)
	at org.springframework.beans.factory.support.ConstructorResolver.createArgumentArray(ConstructorResolver.java:791)
	... 103 common frames omitted
Caused by: org.springframework.beans.factory.BeanCreationException: Error creating bean with name 'dataSource' defined in class path resource [org/springframework/boot/autoconfigure/jdbc/DataSourceConfiguration$Hikari.class]: Bean instantiation via factory method failed; nested exception is org.springframework.beans.BeanInstantiationException: Failed to instantiate [com.zaxxer.hikari.HikariDataSource]: Factory method 'dataSource' threw exception; nested exception is org.springframework.boot.autoconfigure.jdbc.DataSourceProperties$DataSourceBeanCreationException: Failed to determine a suitable driver class
	at org.springframework.beans.factory.support.ConstructorResolver.instantiate(ConstructorResolver.java:658)
	at org.springframework.beans.factory.support.ConstructorResolver.instantiateUsingFactoryMethod(ConstructorResolver.java:638)
	at org.springframework.beans.factory.support.AbstractAutowireCapableBeanFactory.instantiateUsingFactoryMethod(AbstractAutowireCapableBeanFactory.java:1352)
	at org.springframework.beans.factory.support.AbstractAutowireCapableBeanFactory.createBeanInstance(AbstractAutowireCapableBeanFactory.java:1195)
	at org.springframework.beans.factory.support.AbstractAutowireCapableBeanFactory.doCreateBean(AbstractAutowireCapableBeanFactory.java:582)
	at org.springframework.beans.factory.support.AbstractAutowireCapableBeanFactory.createBean(AbstractAutowireCapableBeanFactory.java:542)
	at org.springframework.beans.factory.support.AbstractBeanFactory.lambda$doGetBean$0(AbstractBeanFactory.java:335)
	at org.springframework.beans.factory.support.DefaultSingletonBeanRegistry.getSingleton(DefaultSingletonBeanRegistry.java:234)
	at org.springframework.beans.factory.support.AbstractBeanFactory.doGetBean(AbstractBeanFactory.java:333)
	at org.springframework.beans.factory.support.AbstractBeanFactory.getBean(AbstractBeanFactory.java:208)
	at org.springframework.beans.factory.config.DependencyDescriptor.resolveCandidate(DependencyDescriptor.java:276)
	at org.springframework.beans.factory.support.DefaultListableBeanFactory.doResolveDependency(DefaultListableBeanFactory.java:1391)
	at org.springframework.beans.factory.support.DefaultListableBeanFactory.resolveDependency(DefaultListableBeanFactory.java:1311)
	at org.springframework.beans.factory.support.ConstructorResolver.resolveAutowiredArgument(ConstructorResolver.java:887)
	at org.springframework.beans.factory.support.ConstructorResolver.createArgumentArray(ConstructorResolver.java:791)
	... 119 common frames omitted
Caused by: org.springframework.beans.BeanInstantiationException: Failed to instantiate [com.zaxxer.hikari.HikariDataSource]: Factory method 'dataSource' threw exception; nested exception is org.springframework.boot.autoconfigure.jdbc.DataSourceProperties$DataSourceBeanCreationException: Failed to determine a suitable driver class
	at org.springframework.beans.factory.support.SimpleInstantiationStrategy.instantiate(SimpleInstantiationStrategy.java:185)
	at org.springframework.beans.factory.support.ConstructorResolver.instantiate(ConstructorResolver.java:653)
	... 133 common frames omitted
Caused by: org.springframework.boot.autoconfigure.jdbc.DataSourceProperties$DataSourceBeanCreationException: Failed to determine a suitable driver class
	at org.springframework.boot.autoconfigure.jdbc.DataSourceProperties.determineDriverClassName(DataSourceProperties.java:182)
	at org.springframework.boot.autoconfigure.jdbc.DataSourceProperties.initializeDataSourceBuilder(DataSourceProperties.java:123)
	at org.springframework.boot.autoconfigure.jdbc.DataSourceConfiguration.createDataSource(DataSourceConfiguration.java:48)
	at org.springframework.boot.autoconfigure.jdbc.DataSourceConfiguration$Hikari.dataSource(DataSourceConfiguration.java:90)
	at java.base/jdk.internal.reflect.NativeMethodAccessorImpl.invoke0(Native Method)
	at java.base/jdk.internal.reflect.NativeMethodAccessorImpl.invoke(NativeMethodAccessorImpl.java:62)
	at java.base/jdk.internal.reflect.DelegatingMethodAccessorImpl.invoke(DelegatingMethodAccessorImpl.java:43)
	at java.base/java.lang.reflect.Method.invoke(Method.java:566)
	at org.springframework.beans.factory.support.SimpleInstantiationStrategy.instantiate(SimpleInstantiationStrategy.java:154)
	... 134 common frames omitted
2022-10-14 08:38:56 [Test worker] INFO  : Could not detect default resource locations for test class [com.epam.training.microservicefoundation.resourceservice.repository.s3storage.CloudStorageRepositoryTest]: no resource found for suffixes {-context.xml, Context.groovy}.
2022-10-14 08:38:56 [Test worker] INFO  : Loaded default TestExecutionListener class names from location [META-INF/spring.factories]: [org.springframework.boot.test.autoconfigure.restdocs.RestDocsTestExecutionListener, org.springframework.boot.test.autoconfigure.web.client.MockRestServiceServerResetTestExecutionListener, org.springframework.boot.test.autoconfigure.web.servlet.MockMvcPrintOnlyOnFailureTestExecutionListener, org.springframework.boot.test.autoconfigure.web.servlet.WebDriverTestExecutionListener, org.springframework.boot.test.autoconfigure.webservices.client.MockWebServiceServerTestExecutionListener, org.springframework.boot.test.mock.mockito.MockitoTestExecutionListener, org.springframework.boot.test.mock.mockito.ResetMocksTestExecutionListener, org.springframework.test.context.web.ServletTestExecutionListener, org.springframework.test.context.support.DirtiesContextBeforeModesTestExecutionListener, org.springframework.test.context.event.ApplicationEventsTestExecutionListener, org.springframework.test.context.support.DependencyInjectionTestExecutionListener, org.springframework.test.context.support.DirtiesContextTestExecutionListener, org.springframework.test.context.transaction.TransactionalTestExecutionListener, org.springframework.test.context.jdbc.SqlScriptsTestExecutionListener, org.springframework.test.context.event.EventPublishingTestExecutionListener]
2022-10-14 08:38:56 [Test worker] INFO  : Using TestExecutionListeners: [org.springframework.test.context.web.ServletTestExecutionListener@5649ec46, org.springframework.test.context.support.DirtiesContextBeforeModesTestExecutionListener@78dc4696, org.springframework.test.context.event.ApplicationEventsTestExecutionListener@502f8b57, org.springframework.boot.test.mock.mockito.MockitoTestExecutionListener@5652f555, org.springframework.boot.test.autoconfigure.SpringBootDependencyInjectionTestExecutionListener@4fe01805, org.springframework.test.context.support.DirtiesContextTestExecutionListener@55120f99, org.springframework.test.context.transaction.TransactionalTestExecutionListener@794b435f, org.springframework.test.context.jdbc.SqlScriptsTestExecutionListener@38f2e97e, org.springframework.test.context.event.EventPublishingTestExecutionListener@779dfe55, org.springframework.boot.test.autoconfigure.restdocs.RestDocsTestExecutionListener@323659f8, org.springframework.boot.test.autoconfigure.web.client.MockRestServiceServerResetTestExecutionListener@1144a55a, org.springframework.boot.test.autoconfigure.web.servlet.MockMvcPrintOnlyOnFailureTestExecutionListener@3e521715, org.springframework.boot.test.autoconfigure.web.servlet.WebDriverTestExecutionListener@26a529dc, org.springframework.boot.test.autoconfigure.webservices.client.MockWebServiceServerTestExecutionListener@265c5d69, org.springframework.boot.test.mock.mockito.ResetMocksTestExecutionListener@1286528d]
2022-10-14 08:38:56 [Test worker] INFO  : Image name substitution will be performed by: DefaultImageNameSubstitutor (composite of 'ConfigurationFileImageNameSubstitutor' and 'PrefixingImageNameSubstitutor')
2022-10-14 08:38:56 [Test worker] INFO  : Loaded org.testcontainers.dockerclient.UnixSocketClientProviderStrategy from ~/.testcontainers.properties, will try it first
2022-10-14 08:38:57 [Test worker] INFO  : Found Docker environment with local Unix socket (unix:///var/run/docker.sock)
2022-10-14 08:38:57 [Test worker] INFO  : Docker host IP address is localhost
2022-10-14 08:38:57 [Test worker] INFO  : Connected to docker: 
  Server Version: 20.10.17
  API Version: 1.41
  Operating System: Docker Desktop
  Total Memory: 10215 MB
2022-10-14 08:38:57 [Test worker] INFO  : Creating container for image: testcontainers/ryuk:0.3.4
2022-10-14 08:38:57 [Test worker] INFO  : Credential helper/store (docker-credential-desktop) does not have credentials for https://index.docker.io/v1/
2022-10-14 08:38:57 [Test worker] INFO  : Container testcontainers/ryuk:0.3.4 is starting: f2476bcbba5814f46249281b727468ef244c2dd92d26bc95c541e6471ee2d553
2022-10-14 08:38:58 [Test worker] INFO  : Container testcontainers/ryuk:0.3.4 started in PT0.542657S
2022-10-14 08:38:58 [Test worker] INFO  : Ryuk started - will monitor and terminate Testcontainers containers on JVM exit
2022-10-14 08:38:58 [Test worker] INFO  : Checking the system...
2022-10-14 08:38:58 [Test worker] INFO  : ✔︎ Docker server version should be at least 1.6.0
2022-10-14 08:38:58 [Test worker] INFO  : HOSTNAME_EXTERNAL environment variable set to localhost (to match host-routable address for container)
2022-10-14 08:38:58 [Test worker] INFO  : Creating container for image: localstack/localstack:1.0.0
2022-10-14 08:38:58 [Test worker] INFO  : Container localstack/localstack:1.0.0 is starting: bf8c818bfadbbd2b327b7722bff23d9418a340b00fb692a603117560c98e65b7
2022-10-14 08:39:02 [Test worker] INFO  : Container localstack/localstack:1.0.0 started in PT4.10541S
2022-10-14 08:39:04 [Test worker] INFO  : Starting CloudStorageRepositoryTest using Java 11.0.16 on EPUZTASW007D with PID 4930 (started by Yusuf_Murodov in /Users/Yusuf_Murodov/Local/epam/traning/microservice-foundation/resource-service)
2022-10-14 08:39:04 [Test worker] INFO  : No active profile set, falling back to 1 default profile: "default"
2022-10-14 08:39:05 [Test worker] INFO  : Started CloudStorageRepositoryTest in 0.995 seconds (JVM running for 9.507)
2022-10-14 08:39:05 [Test worker] INFO  : Uploading file 'mpthreetest.mp3' to bucket 'com.epam.training.microservicefoundation.resourceservice.configuration.AwsS3Configuration$$EnhancerBySpringCGLIB$$94a40ddb@4b9fa2f'
2022-10-14 08:39:39 [Test worker] INFO  : Could not detect default resource locations for test class [com.epam.training.microservicefoundation.resourceservice.repository.s3storage.CloudStorageRepositoryTest]: no resource found for suffixes {-context.xml, Context.groovy}.
2022-10-14 08:39:39 [Test worker] INFO  : Loaded default TestExecutionListener class names from location [META-INF/spring.factories]: [org.springframework.boot.test.autoconfigure.restdocs.RestDocsTestExecutionListener, org.springframework.boot.test.autoconfigure.web.client.MockRestServiceServerResetTestExecutionListener, org.springframework.boot.test.autoconfigure.web.servlet.MockMvcPrintOnlyOnFailureTestExecutionListener, org.springframework.boot.test.autoconfigure.web.servlet.WebDriverTestExecutionListener, org.springframework.boot.test.autoconfigure.webservices.client.MockWebServiceServerTestExecutionListener, org.springframework.boot.test.mock.mockito.MockitoTestExecutionListener, org.springframework.boot.test.mock.mockito.ResetMocksTestExecutionListener, org.springframework.test.context.web.ServletTestExecutionListener, org.springframework.test.context.support.DirtiesContextBeforeModesTestExecutionListener, org.springframework.test.context.event.ApplicationEventsTestExecutionListener, org.springframework.test.context.support.DependencyInjectionTestExecutionListener, org.springframework.test.context.support.DirtiesContextTestExecutionListener, org.springframework.test.context.transaction.TransactionalTestExecutionListener, org.springframework.test.context.jdbc.SqlScriptsTestExecutionListener, org.springframework.test.context.event.EventPublishingTestExecutionListener]
2022-10-14 08:39:39 [Test worker] INFO  : Using TestExecutionListeners: [org.springframework.test.context.web.ServletTestExecutionListener@78dc4696, org.springframework.test.context.support.DirtiesContextBeforeModesTestExecutionListener@502f8b57, org.springframework.test.context.event.ApplicationEventsTestExecutionListener@5652f555, org.springframework.boot.test.mock.mockito.MockitoTestExecutionListener@4fe01805, org.springframework.boot.test.autoconfigure.SpringBootDependencyInjectionTestExecutionListener@55120f99, org.springframework.test.context.support.DirtiesContextTestExecutionListener@794b435f, org.springframework.test.context.transaction.TransactionalTestExecutionListener@38f2e97e, org.springframework.test.context.jdbc.SqlScriptsTestExecutionListener@779dfe55, org.springframework.test.context.event.EventPublishingTestExecutionListener@323659f8, org.springframework.boot.test.autoconfigure.restdocs.RestDocsTestExecutionListener@1144a55a, org.springframework.boot.test.autoconfigure.web.client.MockRestServiceServerResetTestExecutionListener@3e521715, org.springframework.boot.test.autoconfigure.web.servlet.MockMvcPrintOnlyOnFailureTestExecutionListener@26a529dc, org.springframework.boot.test.autoconfigure.web.servlet.WebDriverTestExecutionListener@265c5d69, org.springframework.boot.test.autoconfigure.webservices.client.MockWebServiceServerTestExecutionListener@1286528d, org.springframework.boot.test.mock.mockito.ResetMocksTestExecutionListener@3cc20577]
2022-10-14 08:39:39 [Test worker] INFO  : Image name substitution will be performed by: DefaultImageNameSubstitutor (composite of 'ConfigurationFileImageNameSubstitutor' and 'PrefixingImageNameSubstitutor')
2022-10-14 08:39:39 [Test worker] INFO  : Loaded org.testcontainers.dockerclient.UnixSocketClientProviderStrategy from ~/.testcontainers.properties, will try it first
2022-10-14 08:39:40 [Test worker] INFO  : Found Docker environment with local Unix socket (unix:///var/run/docker.sock)
2022-10-14 08:39:40 [Test worker] INFO  : Docker host IP address is localhost
2022-10-14 08:39:40 [Test worker] INFO  : Connected to docker: 
  Server Version: 20.10.17
  API Version: 1.41
  Operating System: Docker Desktop
  Total Memory: 10215 MB
2022-10-14 08:39:40 [Test worker] INFO  : Creating container for image: testcontainers/ryuk:0.3.4
2022-10-14 08:39:40 [Test worker] INFO  : Credential helper/store (docker-credential-desktop) does not have credentials for https://index.docker.io/v1/
2022-10-14 08:39:40 [Test worker] INFO  : Container testcontainers/ryuk:0.3.4 is starting: 19177cac2cf296358605b413d25b30e28c0d43d1dc1169d599e9ec696b1f65c1
2022-10-14 08:39:41 [Test worker] INFO  : Container testcontainers/ryuk:0.3.4 started in PT0.609071S
2022-10-14 08:39:41 [Test worker] INFO  : Ryuk started - will monitor and terminate Testcontainers containers on JVM exit
2022-10-14 08:39:41 [Test worker] INFO  : Checking the system...
2022-10-14 08:39:41 [Test worker] INFO  : ✔︎ Docker server version should be at least 1.6.0
2022-10-14 08:39:41 [Test worker] INFO  : HOSTNAME_EXTERNAL environment variable set to localhost (to match host-routable address for container)
2022-10-14 08:39:41 [Test worker] INFO  : Creating container for image: localstack/localstack:1.0.0
2022-10-14 08:39:41 [Test worker] INFO  : Container localstack/localstack:1.0.0 is starting: a8c298e219fd00d265c543f6b43cc9abc2d3b7eed0ec8b430bac5ce79bcb758d
2022-10-14 08:39:46 [Test worker] INFO  : Container localstack/localstack:1.0.0 started in PT4.699424S
2022-10-14 08:39:48 [Test worker] INFO  : Starting CloudStorageRepositoryTest using Java 11.0.16 on EPUZTASW007D with PID 4997 (started by Yusuf_Murodov in /Users/Yusuf_Murodov/Local/epam/traning/microservice-foundation/resource-service)
2022-10-14 08:39:48 [Test worker] INFO  : No active profile set, falling back to 1 default profile: "default"
2022-10-14 08:39:48 [Test worker] INFO  : Started CloudStorageRepositoryTest in 1.079 seconds (JVM running for 10.391)
2022-10-14 08:39:49 [Test worker] INFO  : Uploading file 'mpthreetest.mp3' to bucket 'com.epam.training.microservicefoundation.resourceservice.configuration.AwsS3Configuration$$EnhancerBySpringCGLIB$$5e36ad4c@f36f34d'
2022-10-14 09:44:48 [Test worker] INFO  : Could not detect default resource locations for test class [com.epam.training.microservicefoundation.resourceservice.repository.s3storage.CloudStorageRepositoryTest]: no resource found for suffixes {-context.xml, Context.groovy}.
2022-10-14 09:44:48 [Test worker] INFO  : Loaded default TestExecutionListener class names from location [META-INF/spring.factories]: [org.springframework.boot.test.autoconfigure.restdocs.RestDocsTestExecutionListener, org.springframework.boot.test.autoconfigure.web.client.MockRestServiceServerResetTestExecutionListener, org.springframework.boot.test.autoconfigure.web.servlet.MockMvcPrintOnlyOnFailureTestExecutionListener, org.springframework.boot.test.autoconfigure.web.servlet.WebDriverTestExecutionListener, org.springframework.boot.test.autoconfigure.webservices.client.MockWebServiceServerTestExecutionListener, org.springframework.boot.test.mock.mockito.MockitoTestExecutionListener, org.springframework.boot.test.mock.mockito.ResetMocksTestExecutionListener, org.springframework.test.context.web.ServletTestExecutionListener, org.springframework.test.context.support.DirtiesContextBeforeModesTestExecutionListener, org.springframework.test.context.event.ApplicationEventsTestExecutionListener, org.springframework.test.context.support.DependencyInjectionTestExecutionListener, org.springframework.test.context.support.DirtiesContextTestExecutionListener, org.springframework.test.context.transaction.TransactionalTestExecutionListener, org.springframework.test.context.jdbc.SqlScriptsTestExecutionListener, org.springframework.test.context.event.EventPublishingTestExecutionListener]
2022-10-14 09:44:48 [Test worker] INFO  : Using TestExecutionListeners: [org.springframework.test.context.web.ServletTestExecutionListener@28486680, org.springframework.test.context.support.DirtiesContextBeforeModesTestExecutionListener@4d7e7435, org.springframework.test.context.event.ApplicationEventsTestExecutionListener@4a1e3ac1, org.springframework.boot.test.mock.mockito.MockitoTestExecutionListener@6e78fcf5, org.springframework.boot.test.autoconfigure.SpringBootDependencyInjectionTestExecutionListener@56febdc, org.springframework.test.context.support.DirtiesContextTestExecutionListener@3b8ee898, org.springframework.test.context.transaction.TransactionalTestExecutionListener@7d151a, org.springframework.test.context.jdbc.SqlScriptsTestExecutionListener@294bdeb4, org.springframework.test.context.event.EventPublishingTestExecutionListener@5300f14a, org.springframework.boot.test.autoconfigure.restdocs.RestDocsTestExecutionListener@1f86099a, org.springframework.boot.test.autoconfigure.web.client.MockRestServiceServerResetTestExecutionListener@77bb0ab5, org.springframework.boot.test.autoconfigure.web.servlet.MockMvcPrintOnlyOnFailureTestExecutionListener@f2c488, org.springframework.boot.test.autoconfigure.web.servlet.WebDriverTestExecutionListener@54acff7d, org.springframework.boot.test.autoconfigure.webservices.client.MockWebServiceServerTestExecutionListener@7bc9e6ab, org.springframework.boot.test.mock.mockito.ResetMocksTestExecutionListener@5488b5c5]
2022-10-14 09:44:48 [Test worker] INFO  : Image name substitution will be performed by: DefaultImageNameSubstitutor (composite of 'ConfigurationFileImageNameSubstitutor' and 'PrefixingImageNameSubstitutor')
2022-10-14 09:44:48 [Test worker] INFO  : Loaded org.testcontainers.dockerclient.UnixSocketClientProviderStrategy from ~/.testcontainers.properties, will try it first
2022-10-14 09:44:50 [Test worker] INFO  : Found Docker environment with local Unix socket (unix:///var/run/docker.sock)
2022-10-14 09:44:50 [Test worker] INFO  : Docker host IP address is localhost
2022-10-14 09:44:50 [Test worker] INFO  : Connected to docker: 
  Server Version: 20.10.17
  API Version: 1.41
  Operating System: Docker Desktop
  Total Memory: 10215 MB
2022-10-14 09:44:50 [Test worker] INFO  : Creating container for image: testcontainers/ryuk:0.3.4
2022-10-14 09:44:51 [Test worker] INFO  : Credential helper/store (docker-credential-desktop) does not have credentials for https://index.docker.io/v1/
2022-10-14 09:44:51 [Test worker] INFO  : Container testcontainers/ryuk:0.3.4 is starting: 8658d238f5fb9f04d1fe584d1dc903bfa68e009fb09b323abe801fcc16193589
2022-10-14 09:44:51 [Test worker] INFO  : Container testcontainers/ryuk:0.3.4 started in PT0.685764S
2022-10-14 09:44:51 [Test worker] INFO  : Ryuk started - will monitor and terminate Testcontainers containers on JVM exit
2022-10-14 09:44:51 [Test worker] INFO  : Checking the system...
2022-10-14 09:44:51 [Test worker] INFO  : ✔︎ Docker server version should be at least 1.6.0
2022-10-14 09:44:51 [Test worker] INFO  : HOSTNAME_EXTERNAL environment variable set to localhost (to match host-routable address for container)
2022-10-14 09:44:51 [Test worker] INFO  : Creating container for image: localstack/localstack:1.0.0
2022-10-14 09:44:52 [Test worker] INFO  : Container localstack/localstack:1.0.0 is starting: 3606ad7bb93766cc93b99c89362ebb9565e403d78b0a453657ed09dda820f64f
2022-10-14 09:44:56 [Test worker] INFO  : Container localstack/localstack:1.0.0 started in PT4.522684S
2022-10-14 09:44:58 [Test worker] INFO  : Starting CloudStorageRepositoryTest using Java 11.0.16 on EPUZTASW007D with PID 10099 (started by Yusuf_Murodov in /Users/Yusuf_Murodov/Local/epam/traning/microservice-foundation/resource-service)
2022-10-14 09:44:58 [Test worker] INFO  : No active profile set, falling back to 1 default profile: "default"
2022-10-14 09:44:59 [Test worker] INFO  : Started CloudStorageRepositoryTest in 1.171 seconds (JVM running for 12.13)
2022-10-14 09:44:59 [Test worker] INFO  : Getting song by name 'mpthreetest.mp3' from bucket 'song-resource'
2022-10-14 10:02:00 [Test worker] INFO  : Could not detect default resource locations for test class [com.epam.training.microservicefoundation.resourceservice.repository.s3storage.CloudStorageRepositoryTest]: no resource found for suffixes {-context.xml, Context.groovy}.
2022-10-14 10:02:01 [Test worker] INFO  : Loaded default TestExecutionListener class names from location [META-INF/spring.factories]: [org.springframework.boot.test.autoconfigure.restdocs.RestDocsTestExecutionListener, org.springframework.boot.test.autoconfigure.web.client.MockRestServiceServerResetTestExecutionListener, org.springframework.boot.test.autoconfigure.web.servlet.MockMvcPrintOnlyOnFailureTestExecutionListener, org.springframework.boot.test.autoconfigure.web.servlet.WebDriverTestExecutionListener, org.springframework.boot.test.autoconfigure.webservices.client.MockWebServiceServerTestExecutionListener, org.springframework.boot.test.mock.mockito.MockitoTestExecutionListener, org.springframework.boot.test.mock.mockito.ResetMocksTestExecutionListener, org.springframework.test.context.web.ServletTestExecutionListener, org.springframework.test.context.support.DirtiesContextBeforeModesTestExecutionListener, org.springframework.test.context.event.ApplicationEventsTestExecutionListener, org.springframework.test.context.support.DependencyInjectionTestExecutionListener, org.springframework.test.context.support.DirtiesContextTestExecutionListener, org.springframework.test.context.transaction.TransactionalTestExecutionListener, org.springframework.test.context.jdbc.SqlScriptsTestExecutionListener, org.springframework.test.context.event.EventPublishingTestExecutionListener]
2022-10-14 10:02:01 [Test worker] INFO  : Using TestExecutionListeners: [org.springframework.test.context.web.ServletTestExecutionListener@28486680, org.springframework.test.context.support.DirtiesContextBeforeModesTestExecutionListener@4d7e7435, org.springframework.test.context.event.ApplicationEventsTestExecutionListener@4a1e3ac1, org.springframework.boot.test.mock.mockito.MockitoTestExecutionListener@6e78fcf5, org.springframework.boot.test.autoconfigure.SpringBootDependencyInjectionTestExecutionListener@56febdc, org.springframework.test.context.support.DirtiesContextTestExecutionListener@3b8ee898, org.springframework.test.context.transaction.TransactionalTestExecutionListener@7d151a, org.springframework.test.context.jdbc.SqlScriptsTestExecutionListener@294bdeb4, org.springframework.test.context.event.EventPublishingTestExecutionListener@5300f14a, org.springframework.boot.test.autoconfigure.restdocs.RestDocsTestExecutionListener@1f86099a, org.springframework.boot.test.autoconfigure.web.client.MockRestServiceServerResetTestExecutionListener@77bb0ab5, org.springframework.boot.test.autoconfigure.web.servlet.MockMvcPrintOnlyOnFailureTestExecutionListener@f2c488, org.springframework.boot.test.autoconfigure.web.servlet.WebDriverTestExecutionListener@54acff7d, org.springframework.boot.test.autoconfigure.webservices.client.MockWebServiceServerTestExecutionListener@7bc9e6ab, org.springframework.boot.test.mock.mockito.ResetMocksTestExecutionListener@5488b5c5]
2022-10-14 10:02:01 [Test worker] INFO  : Image name substitution will be performed by: DefaultImageNameSubstitutor (composite of 'ConfigurationFileImageNameSubstitutor' and 'PrefixingImageNameSubstitutor')
2022-10-14 10:02:01 [Test worker] INFO  : Loaded org.testcontainers.dockerclient.UnixSocketClientProviderStrategy from ~/.testcontainers.properties, will try it first
2022-10-14 10:02:02 [Test worker] INFO  : Found Docker environment with local Unix socket (unix:///var/run/docker.sock)
2022-10-14 10:02:02 [Test worker] INFO  : Docker host IP address is localhost
2022-10-14 10:02:02 [Test worker] INFO  : Connected to docker: 
  Server Version: 20.10.17
  API Version: 1.41
  Operating System: Docker Desktop
  Total Memory: 10215 MB
2022-10-14 10:02:02 [Test worker] INFO  : Creating container for image: testcontainers/ryuk:0.3.4
2022-10-14 10:02:03 [Test worker] INFO  : Credential helper/store (docker-credential-desktop) does not have credentials for https://index.docker.io/v1/
2022-10-14 10:02:03 [Test worker] INFO  : Container testcontainers/ryuk:0.3.4 is starting: 4c758eacb2d25b748947bd0eff153a078b176ae655dc870dd72f226b5511b3fd
2022-10-14 10:02:03 [Test worker] INFO  : Container testcontainers/ryuk:0.3.4 started in PT0.791983S
2022-10-14 10:02:03 [Test worker] INFO  : Ryuk started - will monitor and terminate Testcontainers containers on JVM exit
2022-10-14 10:02:03 [Test worker] INFO  : Checking the system...
2022-10-14 10:02:03 [Test worker] INFO  : ✔︎ Docker server version should be at least 1.6.0
2022-10-14 10:02:03 [Test worker] INFO  : HOSTNAME_EXTERNAL environment variable set to localhost (to match host-routable address for container)
2022-10-14 10:02:03 [Test worker] INFO  : Creating container for image: localstack/localstack:1.0.0
2022-10-14 10:02:04 [Test worker] INFO  : Container localstack/localstack:1.0.0 is starting: d2d4eab33396b38a19f4150d1348fff18c2e2a7c1996334c0eaa809813269334
2022-10-14 10:02:10 [Test worker] INFO  : Container localstack/localstack:1.0.0 started in PT6.263527S
2022-10-14 10:02:12 [Test worker] INFO  : Starting CloudStorageRepositoryTest using Java 11.0.16 on EPUZTASW007D with PID 11399 (started by Yusuf_Murodov in /Users/Yusuf_Murodov/Local/epam/traning/microservice-foundation/resource-service)
2022-10-14 10:02:12 [Test worker] INFO  : No active profile set, falling back to 1 default profile: "default"
2022-10-14 10:02:13 [Test worker] INFO  : Started CloudStorageRepositoryTest in 1.181 seconds (JVM running for 13.206)
2022-10-14 10:02:13 [Test worker] INFO  : Uploading file 'mpthreetest.mp3' to bucket 'com.epam.training.microservicefoundation.resourceservice.configuration.AwsS3Configuration$$EnhancerBySpringCGLIB$$2e051cae@5b5b8730'
2022-10-14 10:02:36 [Test worker] INFO  : Could not detect default resource locations for test class [com.epam.training.microservicefoundation.resourceservice.repository.s3storage.CloudStorageRepositoryTest]: no resource found for suffixes {-context.xml, Context.groovy}.
2022-10-14 10:02:36 [Test worker] INFO  : Loaded default TestExecutionListener class names from location [META-INF/spring.factories]: [org.springframework.boot.test.autoconfigure.restdocs.RestDocsTestExecutionListener, org.springframework.boot.test.autoconfigure.web.client.MockRestServiceServerResetTestExecutionListener, org.springframework.boot.test.autoconfigure.web.servlet.MockMvcPrintOnlyOnFailureTestExecutionListener, org.springframework.boot.test.autoconfigure.web.servlet.WebDriverTestExecutionListener, org.springframework.boot.test.autoconfigure.webservices.client.MockWebServiceServerTestExecutionListener, org.springframework.boot.test.mock.mockito.MockitoTestExecutionListener, org.springframework.boot.test.mock.mockito.ResetMocksTestExecutionListener, org.springframework.test.context.web.ServletTestExecutionListener, org.springframework.test.context.support.DirtiesContextBeforeModesTestExecutionListener, org.springframework.test.context.event.ApplicationEventsTestExecutionListener, org.springframework.test.context.support.DependencyInjectionTestExecutionListener, org.springframework.test.context.support.DirtiesContextTestExecutionListener, org.springframework.test.context.transaction.TransactionalTestExecutionListener, org.springframework.test.context.jdbc.SqlScriptsTestExecutionListener, org.springframework.test.context.event.EventPublishingTestExecutionListener]
2022-10-14 10:02:36 [Test worker] INFO  : Using TestExecutionListeners: [org.springframework.test.context.web.ServletTestExecutionListener@28486680, org.springframework.test.context.support.DirtiesContextBeforeModesTestExecutionListener@4d7e7435, org.springframework.test.context.event.ApplicationEventsTestExecutionListener@4a1e3ac1, org.springframework.boot.test.mock.mockito.MockitoTestExecutionListener@6e78fcf5, org.springframework.boot.test.autoconfigure.SpringBootDependencyInjectionTestExecutionListener@56febdc, org.springframework.test.context.support.DirtiesContextTestExecutionListener@3b8ee898, org.springframework.test.context.transaction.TransactionalTestExecutionListener@7d151a, org.springframework.test.context.jdbc.SqlScriptsTestExecutionListener@294bdeb4, org.springframework.test.context.event.EventPublishingTestExecutionListener@5300f14a, org.springframework.boot.test.autoconfigure.restdocs.RestDocsTestExecutionListener@1f86099a, org.springframework.boot.test.autoconfigure.web.client.MockRestServiceServerResetTestExecutionListener@77bb0ab5, org.springframework.boot.test.autoconfigure.web.servlet.MockMvcPrintOnlyOnFailureTestExecutionListener@f2c488, org.springframework.boot.test.autoconfigure.web.servlet.WebDriverTestExecutionListener@54acff7d, org.springframework.boot.test.autoconfigure.webservices.client.MockWebServiceServerTestExecutionListener@7bc9e6ab, org.springframework.boot.test.mock.mockito.ResetMocksTestExecutionListener@5488b5c5]
2022-10-14 10:02:36 [Test worker] INFO  : Image name substitution will be performed by: DefaultImageNameSubstitutor (composite of 'ConfigurationFileImageNameSubstitutor' and 'PrefixingImageNameSubstitutor')
2022-10-14 10:02:36 [Test worker] INFO  : Loaded org.testcontainers.dockerclient.UnixSocketClientProviderStrategy from ~/.testcontainers.properties, will try it first
2022-10-14 10:02:37 [Test worker] INFO  : Found Docker environment with local Unix socket (unix:///var/run/docker.sock)
2022-10-14 10:02:37 [Test worker] INFO  : Docker host IP address is localhost
2022-10-14 10:02:37 [Test worker] INFO  : Connected to docker: 
  Server Version: 20.10.17
  API Version: 1.41
  Operating System: Docker Desktop
  Total Memory: 10215 MB
2022-10-14 10:02:37 [Test worker] INFO  : Creating container for image: testcontainers/ryuk:0.3.4
2022-10-14 10:02:37 [Test worker] INFO  : Credential helper/store (docker-credential-desktop) does not have credentials for https://index.docker.io/v1/
2022-10-14 10:02:37 [Test worker] INFO  : Container testcontainers/ryuk:0.3.4 is starting: 44132ffc3acbed36cd2769bd8e5edce73877d80651c1b7b04278998d2d51e73a
2022-10-14 10:02:37 [Test worker] INFO  : Container testcontainers/ryuk:0.3.4 started in PT0.558439S
2022-10-14 10:02:37 [Test worker] INFO  : Ryuk started - will monitor and terminate Testcontainers containers on JVM exit
2022-10-14 10:02:37 [Test worker] INFO  : Checking the system...
2022-10-14 10:02:37 [Test worker] INFO  : ✔︎ Docker server version should be at least 1.6.0
2022-10-14 10:02:37 [Test worker] INFO  : HOSTNAME_EXTERNAL environment variable set to localhost (to match host-routable address for container)
2022-10-14 10:02:37 [Test worker] INFO  : Creating container for image: localstack/localstack:1.0.0
2022-10-14 10:02:38 [Test worker] INFO  : Container localstack/localstack:1.0.0 is starting: 17143b201f70a265cd09896f224834b47a5389fa1d022b72faddbc3b3b0e4af4
2022-10-14 10:02:42 [Test worker] INFO  : Container localstack/localstack:1.0.0 started in PT4.192463S
2022-10-14 10:02:44 [Test worker] INFO  : Starting CloudStorageRepositoryTest using Java 11.0.16 on EPUZTASW007D with PID 11448 (started by Yusuf_Murodov in /Users/Yusuf_Murodov/Local/epam/traning/microservice-foundation/resource-service)
2022-10-14 10:02:44 [Test worker] INFO  : No active profile set, falling back to 1 default profile: "default"
2022-10-14 10:02:44 [Test worker] INFO  : Started CloudStorageRepositoryTest in 1.035 seconds (JVM running for 9.976)
2022-10-14 10:02:45 [Test worker] INFO  : Uploading file 'mpthreetest.mp3' to bucket 'com.epam.training.microservicefoundation.resourceservice.configuration.AwsS3Configuration$$EnhancerBySpringCGLIB$$2e051cae@4ba13fed'
2022-10-14 10:02:45 [Test worker] INFO  : Getting song by name 'mpthreetest.mp3' from bucket 'song-resource'
2022-10-14 10:17:15 [Test worker] INFO  : Could not detect default resource locations for test class [com.epam.training.microservicefoundation.resourceservice.repository.s3storage.CloudStorageRepositoryTest]: no resource found for suffixes {-context.xml, Context.groovy}.
2022-10-14 10:17:15 [Test worker] INFO  : Loaded default TestExecutionListener class names from location [META-INF/spring.factories]: [org.springframework.boot.test.autoconfigure.restdocs.RestDocsTestExecutionListener, org.springframework.boot.test.autoconfigure.web.client.MockRestServiceServerResetTestExecutionListener, org.springframework.boot.test.autoconfigure.web.servlet.MockMvcPrintOnlyOnFailureTestExecutionListener, org.springframework.boot.test.autoconfigure.web.servlet.WebDriverTestExecutionListener, org.springframework.boot.test.autoconfigure.webservices.client.MockWebServiceServerTestExecutionListener, org.springframework.boot.test.mock.mockito.MockitoTestExecutionListener, org.springframework.boot.test.mock.mockito.ResetMocksTestExecutionListener, org.springframework.test.context.web.ServletTestExecutionListener, org.springframework.test.context.support.DirtiesContextBeforeModesTestExecutionListener, org.springframework.test.context.event.ApplicationEventsTestExecutionListener, org.springframework.test.context.support.DependencyInjectionTestExecutionListener, org.springframework.test.context.support.DirtiesContextTestExecutionListener, org.springframework.test.context.transaction.TransactionalTestExecutionListener, org.springframework.test.context.jdbc.SqlScriptsTestExecutionListener, org.springframework.test.context.event.EventPublishingTestExecutionListener]
2022-10-14 10:17:15 [Test worker] INFO  : Using TestExecutionListeners: [org.springframework.test.context.web.ServletTestExecutionListener@4a1e3ac1, org.springframework.test.context.support.DirtiesContextBeforeModesTestExecutionListener@6e78fcf5, org.springframework.test.context.event.ApplicationEventsTestExecutionListener@56febdc, org.springframework.boot.test.mock.mockito.MockitoTestExecutionListener@3b8ee898, org.springframework.boot.test.autoconfigure.SpringBootDependencyInjectionTestExecutionListener@7d151a, org.springframework.test.context.support.DirtiesContextTestExecutionListener@294bdeb4, org.springframework.test.context.transaction.TransactionalTestExecutionListener@5300f14a, org.springframework.test.context.jdbc.SqlScriptsTestExecutionListener@1f86099a, org.springframework.test.context.event.EventPublishingTestExecutionListener@77bb0ab5, org.springframework.boot.test.autoconfigure.restdocs.RestDocsTestExecutionListener@f2c488, org.springframework.boot.test.autoconfigure.web.client.MockRestServiceServerResetTestExecutionListener@54acff7d, org.springframework.boot.test.autoconfigure.web.servlet.MockMvcPrintOnlyOnFailureTestExecutionListener@7bc9e6ab, org.springframework.boot.test.autoconfigure.web.servlet.WebDriverTestExecutionListener@5488b5c5, org.springframework.boot.test.autoconfigure.webservices.client.MockWebServiceServerTestExecutionListener@4248ed58, org.springframework.boot.test.mock.mockito.ResetMocksTestExecutionListener@712ca57b]
2022-10-14 10:17:16 [Test worker] INFO  : Image name substitution will be performed by: DefaultImageNameSubstitutor (composite of 'ConfigurationFileImageNameSubstitutor' and 'PrefixingImageNameSubstitutor')
2022-10-14 10:17:16 [Test worker] INFO  : Loaded org.testcontainers.dockerclient.UnixSocketClientProviderStrategy from ~/.testcontainers.properties, will try it first
2022-10-14 10:17:17 [Test worker] INFO  : Found Docker environment with local Unix socket (unix:///var/run/docker.sock)
2022-10-14 10:17:17 [Test worker] INFO  : Docker host IP address is localhost
2022-10-14 10:17:17 [Test worker] INFO  : Connected to docker: 
  Server Version: 20.10.17
  API Version: 1.41
  Operating System: Docker Desktop
  Total Memory: 10215 MB
2022-10-14 10:17:17 [Test worker] INFO  : Creating container for image: testcontainers/ryuk:0.3.4
2022-10-14 10:17:18 [Test worker] INFO  : Credential helper/store (docker-credential-desktop) does not have credentials for https://index.docker.io/v1/
2022-10-14 10:17:18 [Test worker] INFO  : Container testcontainers/ryuk:0.3.4 is starting: a077a31f0b633596648141660899bff3367591626a7bbec51bf1c5f3d5dc0639
2022-10-14 10:17:18 [Test worker] INFO  : Container testcontainers/ryuk:0.3.4 started in PT0.719642S
2022-10-14 10:17:18 [Test worker] INFO  : Ryuk started - will monitor and terminate Testcontainers containers on JVM exit
2022-10-14 10:17:18 [Test worker] INFO  : Checking the system...
2022-10-14 10:17:18 [Test worker] INFO  : ✔︎ Docker server version should be at least 1.6.0
2022-10-14 10:17:18 [Test worker] INFO  : HOSTNAME_EXTERNAL environment variable set to localhost (to match host-routable address for container)
2022-10-14 10:17:18 [Test worker] INFO  : Creating container for image: localstack/localstack:1.0.0
2022-10-14 10:17:19 [Test worker] INFO  : Container localstack/localstack:1.0.0 is starting: f1e3ef50154597f3a6e6a8879e7742bc9567b5b054bde6ce79c130c6f0025381
2022-10-14 10:17:23 [Test worker] INFO  : Container localstack/localstack:1.0.0 started in PT4.793769S
2022-10-14 10:17:25 [Test worker] INFO  : Starting CloudStorageRepositoryTest using Java 11.0.16 on EPUZTASW007D with PID 12406 (started by Yusuf_Murodov in /Users/Yusuf_Murodov/Local/epam/traning/microservice-foundation/resource-service)
2022-10-14 10:17:25 [Test worker] INFO  : No active profile set, falling back to 1 default profile: "default"
2022-10-14 10:17:26 [Test worker] INFO  : Started CloudStorageRepositoryTest in 1.125 seconds (JVM running for 12.012)
2022-10-14 10:17:26 [Test worker] INFO  : Uploading file 'mpthreetest.mp3' to bucket 'com.epam.training.microservicefoundation.resourceservice.configuration.AwsS3Configuration$$EnhancerBySpringCGLIB$$5c7edc4b@878feb2'
2022-10-14 10:17:27 [Test worker] INFO  : Deleting a song 'mpthreetest.mp3' from bucket 'song-resource'
2022-10-14 10:17:55 [Test worker] INFO  : Could not detect default resource locations for test class [com.epam.training.microservicefoundation.resourceservice.repository.s3storage.CloudStorageRepositoryTest]: no resource found for suffixes {-context.xml, Context.groovy}.
2022-10-14 10:17:55 [Test worker] INFO  : Loaded default TestExecutionListener class names from location [META-INF/spring.factories]: [org.springframework.boot.test.autoconfigure.restdocs.RestDocsTestExecutionListener, org.springframework.boot.test.autoconfigure.web.client.MockRestServiceServerResetTestExecutionListener, org.springframework.boot.test.autoconfigure.web.servlet.MockMvcPrintOnlyOnFailureTestExecutionListener, org.springframework.boot.test.autoconfigure.web.servlet.WebDriverTestExecutionListener, org.springframework.boot.test.autoconfigure.webservices.client.MockWebServiceServerTestExecutionListener, org.springframework.boot.test.mock.mockito.MockitoTestExecutionListener, org.springframework.boot.test.mock.mockito.ResetMocksTestExecutionListener, org.springframework.test.context.web.ServletTestExecutionListener, org.springframework.test.context.support.DirtiesContextBeforeModesTestExecutionListener, org.springframework.test.context.event.ApplicationEventsTestExecutionListener, org.springframework.test.context.support.DependencyInjectionTestExecutionListener, org.springframework.test.context.support.DirtiesContextTestExecutionListener, org.springframework.test.context.transaction.TransactionalTestExecutionListener, org.springframework.test.context.jdbc.SqlScriptsTestExecutionListener, org.springframework.test.context.event.EventPublishingTestExecutionListener]
2022-10-14 10:17:55 [Test worker] INFO  : Using TestExecutionListeners: [org.springframework.test.context.web.ServletTestExecutionListener@6e78fcf5, org.springframework.test.context.support.DirtiesContextBeforeModesTestExecutionListener@56febdc, org.springframework.test.context.event.ApplicationEventsTestExecutionListener@3b8ee898, org.springframework.boot.test.mock.mockito.MockitoTestExecutionListener@7d151a, org.springframework.boot.test.autoconfigure.SpringBootDependencyInjectionTestExecutionListener@294bdeb4, org.springframework.test.context.support.DirtiesContextTestExecutionListener@5300f14a, org.springframework.test.context.transaction.TransactionalTestExecutionListener@1f86099a, org.springframework.test.context.jdbc.SqlScriptsTestExecutionListener@77bb0ab5, org.springframework.test.context.event.EventPublishingTestExecutionListener@f2c488, org.springframework.boot.test.autoconfigure.restdocs.RestDocsTestExecutionListener@54acff7d, org.springframework.boot.test.autoconfigure.web.client.MockRestServiceServerResetTestExecutionListener@7bc9e6ab, org.springframework.boot.test.autoconfigure.web.servlet.MockMvcPrintOnlyOnFailureTestExecutionListener@5488b5c5, org.springframework.boot.test.autoconfigure.web.servlet.WebDriverTestExecutionListener@4248ed58, org.springframework.boot.test.autoconfigure.webservices.client.MockWebServiceServerTestExecutionListener@712ca57b, org.springframework.boot.test.mock.mockito.ResetMocksTestExecutionListener@4564e94b]
2022-10-14 10:17:55 [Test worker] INFO  : Image name substitution will be performed by: DefaultImageNameSubstitutor (composite of 'ConfigurationFileImageNameSubstitutor' and 'PrefixingImageNameSubstitutor')
2022-10-14 10:17:55 [Test worker] INFO  : Loaded org.testcontainers.dockerclient.UnixSocketClientProviderStrategy from ~/.testcontainers.properties, will try it first
2022-10-14 10:17:56 [Test worker] INFO  : Found Docker environment with local Unix socket (unix:///var/run/docker.sock)
2022-10-14 10:17:56 [Test worker] INFO  : Docker host IP address is localhost
2022-10-14 10:17:56 [Test worker] INFO  : Connected to docker: 
  Server Version: 20.10.17
  API Version: 1.41
  Operating System: Docker Desktop
  Total Memory: 10215 MB
2022-10-14 10:17:56 [Test worker] INFO  : Creating container for image: testcontainers/ryuk:0.3.4
2022-10-14 10:17:56 [Test worker] INFO  : Credential helper/store (docker-credential-desktop) does not have credentials for https://index.docker.io/v1/
2022-10-14 10:17:56 [Test worker] INFO  : Container testcontainers/ryuk:0.3.4 is starting: 45dbffab4b96007e0bfff6e95d2ee4aa6ee5c07ce838b24b3bb5290e260dd4fe
2022-10-14 10:17:57 [Test worker] INFO  : Container testcontainers/ryuk:0.3.4 started in PT0.62537S
2022-10-14 10:17:57 [Test worker] INFO  : Ryuk started - will monitor and terminate Testcontainers containers on JVM exit
2022-10-14 10:17:57 [Test worker] INFO  : Checking the system...
2022-10-14 10:17:57 [Test worker] INFO  : ✔︎ Docker server version should be at least 1.6.0
2022-10-14 10:17:57 [Test worker] INFO  : HOSTNAME_EXTERNAL environment variable set to localhost (to match host-routable address for container)
2022-10-14 10:17:57 [Test worker] INFO  : Creating container for image: localstack/localstack:1.0.0
2022-10-14 10:17:57 [Test worker] INFO  : Container localstack/localstack:1.0.0 is starting: 8ece112ad81ed45ffd321c4c393e11abfb91be15cb560ab9cd986cfb3bfa562e
2022-10-14 10:18:01 [Test worker] INFO  : Container localstack/localstack:1.0.0 started in PT4.406556S
2022-10-14 10:18:03 [Test worker] INFO  : Starting CloudStorageRepositoryTest using Java 11.0.16 on EPUZTASW007D with PID 12465 (started by Yusuf_Murodov in /Users/Yusuf_Murodov/Local/epam/traning/microservice-foundation/resource-service)
2022-10-14 10:18:03 [Test worker] INFO  : No active profile set, falling back to 1 default profile: "default"
2022-10-14 10:18:04 [Test worker] INFO  : Started CloudStorageRepositoryTest in 1.139 seconds (JVM running for 10.486)
2022-10-14 10:18:05 [Test worker] INFO  : Uploading file 'mpthreetest.mp3' to bucket 'com.epam.training.microservicefoundation.resourceservice.configuration.AwsS3Configuration$$EnhancerBySpringCGLIB$$57d99c04@67a38'
2022-10-14 10:18:05 [Test worker] INFO  : Deleting a song 'mpthreetest.mp3' from bucket 'song-resource'
2022-10-14 10:27:15 [Test worker] INFO  : Could not detect default resource locations for test class [com.epam.training.microservicefoundation.resourceservice.repository.s3storage.CloudStorageRepositoryTest]: no resource found for suffixes {-context.xml, Context.groovy}.
2022-10-14 10:27:15 [Test worker] INFO  : Loaded default TestExecutionListener class names from location [META-INF/spring.factories]: [org.springframework.boot.test.autoconfigure.restdocs.RestDocsTestExecutionListener, org.springframework.boot.test.autoconfigure.web.client.MockRestServiceServerResetTestExecutionListener, org.springframework.boot.test.autoconfigure.web.servlet.MockMvcPrintOnlyOnFailureTestExecutionListener, org.springframework.boot.test.autoconfigure.web.servlet.WebDriverTestExecutionListener, org.springframework.boot.test.autoconfigure.webservices.client.MockWebServiceServerTestExecutionListener, org.springframework.boot.test.mock.mockito.MockitoTestExecutionListener, org.springframework.boot.test.mock.mockito.ResetMocksTestExecutionListener, org.springframework.test.context.web.ServletTestExecutionListener, org.springframework.test.context.support.DirtiesContextBeforeModesTestExecutionListener, org.springframework.test.context.event.ApplicationEventsTestExecutionListener, org.springframework.test.context.support.DependencyInjectionTestExecutionListener, org.springframework.test.context.support.DirtiesContextTestExecutionListener, org.springframework.test.context.transaction.TransactionalTestExecutionListener, org.springframework.test.context.jdbc.SqlScriptsTestExecutionListener, org.springframework.test.context.event.EventPublishingTestExecutionListener]
2022-10-14 10:27:15 [Test worker] INFO  : Using TestExecutionListeners: [org.springframework.test.context.web.ServletTestExecutionListener@6e78fcf5, org.springframework.test.context.support.DirtiesContextBeforeModesTestExecutionListener@56febdc, org.springframework.test.context.event.ApplicationEventsTestExecutionListener@3b8ee898, org.springframework.boot.test.mock.mockito.MockitoTestExecutionListener@7d151a, org.springframework.boot.test.autoconfigure.SpringBootDependencyInjectionTestExecutionListener@294bdeb4, org.springframework.test.context.support.DirtiesContextTestExecutionListener@5300f14a, org.springframework.test.context.transaction.TransactionalTestExecutionListener@1f86099a, org.springframework.test.context.jdbc.SqlScriptsTestExecutionListener@77bb0ab5, org.springframework.test.context.event.EventPublishingTestExecutionListener@f2c488, org.springframework.boot.test.autoconfigure.restdocs.RestDocsTestExecutionListener@54acff7d, org.springframework.boot.test.autoconfigure.web.client.MockRestServiceServerResetTestExecutionListener@7bc9e6ab, org.springframework.boot.test.autoconfigure.web.servlet.MockMvcPrintOnlyOnFailureTestExecutionListener@5488b5c5, org.springframework.boot.test.autoconfigure.web.servlet.WebDriverTestExecutionListener@4248ed58, org.springframework.boot.test.autoconfigure.webservices.client.MockWebServiceServerTestExecutionListener@712ca57b, org.springframework.boot.test.mock.mockito.ResetMocksTestExecutionListener@4564e94b]
2022-10-14 10:27:15 [Test worker] INFO  : Image name substitution will be performed by: DefaultImageNameSubstitutor (composite of 'ConfigurationFileImageNameSubstitutor' and 'PrefixingImageNameSubstitutor')
2022-10-14 10:27:15 [Test worker] INFO  : Loaded org.testcontainers.dockerclient.UnixSocketClientProviderStrategy from ~/.testcontainers.properties, will try it first
2022-10-14 10:27:17 [Test worker] INFO  : Found Docker environment with local Unix socket (unix:///var/run/docker.sock)
2022-10-14 10:27:17 [Test worker] INFO  : Docker host IP address is localhost
2022-10-14 10:27:17 [Test worker] INFO  : Connected to docker: 
  Server Version: 20.10.17
  API Version: 1.41
  Operating System: Docker Desktop
  Total Memory: 10215 MB
2022-10-14 10:27:17 [Test worker] INFO  : Creating container for image: testcontainers/ryuk:0.3.4
2022-10-14 10:27:17 [Test worker] INFO  : Credential helper/store (docker-credential-desktop) does not have credentials for https://index.docker.io/v1/
2022-10-14 10:27:17 [Test worker] INFO  : Container testcontainers/ryuk:0.3.4 is starting: fb65462076cfe1ac707aebc794113be0f3246a75af018f3f1ef06d65af7317a3
2022-10-14 10:27:18 [Test worker] INFO  : Container testcontainers/ryuk:0.3.4 started in PT0.698666S
2022-10-14 10:27:18 [Test worker] INFO  : Ryuk started - will monitor and terminate Testcontainers containers on JVM exit
2022-10-14 10:27:18 [Test worker] INFO  : Checking the system...
2022-10-14 10:27:18 [Test worker] INFO  : ✔︎ Docker server version should be at least 1.6.0
2022-10-14 10:27:18 [Test worker] INFO  : HOSTNAME_EXTERNAL environment variable set to localhost (to match host-routable address for container)
2022-10-14 10:27:18 [Test worker] INFO  : Creating container for image: localstack/localstack:1.0.0
2022-10-14 10:27:18 [Test worker] INFO  : Container localstack/localstack:1.0.0 is starting: 4582a4de2f3807559243532f601b14e0e82da2ed3e020ec697a334fc957c0598
2022-10-14 10:27:23 [Test worker] INFO  : Container localstack/localstack:1.0.0 started in PT5.081606S
2022-10-14 10:27:26 [Test worker] INFO  : Starting CloudStorageRepositoryTest using Java 11.0.16 on EPUZTASW007D with PID 12866 (started by Yusuf_Murodov in /Users/Yusuf_Murodov/Local/epam/traning/microservice-foundation/resource-service)
2022-10-14 10:27:26 [Test worker] INFO  : No active profile set, falling back to 1 default profile: "default"
2022-10-14 10:27:27 [Test worker] INFO  : Started CloudStorageRepositoryTest in 2.044 seconds (JVM running for 14.199)
2022-10-14 10:27:28 [Test worker] INFO  : Uploading file 'mpthreetest.mp3' to bucket 'com.epam.training.microservicefoundation.resourceservice.configuration.AwsS3Configuration$$EnhancerBySpringCGLIB$$57d99c04@5b5b8730'
2022-10-14 10:27:28 [Test worker] INFO  : Deleting a song 'mpthreetest.mp3' from bucket 'song-resource'
2022-10-14 10:30:37 [Test worker] INFO  : Could not detect default resource locations for test class [com.epam.training.microservicefoundation.resourceservice.repository.s3storage.CloudStorageRepositoryTest]: no resource found for suffixes {-context.xml, Context.groovy}.
2022-10-14 10:30:37 [Test worker] INFO  : Loaded default TestExecutionListener class names from location [META-INF/spring.factories]: [org.springframework.boot.test.autoconfigure.restdocs.RestDocsTestExecutionListener, org.springframework.boot.test.autoconfigure.web.client.MockRestServiceServerResetTestExecutionListener, org.springframework.boot.test.autoconfigure.web.servlet.MockMvcPrintOnlyOnFailureTestExecutionListener, org.springframework.boot.test.autoconfigure.web.servlet.WebDriverTestExecutionListener, org.springframework.boot.test.autoconfigure.webservices.client.MockWebServiceServerTestExecutionListener, org.springframework.boot.test.mock.mockito.MockitoTestExecutionListener, org.springframework.boot.test.mock.mockito.ResetMocksTestExecutionListener, org.springframework.test.context.web.ServletTestExecutionListener, org.springframework.test.context.support.DirtiesContextBeforeModesTestExecutionListener, org.springframework.test.context.event.ApplicationEventsTestExecutionListener, org.springframework.test.context.support.DependencyInjectionTestExecutionListener, org.springframework.test.context.support.DirtiesContextTestExecutionListener, org.springframework.test.context.transaction.TransactionalTestExecutionListener, org.springframework.test.context.jdbc.SqlScriptsTestExecutionListener, org.springframework.test.context.event.EventPublishingTestExecutionListener]
2022-10-14 10:30:37 [Test worker] INFO  : Using TestExecutionListeners: [org.springframework.test.context.web.ServletTestExecutionListener@4a1e3ac1, org.springframework.test.context.support.DirtiesContextBeforeModesTestExecutionListener@6e78fcf5, org.springframework.test.context.event.ApplicationEventsTestExecutionListener@56febdc, org.springframework.boot.test.mock.mockito.MockitoTestExecutionListener@3b8ee898, org.springframework.boot.test.autoconfigure.SpringBootDependencyInjectionTestExecutionListener@7d151a, org.springframework.test.context.support.DirtiesContextTestExecutionListener@294bdeb4, org.springframework.test.context.transaction.TransactionalTestExecutionListener@5300f14a, org.springframework.test.context.jdbc.SqlScriptsTestExecutionListener@1f86099a, org.springframework.test.context.event.EventPublishingTestExecutionListener@77bb0ab5, org.springframework.boot.test.autoconfigure.restdocs.RestDocsTestExecutionListener@f2c488, org.springframework.boot.test.autoconfigure.web.client.MockRestServiceServerResetTestExecutionListener@54acff7d, org.springframework.boot.test.autoconfigure.web.servlet.MockMvcPrintOnlyOnFailureTestExecutionListener@7bc9e6ab, org.springframework.boot.test.autoconfigure.web.servlet.WebDriverTestExecutionListener@5488b5c5, org.springframework.boot.test.autoconfigure.webservices.client.MockWebServiceServerTestExecutionListener@4248ed58, org.springframework.boot.test.mock.mockito.ResetMocksTestExecutionListener@712ca57b]
2022-10-14 10:30:37 [Test worker] INFO  : Image name substitution will be performed by: DefaultImageNameSubstitutor (composite of 'ConfigurationFileImageNameSubstitutor' and 'PrefixingImageNameSubstitutor')
2022-10-14 10:30:38 [Test worker] INFO  : Loaded org.testcontainers.dockerclient.UnixSocketClientProviderStrategy from ~/.testcontainers.properties, will try it first
2022-10-14 10:30:39 [Test worker] INFO  : Found Docker environment with local Unix socket (unix:///var/run/docker.sock)
2022-10-14 10:30:39 [Test worker] INFO  : Docker host IP address is localhost
2022-10-14 10:30:39 [Test worker] INFO  : Connected to docker: 
  Server Version: 20.10.17
  API Version: 1.41
  Operating System: Docker Desktop
  Total Memory: 10215 MB
2022-10-14 10:30:39 [Test worker] INFO  : Creating container for image: testcontainers/ryuk:0.3.4
2022-10-14 10:30:40 [Test worker] INFO  : Credential helper/store (docker-credential-desktop) does not have credentials for https://index.docker.io/v1/
2022-10-14 10:30:40 [Test worker] INFO  : Container testcontainers/ryuk:0.3.4 is starting: 52ae2041512ba3f5ce2496a10cea7ef5f714183742434d480397c30019d3b75b
2022-10-14 10:30:41 [Test worker] INFO  : Container testcontainers/ryuk:0.3.4 started in PT1.556379S
2022-10-14 10:30:41 [Test worker] INFO  : Ryuk started - will monitor and terminate Testcontainers containers on JVM exit
2022-10-14 10:30:41 [Test worker] INFO  : Checking the system...
2022-10-14 10:30:41 [Test worker] INFO  : ✔︎ Docker server version should be at least 1.6.0
2022-10-14 10:30:41 [Test worker] INFO  : HOSTNAME_EXTERNAL environment variable set to localhost (to match host-routable address for container)
2022-10-14 10:30:41 [Test worker] INFO  : Creating container for image: localstack/localstack:1.0.0
2022-10-14 10:30:41 [Test worker] INFO  : Container localstack/localstack:1.0.0 is starting: 4448860880d1927fb0032543730fdc3b8cf4b618da157d1a9a11e67df842d209
2022-10-14 10:30:45 [Test worker] INFO  : Container localstack/localstack:1.0.0 started in PT4.346331S
2022-10-14 10:30:48 [Test worker] INFO  : Starting CloudStorageRepositoryTest using Java 11.0.16 on EPUZTASW007D with PID 13288 (started by Yusuf_Murodov in /Users/Yusuf_Murodov/Local/epam/traning/microservice-foundation/resource-service)
2022-10-14 10:30:48 [Test worker] INFO  : No active profile set, falling back to 1 default profile: "default"
2022-10-14 10:30:48 [Test worker] INFO  : Started CloudStorageRepositoryTest in 1.043 seconds (JVM running for 12.035)
2022-10-14 10:30:49 [Test worker] INFO  : Uploading file 'mpthreetest.mp3' to bucket 'com.epam.training.microservicefoundation.resourceservice.configuration.AwsS3Configuration$$EnhancerBySpringCGLIB$$5c7edc4b@683fe7b5'
2022-10-14 10:30:49 [Test worker] INFO  : Deleting a song 'mpthreetest.mp3' from bucket 'song-resource'
2022-10-14 10:30:49 [Test worker] INFO  : Getting song by name 'mpthreetest.mp3' from bucket 'song-resource'
2022-10-14 10:30:49 [Test worker] ERROR : Resource not found with key 'mpthreetest.mp3' 
reason: {}
software.amazon.awssdk.services.s3.model.NoSuchKeyException: The specified key does not exist. (Service: S3, Status Code: 404, Request ID: 7a62c49f-347e-4fc4-9331-6e8eEXAMPLE, Extended Request ID: MzRISOwyjmnup2C795085E9C124817/JypPGXLh0OVFGcJaaO3KW/hRAqKOpIEEp)
	at software.amazon.awssdk.core.internal.http.CombinedResponseHandler.handleErrorResponse(CombinedResponseHandler.java:125)
	at software.amazon.awssdk.core.internal.http.CombinedResponseHandler.handleResponse(CombinedResponseHandler.java:82)
	at software.amazon.awssdk.core.internal.http.CombinedResponseHandler.handle(CombinedResponseHandler.java:60)
	at software.amazon.awssdk.core.internal.http.CombinedResponseHandler.handle(CombinedResponseHandler.java:41)
	at software.amazon.awssdk.core.internal.http.pipeline.stages.HandleResponseStage.execute(HandleResponseStage.java:40)
	at software.amazon.awssdk.core.internal.http.pipeline.stages.HandleResponseStage.execute(HandleResponseStage.java:30)
	at software.amazon.awssdk.core.internal.http.pipeline.RequestPipelineBuilder$ComposingRequestPipelineStage.execute(RequestPipelineBuilder.java:206)
	at software.amazon.awssdk.core.internal.http.pipeline.stages.ApiCallAttemptTimeoutTrackingStage.execute(ApiCallAttemptTimeoutTrackingStage.java:73)
	at software.amazon.awssdk.core.internal.http.pipeline.stages.ApiCallAttemptTimeoutTrackingStage.execute(ApiCallAttemptTimeoutTrackingStage.java:42)
	at software.amazon.awssdk.core.internal.http.pipeline.stages.TimeoutExceptionHandlingStage.execute(TimeoutExceptionHandlingStage.java:78)
	at software.amazon.awssdk.core.internal.http.pipeline.stages.TimeoutExceptionHandlingStage.execute(TimeoutExceptionHandlingStage.java:40)
	at software.amazon.awssdk.core.internal.http.pipeline.stages.ApiCallAttemptMetricCollectionStage.execute(ApiCallAttemptMetricCollectionStage.java:50)
	at software.amazon.awssdk.core.internal.http.pipeline.stages.ApiCallAttemptMetricCollectionStage.execute(ApiCallAttemptMetricCollectionStage.java:36)
	at software.amazon.awssdk.core.internal.http.pipeline.stages.RetryableStage.execute(RetryableStage.java:81)
	at software.amazon.awssdk.core.internal.http.pipeline.stages.RetryableStage.execute(RetryableStage.java:36)
	at software.amazon.awssdk.core.internal.http.pipeline.RequestPipelineBuilder$ComposingRequestPipelineStage.execute(RequestPipelineBuilder.java:206)
	at software.amazon.awssdk.core.internal.http.StreamManagingStage.execute(StreamManagingStage.java:56)
	at software.amazon.awssdk.core.internal.http.StreamManagingStage.execute(StreamManagingStage.java:36)
	at software.amazon.awssdk.core.internal.http.pipeline.stages.ApiCallTimeoutTrackingStage.executeWithTimer(ApiCallTimeoutTrackingStage.java:80)
	at software.amazon.awssdk.core.internal.http.pipeline.stages.ApiCallTimeoutTrackingStage.execute(ApiCallTimeoutTrackingStage.java:60)
	at software.amazon.awssdk.core.internal.http.pipeline.stages.ApiCallTimeoutTrackingStage.execute(ApiCallTimeoutTrackingStage.java:42)
	at software.amazon.awssdk.core.internal.http.pipeline.stages.ApiCallMetricCollectionStage.execute(ApiCallMetricCollectionStage.java:48)
	at software.amazon.awssdk.core.internal.http.pipeline.stages.ApiCallMetricCollectionStage.execute(ApiCallMetricCollectionStage.java:31)
	at software.amazon.awssdk.core.internal.http.pipeline.RequestPipelineBuilder$ComposingRequestPipelineStage.execute(RequestPipelineBuilder.java:206)
	at software.amazon.awssdk.core.internal.http.pipeline.RequestPipelineBuilder$ComposingRequestPipelineStage.execute(RequestPipelineBuilder.java:206)
	at software.amazon.awssdk.core.internal.http.pipeline.stages.ExecutionFailureExceptionReportingStage.execute(ExecutionFailureExceptionReportingStage.java:37)
	at software.amazon.awssdk.core.internal.http.pipeline.stages.ExecutionFailureExceptionReportingStage.execute(ExecutionFailureExceptionReportingStage.java:26)
	at software.amazon.awssdk.core.internal.http.AmazonSyncHttpClient$RequestExecutionBuilderImpl.execute(AmazonSyncHttpClient.java:193)
	at software.amazon.awssdk.core.internal.handler.BaseSyncClientHandler.invoke(BaseSyncClientHandler.java:103)
	at software.amazon.awssdk.core.internal.handler.BaseSyncClientHandler.doExecute(BaseSyncClientHandler.java:171)
	at software.amazon.awssdk.core.internal.handler.BaseSyncClientHandler.lambda$execute$0(BaseSyncClientHandler.java:68)
	at software.amazon.awssdk.core.internal.handler.BaseSyncClientHandler.measureApiCallSuccess(BaseSyncClientHandler.java:179)
	at software.amazon.awssdk.core.internal.handler.BaseSyncClientHandler.execute(BaseSyncClientHandler.java:62)
	at software.amazon.awssdk.core.client.handler.SdkSyncClientHandler.execute(SdkSyncClientHandler.java:52)
	at software.amazon.awssdk.awscore.client.handler.AwsSyncClientHandler.execute(AwsSyncClientHandler.java:63)
	at software.amazon.awssdk.services.s3.DefaultS3Client.getObject(DefaultS3Client.java:4483)
	at software.amazon.awssdk.services.s3.S3Client.getObject(S3Client.java:7889)
	at com.epam.training.microservicefoundation.resourceservice.repository.CloudStorageRepository.getByName(CloudStorageRepository.java:67)
	at com.epam.training.microservicefoundation.resourceservice.repository.s3storage.CloudStorageRepositoryTest.lambda$shouldDeleteSong$1(CloudStorageRepositoryTest.java:68)
	at org.junit.jupiter.api.AssertThrows.assertThrows(AssertThrows.java:55)
	at org.junit.jupiter.api.AssertThrows.assertThrows(AssertThrows.java:37)
	at org.junit.jupiter.api.Assertions.assertThrows(Assertions.java:3082)
	at com.epam.training.microservicefoundation.resourceservice.repository.s3storage.CloudStorageRepositoryTest.shouldDeleteSong(CloudStorageRepositoryTest.java:68)
	at java.base/jdk.internal.reflect.NativeMethodAccessorImpl.invoke0(Native Method)
	at java.base/jdk.internal.reflect.NativeMethodAccessorImpl.invoke(NativeMethodAccessorImpl.java:62)
	at java.base/jdk.internal.reflect.DelegatingMethodAccessorImpl.invoke(DelegatingMethodAccessorImpl.java:43)
	at java.base/java.lang.reflect.Method.invoke(Method.java:566)
	at org.junit.platform.commons.util.ReflectionUtils.invokeMethod(ReflectionUtils.java:725)
	at org.junit.jupiter.engine.execution.MethodInvocation.proceed(MethodInvocation.java:60)
	at org.junit.jupiter.engine.execution.InvocationInterceptorChain$ValidatingInvocation.proceed(InvocationInterceptorChain.java:131)
	at org.junit.jupiter.engine.extension.TimeoutExtension.intercept(TimeoutExtension.java:149)
	at org.junit.jupiter.engine.extension.TimeoutExtension.interceptTestableMethod(TimeoutExtension.java:140)
	at org.junit.jupiter.engine.extension.TimeoutExtension.interceptTestMethod(TimeoutExtension.java:84)
	at org.junit.jupiter.engine.execution.ExecutableInvoker$ReflectiveInterceptorCall.lambda$ofVoidMethod$0(ExecutableInvoker.java:115)
	at org.junit.jupiter.engine.execution.ExecutableInvoker.lambda$invoke$0(ExecutableInvoker.java:105)
	at org.junit.jupiter.engine.execution.InvocationInterceptorChain$InterceptedInvocation.proceed(InvocationInterceptorChain.java:106)
	at org.junit.jupiter.engine.execution.InvocationInterceptorChain.proceed(InvocationInterceptorChain.java:64)
	at org.junit.jupiter.engine.execution.InvocationInterceptorChain.chainAndInvoke(InvocationInterceptorChain.java:45)
	at org.junit.jupiter.engine.execution.InvocationInterceptorChain.invoke(InvocationInterceptorChain.java:37)
	at org.junit.jupiter.engine.execution.ExecutableInvoker.invoke(ExecutableInvoker.java:104)
	at org.junit.jupiter.engine.execution.ExecutableInvoker.invoke(ExecutableInvoker.java:98)
	at org.junit.jupiter.engine.descriptor.TestMethodTestDescriptor.lambda$invokeTestMethod$7(TestMethodTestDescriptor.java:214)
	at org.junit.platform.engine.support.hierarchical.ThrowableCollector.execute(ThrowableCollector.java:73)
	at org.junit.jupiter.engine.descriptor.TestMethodTestDescriptor.invokeTestMethod(TestMethodTestDescriptor.java:210)
	at org.junit.jupiter.engine.descriptor.TestMethodTestDescriptor.execute(TestMethodTestDescriptor.java:135)
	at org.junit.jupiter.engine.descriptor.TestMethodTestDescriptor.execute(TestMethodTestDescriptor.java:66)
	at org.junit.platform.engine.support.hierarchical.NodeTestTask.lambda$executeRecursively$6(NodeTestTask.java:151)
	at org.junit.platform.engine.support.hierarchical.ThrowableCollector.execute(ThrowableCollector.java:73)
	at org.junit.platform.engine.support.hierarchical.NodeTestTask.lambda$executeRecursively$8(NodeTestTask.java:141)
	at org.junit.platform.engine.support.hierarchical.Node.around(Node.java:137)
	at org.junit.platform.engine.support.hierarchical.NodeTestTask.lambda$executeRecursively$9(NodeTestTask.java:139)
	at org.junit.platform.engine.support.hierarchical.ThrowableCollector.execute(ThrowableCollector.java:73)
	at org.junit.platform.engine.support.hierarchical.NodeTestTask.executeRecursively(NodeTestTask.java:138)
	at org.junit.platform.engine.support.hierarchical.NodeTestTask.execute(NodeTestTask.java:95)
	at java.base/java.util.ArrayList.forEach(ArrayList.java:1541)
	at org.junit.platform.engine.support.hierarchical.SameThreadHierarchicalTestExecutorService.invokeAll(SameThreadHierarchicalTestExecutorService.java:41)
	at org.junit.platform.engine.support.hierarchical.NodeTestTask.lambda$executeRecursively$6(NodeTestTask.java:155)
	at org.junit.platform.engine.support.hierarchical.ThrowableCollector.execute(ThrowableCollector.java:73)
	at org.junit.platform.engine.support.hierarchical.NodeTestTask.lambda$executeRecursively$8(NodeTestTask.java:141)
	at org.junit.platform.engine.support.hierarchical.Node.around(Node.java:137)
	at org.junit.platform.engine.support.hierarchical.NodeTestTask.lambda$executeRecursively$9(NodeTestTask.java:139)
	at org.junit.platform.engine.support.hierarchical.ThrowableCollector.execute(ThrowableCollector.java:73)
	at org.junit.platform.engine.support.hierarchical.NodeTestTask.executeRecursively(NodeTestTask.java:138)
	at org.junit.platform.engine.support.hierarchical.NodeTestTask.execute(NodeTestTask.java:95)
	at java.base/java.util.ArrayList.forEach(ArrayList.java:1541)
	at org.junit.platform.engine.support.hierarchical.SameThreadHierarchicalTestExecutorService.invokeAll(SameThreadHierarchicalTestExecutorService.java:41)
	at org.junit.platform.engine.support.hierarchical.NodeTestTask.lambda$executeRecursively$6(NodeTestTask.java:155)
	at org.junit.platform.engine.support.hierarchical.ThrowableCollector.execute(ThrowableCollector.java:73)
	at org.junit.platform.engine.support.hierarchical.NodeTestTask.lambda$executeRecursively$8(NodeTestTask.java:141)
	at org.junit.platform.engine.support.hierarchical.Node.around(Node.java:137)
	at org.junit.platform.engine.support.hierarchical.NodeTestTask.lambda$executeRecursively$9(NodeTestTask.java:139)
	at org.junit.platform.engine.support.hierarchical.ThrowableCollector.execute(ThrowableCollector.java:73)
	at org.junit.platform.engine.support.hierarchical.NodeTestTask.executeRecursively(NodeTestTask.java:138)
	at org.junit.platform.engine.support.hierarchical.NodeTestTask.execute(NodeTestTask.java:95)
	at org.junit.platform.engine.support.hierarchical.SameThreadHierarchicalTestExecutorService.submit(SameThreadHierarchicalTestExecutorService.java:35)
	at org.junit.platform.engine.support.hierarchical.HierarchicalTestExecutor.execute(HierarchicalTestExecutor.java:57)
	at org.junit.platform.engine.support.hierarchical.HierarchicalTestEngine.execute(HierarchicalTestEngine.java:54)
	at org.junit.platform.launcher.core.EngineExecutionOrchestrator.execute(EngineExecutionOrchestrator.java:108)
	at org.junit.platform.launcher.core.EngineExecutionOrchestrator.execute(EngineExecutionOrchestrator.java:88)
	at org.junit.platform.launcher.core.EngineExecutionOrchestrator.lambda$execute$0(EngineExecutionOrchestrator.java:54)
	at org.junit.platform.launcher.core.EngineExecutionOrchestrator.withInterceptedStreams(EngineExecutionOrchestrator.java:67)
	at org.junit.platform.launcher.core.EngineExecutionOrchestrator.execute(EngineExecutionOrchestrator.java:52)
	at org.junit.platform.launcher.core.DefaultLauncher.execute(DefaultLauncher.java:96)
	at org.junit.platform.launcher.core.DefaultLauncher.execute(DefaultLauncher.java:75)
	at org.gradle.api.internal.tasks.testing.junitplatform.JUnitPlatformTestClassProcessor$CollectAllTestClassesExecutor.processAllTestClasses(JUnitPlatformTestClassProcessor.java:99)
	at org.gradle.api.internal.tasks.testing.junitplatform.JUnitPlatformTestClassProcessor$CollectAllTestClassesExecutor.access$000(JUnitPlatformTestClassProcessor.java:79)
	at org.gradle.api.internal.tasks.testing.junitplatform.JUnitPlatformTestClassProcessor.stop(JUnitPlatformTestClassProcessor.java:75)
	at org.gradle.api.internal.tasks.testing.SuiteTestClassProcessor.stop(SuiteTestClassProcessor.java:61)
	at java.base/jdk.internal.reflect.NativeMethodAccessorImpl.invoke0(Native Method)
	at java.base/jdk.internal.reflect.NativeMethodAccessorImpl.invoke(NativeMethodAccessorImpl.java:62)
	at java.base/jdk.internal.reflect.DelegatingMethodAccessorImpl.invoke(DelegatingMethodAccessorImpl.java:43)
	at java.base/java.lang.reflect.Method.invoke(Method.java:566)
	at org.gradle.internal.dispatch.ReflectionDispatch.dispatch(ReflectionDispatch.java:36)
	at org.gradle.internal.dispatch.ReflectionDispatch.dispatch(ReflectionDispatch.java:24)
	at org.gradle.internal.dispatch.ContextClassLoaderDispatch.dispatch(ContextClassLoaderDispatch.java:33)
	at org.gradle.internal.dispatch.ProxyDispatchAdapter$DispatchingInvocationHandler.invoke(ProxyDispatchAdapter.java:94)
	at com.sun.proxy.$Proxy2.stop(Unknown Source)
	at org.gradle.api.internal.tasks.testing.worker.TestWorker$3.run(TestWorker.java:193)
	at org.gradle.api.internal.tasks.testing.worker.TestWorker.executeAndMaintainThreadName(TestWorker.java:129)
	at org.gradle.api.internal.tasks.testing.worker.TestWorker.execute(TestWorker.java:100)
	at org.gradle.api.internal.tasks.testing.worker.TestWorker.execute(TestWorker.java:60)
	at org.gradle.process.internal.worker.child.ActionExecutionWorker.execute(ActionExecutionWorker.java:56)
	at org.gradle.process.internal.worker.child.SystemApplicationClassLoaderWorker.call(SystemApplicationClassLoaderWorker.java:133)
	at org.gradle.process.internal.worker.child.SystemApplicationClassLoaderWorker.call(SystemApplicationClassLoaderWorker.java:71)
	at worker.org.gradle.process.internal.worker.GradleWorkerMain.run(GradleWorkerMain.java:69)
	at worker.org.gradle.process.internal.worker.GradleWorkerMain.main(GradleWorkerMain.java:74)
2022-10-14 10:31:30 [Test worker] INFO  : Could not detect default resource locations for test class [com.epam.training.microservicefoundation.resourceservice.repository.s3storage.CloudStorageRepositoryTest]: no resource found for suffixes {-context.xml, Context.groovy}.
2022-10-14 10:31:30 [Test worker] INFO  : Loaded default TestExecutionListener class names from location [META-INF/spring.factories]: [org.springframework.boot.test.autoconfigure.restdocs.RestDocsTestExecutionListener, org.springframework.boot.test.autoconfigure.web.client.MockRestServiceServerResetTestExecutionListener, org.springframework.boot.test.autoconfigure.web.servlet.MockMvcPrintOnlyOnFailureTestExecutionListener, org.springframework.boot.test.autoconfigure.web.servlet.WebDriverTestExecutionListener, org.springframework.boot.test.autoconfigure.webservices.client.MockWebServiceServerTestExecutionListener, org.springframework.boot.test.mock.mockito.MockitoTestExecutionListener, org.springframework.boot.test.mock.mockito.ResetMocksTestExecutionListener, org.springframework.test.context.web.ServletTestExecutionListener, org.springframework.test.context.support.DirtiesContextBeforeModesTestExecutionListener, org.springframework.test.context.event.ApplicationEventsTestExecutionListener, org.springframework.test.context.support.DependencyInjectionTestExecutionListener, org.springframework.test.context.support.DirtiesContextTestExecutionListener, org.springframework.test.context.transaction.TransactionalTestExecutionListener, org.springframework.test.context.jdbc.SqlScriptsTestExecutionListener, org.springframework.test.context.event.EventPublishingTestExecutionListener]
2022-10-14 10:31:30 [Test worker] INFO  : Using TestExecutionListeners: [org.springframework.test.context.web.ServletTestExecutionListener@4a1e3ac1, org.springframework.test.context.support.DirtiesContextBeforeModesTestExecutionListener@6e78fcf5, org.springframework.test.context.event.ApplicationEventsTestExecutionListener@56febdc, org.springframework.boot.test.mock.mockito.MockitoTestExecutionListener@3b8ee898, org.springframework.boot.test.autoconfigure.SpringBootDependencyInjectionTestExecutionListener@7d151a, org.springframework.test.context.support.DirtiesContextTestExecutionListener@294bdeb4, org.springframework.test.context.transaction.TransactionalTestExecutionListener@5300f14a, org.springframework.test.context.jdbc.SqlScriptsTestExecutionListener@1f86099a, org.springframework.test.context.event.EventPublishingTestExecutionListener@77bb0ab5, org.springframework.boot.test.autoconfigure.restdocs.RestDocsTestExecutionListener@f2c488, org.springframework.boot.test.autoconfigure.web.client.MockRestServiceServerResetTestExecutionListener@54acff7d, org.springframework.boot.test.autoconfigure.web.servlet.MockMvcPrintOnlyOnFailureTestExecutionListener@7bc9e6ab, org.springframework.boot.test.autoconfigure.web.servlet.WebDriverTestExecutionListener@5488b5c5, org.springframework.boot.test.autoconfigure.webservices.client.MockWebServiceServerTestExecutionListener@4248ed58, org.springframework.boot.test.mock.mockito.ResetMocksTestExecutionListener@712ca57b]
2022-10-14 10:31:30 [Test worker] INFO  : Image name substitution will be performed by: DefaultImageNameSubstitutor (composite of 'ConfigurationFileImageNameSubstitutor' and 'PrefixingImageNameSubstitutor')
2022-10-14 10:31:30 [Test worker] INFO  : Loaded org.testcontainers.dockerclient.UnixSocketClientProviderStrategy from ~/.testcontainers.properties, will try it first
2022-10-14 10:31:31 [Test worker] INFO  : Found Docker environment with local Unix socket (unix:///var/run/docker.sock)
2022-10-14 10:31:31 [Test worker] INFO  : Docker host IP address is localhost
2022-10-14 10:31:31 [Test worker] INFO  : Connected to docker: 
  Server Version: 20.10.17
  API Version: 1.41
  Operating System: Docker Desktop
  Total Memory: 10215 MB
2022-10-14 10:31:31 [Test worker] INFO  : Creating container for image: testcontainers/ryuk:0.3.4
2022-10-14 10:31:31 [Test worker] INFO  : Credential helper/store (docker-credential-desktop) does not have credentials for https://index.docker.io/v1/
2022-10-14 10:31:31 [Test worker] INFO  : Container testcontainers/ryuk:0.3.4 is starting: f564df70ee6fe21dfd17abeba7a11000edfa34d6a678f0c06c35bee21e5a4803
2022-10-14 10:31:32 [Test worker] INFO  : Container testcontainers/ryuk:0.3.4 started in PT0.559235S
2022-10-14 10:31:32 [Test worker] INFO  : Ryuk started - will monitor and terminate Testcontainers containers on JVM exit
2022-10-14 10:31:32 [Test worker] INFO  : Checking the system...
2022-10-14 10:31:32 [Test worker] INFO  : ✔︎ Docker server version should be at least 1.6.0
2022-10-14 10:31:32 [Test worker] INFO  : HOSTNAME_EXTERNAL environment variable set to localhost (to match host-routable address for container)
2022-10-14 10:31:32 [Test worker] INFO  : Creating container for image: localstack/localstack:1.0.0
2022-10-14 10:31:32 [Test worker] INFO  : Container localstack/localstack:1.0.0 is starting: bf5c6e2b49c2b33bc19df05be720a5f233b361dbb4aac95fcab57b40e80286c5
2022-10-14 10:31:36 [Test worker] INFO  : Container localstack/localstack:1.0.0 started in PT4.172779S
2022-10-14 10:31:39 [Test worker] INFO  : Starting CloudStorageRepositoryTest using Java 11.0.16 on EPUZTASW007D with PID 13352 (started by Yusuf_Murodov in /Users/Yusuf_Murodov/Local/epam/traning/microservice-foundation/resource-service)
2022-10-14 10:31:39 [Test worker] INFO  : No active profile set, falling back to 1 default profile: "default"
2022-10-14 10:31:40 [Test worker] INFO  : Started CloudStorageRepositoryTest in 1.66 seconds (JVM running for 10.801)
2022-10-14 10:31:40 [Test worker] INFO  : Uploading file 'mpthreetest.mp3' to bucket 'com.epam.training.microservicefoundation.resourceservice.configuration.AwsS3Configuration$$EnhancerBySpringCGLIB$$5c7edc4b@878feb2'
2022-10-14 10:31:41 [Test worker] INFO  : Deleting a song 'mpthreetest.mp3' from bucket 'song-resource'
2022-10-14 10:31:41 [Test worker] INFO  : Getting song by name 'mpthreetest.mp3' from bucket 'song-resource'
2022-10-14 10:31:41 [Test worker] ERROR : Resource not found with key 'mpthreetest.mp3' 
reason: 
software.amazon.awssdk.services.s3.model.NoSuchKeyException: The specified key does not exist. (Service: S3, Status Code: 404, Request ID: 7a62c49f-347e-4fc4-9331-6e8eEXAMPLE, Extended Request ID: MzRISOwyjmnupE0E519C997FC180A7/JypPGXLh0OVFGcJaaO3KW/hRAqKOpIEEp)
	at software.amazon.awssdk.core.internal.http.CombinedResponseHandler.handleErrorResponse(CombinedResponseHandler.java:125)
	at software.amazon.awssdk.core.internal.http.CombinedResponseHandler.handleResponse(CombinedResponseHandler.java:82)
	at software.amazon.awssdk.core.internal.http.CombinedResponseHandler.handle(CombinedResponseHandler.java:60)
	at software.amazon.awssdk.core.internal.http.CombinedResponseHandler.handle(CombinedResponseHandler.java:41)
	at software.amazon.awssdk.core.internal.http.pipeline.stages.HandleResponseStage.execute(HandleResponseStage.java:40)
	at software.amazon.awssdk.core.internal.http.pipeline.stages.HandleResponseStage.execute(HandleResponseStage.java:30)
	at software.amazon.awssdk.core.internal.http.pipeline.RequestPipelineBuilder$ComposingRequestPipelineStage.execute(RequestPipelineBuilder.java:206)
	at software.amazon.awssdk.core.internal.http.pipeline.stages.ApiCallAttemptTimeoutTrackingStage.execute(ApiCallAttemptTimeoutTrackingStage.java:73)
	at software.amazon.awssdk.core.internal.http.pipeline.stages.ApiCallAttemptTimeoutTrackingStage.execute(ApiCallAttemptTimeoutTrackingStage.java:42)
	at software.amazon.awssdk.core.internal.http.pipeline.stages.TimeoutExceptionHandlingStage.execute(TimeoutExceptionHandlingStage.java:78)
	at software.amazon.awssdk.core.internal.http.pipeline.stages.TimeoutExceptionHandlingStage.execute(TimeoutExceptionHandlingStage.java:40)
	at software.amazon.awssdk.core.internal.http.pipeline.stages.ApiCallAttemptMetricCollectionStage.execute(ApiCallAttemptMetricCollectionStage.java:50)
	at software.amazon.awssdk.core.internal.http.pipeline.stages.ApiCallAttemptMetricCollectionStage.execute(ApiCallAttemptMetricCollectionStage.java:36)
	at software.amazon.awssdk.core.internal.http.pipeline.stages.RetryableStage.execute(RetryableStage.java:81)
	at software.amazon.awssdk.core.internal.http.pipeline.stages.RetryableStage.execute(RetryableStage.java:36)
	at software.amazon.awssdk.core.internal.http.pipeline.RequestPipelineBuilder$ComposingRequestPipelineStage.execute(RequestPipelineBuilder.java:206)
	at software.amazon.awssdk.core.internal.http.StreamManagingStage.execute(StreamManagingStage.java:56)
	at software.amazon.awssdk.core.internal.http.StreamManagingStage.execute(StreamManagingStage.java:36)
	at software.amazon.awssdk.core.internal.http.pipeline.stages.ApiCallTimeoutTrackingStage.executeWithTimer(ApiCallTimeoutTrackingStage.java:80)
	at software.amazon.awssdk.core.internal.http.pipeline.stages.ApiCallTimeoutTrackingStage.execute(ApiCallTimeoutTrackingStage.java:60)
	at software.amazon.awssdk.core.internal.http.pipeline.stages.ApiCallTimeoutTrackingStage.execute(ApiCallTimeoutTrackingStage.java:42)
	at software.amazon.awssdk.core.internal.http.pipeline.stages.ApiCallMetricCollectionStage.execute(ApiCallMetricCollectionStage.java:48)
	at software.amazon.awssdk.core.internal.http.pipeline.stages.ApiCallMetricCollectionStage.execute(ApiCallMetricCollectionStage.java:31)
	at software.amazon.awssdk.core.internal.http.pipeline.RequestPipelineBuilder$ComposingRequestPipelineStage.execute(RequestPipelineBuilder.java:206)
	at software.amazon.awssdk.core.internal.http.pipeline.RequestPipelineBuilder$ComposingRequestPipelineStage.execute(RequestPipelineBuilder.java:206)
	at software.amazon.awssdk.core.internal.http.pipeline.stages.ExecutionFailureExceptionReportingStage.execute(ExecutionFailureExceptionReportingStage.java:37)
	at software.amazon.awssdk.core.internal.http.pipeline.stages.ExecutionFailureExceptionReportingStage.execute(ExecutionFailureExceptionReportingStage.java:26)
	at software.amazon.awssdk.core.internal.http.AmazonSyncHttpClient$RequestExecutionBuilderImpl.execute(AmazonSyncHttpClient.java:193)
	at software.amazon.awssdk.core.internal.handler.BaseSyncClientHandler.invoke(BaseSyncClientHandler.java:103)
	at software.amazon.awssdk.core.internal.handler.BaseSyncClientHandler.doExecute(BaseSyncClientHandler.java:171)
	at software.amazon.awssdk.core.internal.handler.BaseSyncClientHandler.lambda$execute$0(BaseSyncClientHandler.java:68)
	at software.amazon.awssdk.core.internal.handler.BaseSyncClientHandler.measureApiCallSuccess(BaseSyncClientHandler.java:179)
	at software.amazon.awssdk.core.internal.handler.BaseSyncClientHandler.execute(BaseSyncClientHandler.java:62)
	at software.amazon.awssdk.core.client.handler.SdkSyncClientHandler.execute(SdkSyncClientHandler.java:52)
	at software.amazon.awssdk.awscore.client.handler.AwsSyncClientHandler.execute(AwsSyncClientHandler.java:63)
	at software.amazon.awssdk.services.s3.DefaultS3Client.getObject(DefaultS3Client.java:4483)
	at software.amazon.awssdk.services.s3.S3Client.getObject(S3Client.java:7889)
	at com.epam.training.microservicefoundation.resourceservice.repository.CloudStorageRepository.getByName(CloudStorageRepository.java:67)
	at com.epam.training.microservicefoundation.resourceservice.repository.s3storage.CloudStorageRepositoryTest.lambda$shouldDeleteSong$1(CloudStorageRepositoryTest.java:68)
	at org.junit.jupiter.api.AssertThrows.assertThrows(AssertThrows.java:55)
	at org.junit.jupiter.api.AssertThrows.assertThrows(AssertThrows.java:37)
	at org.junit.jupiter.api.Assertions.assertThrows(Assertions.java:3082)
	at com.epam.training.microservicefoundation.resourceservice.repository.s3storage.CloudStorageRepositoryTest.shouldDeleteSong(CloudStorageRepositoryTest.java:68)
	at java.base/jdk.internal.reflect.NativeMethodAccessorImpl.invoke0(Native Method)
	at java.base/jdk.internal.reflect.NativeMethodAccessorImpl.invoke(NativeMethodAccessorImpl.java:62)
	at java.base/jdk.internal.reflect.DelegatingMethodAccessorImpl.invoke(DelegatingMethodAccessorImpl.java:43)
	at java.base/java.lang.reflect.Method.invoke(Method.java:566)
	at org.junit.platform.commons.util.ReflectionUtils.invokeMethod(ReflectionUtils.java:725)
	at org.junit.jupiter.engine.execution.MethodInvocation.proceed(MethodInvocation.java:60)
	at org.junit.jupiter.engine.execution.InvocationInterceptorChain$ValidatingInvocation.proceed(InvocationInterceptorChain.java:131)
	at org.junit.jupiter.engine.extension.TimeoutExtension.intercept(TimeoutExtension.java:149)
	at org.junit.jupiter.engine.extension.TimeoutExtension.interceptTestableMethod(TimeoutExtension.java:140)
	at org.junit.jupiter.engine.extension.TimeoutExtension.interceptTestMethod(TimeoutExtension.java:84)
	at org.junit.jupiter.engine.execution.ExecutableInvoker$ReflectiveInterceptorCall.lambda$ofVoidMethod$0(ExecutableInvoker.java:115)
	at org.junit.jupiter.engine.execution.ExecutableInvoker.lambda$invoke$0(ExecutableInvoker.java:105)
	at org.junit.jupiter.engine.execution.InvocationInterceptorChain$InterceptedInvocation.proceed(InvocationInterceptorChain.java:106)
	at org.junit.jupiter.engine.execution.InvocationInterceptorChain.proceed(InvocationInterceptorChain.java:64)
	at org.junit.jupiter.engine.execution.InvocationInterceptorChain.chainAndInvoke(InvocationInterceptorChain.java:45)
	at org.junit.jupiter.engine.execution.InvocationInterceptorChain.invoke(InvocationInterceptorChain.java:37)
	at org.junit.jupiter.engine.execution.ExecutableInvoker.invoke(ExecutableInvoker.java:104)
	at org.junit.jupiter.engine.execution.ExecutableInvoker.invoke(ExecutableInvoker.java:98)
	at org.junit.jupiter.engine.descriptor.TestMethodTestDescriptor.lambda$invokeTestMethod$7(TestMethodTestDescriptor.java:214)
	at org.junit.platform.engine.support.hierarchical.ThrowableCollector.execute(ThrowableCollector.java:73)
	at org.junit.jupiter.engine.descriptor.TestMethodTestDescriptor.invokeTestMethod(TestMethodTestDescriptor.java:210)
	at org.junit.jupiter.engine.descriptor.TestMethodTestDescriptor.execute(TestMethodTestDescriptor.java:135)
	at org.junit.jupiter.engine.descriptor.TestMethodTestDescriptor.execute(TestMethodTestDescriptor.java:66)
	at org.junit.platform.engine.support.hierarchical.NodeTestTask.lambda$executeRecursively$6(NodeTestTask.java:151)
	at org.junit.platform.engine.support.hierarchical.ThrowableCollector.execute(ThrowableCollector.java:73)
	at org.junit.platform.engine.support.hierarchical.NodeTestTask.lambda$executeRecursively$8(NodeTestTask.java:141)
	at org.junit.platform.engine.support.hierarchical.Node.around(Node.java:137)
	at org.junit.platform.engine.support.hierarchical.NodeTestTask.lambda$executeRecursively$9(NodeTestTask.java:139)
	at org.junit.platform.engine.support.hierarchical.ThrowableCollector.execute(ThrowableCollector.java:73)
	at org.junit.platform.engine.support.hierarchical.NodeTestTask.executeRecursively(NodeTestTask.java:138)
	at org.junit.platform.engine.support.hierarchical.NodeTestTask.execute(NodeTestTask.java:95)
	at java.base/java.util.ArrayList.forEach(ArrayList.java:1541)
	at org.junit.platform.engine.support.hierarchical.SameThreadHierarchicalTestExecutorService.invokeAll(SameThreadHierarchicalTestExecutorService.java:41)
	at org.junit.platform.engine.support.hierarchical.NodeTestTask.lambda$executeRecursively$6(NodeTestTask.java:155)
	at org.junit.platform.engine.support.hierarchical.ThrowableCollector.execute(ThrowableCollector.java:73)
	at org.junit.platform.engine.support.hierarchical.NodeTestTask.lambda$executeRecursively$8(NodeTestTask.java:141)
	at org.junit.platform.engine.support.hierarchical.Node.around(Node.java:137)
	at org.junit.platform.engine.support.hierarchical.NodeTestTask.lambda$executeRecursively$9(NodeTestTask.java:139)
	at org.junit.platform.engine.support.hierarchical.ThrowableCollector.execute(ThrowableCollector.java:73)
	at org.junit.platform.engine.support.hierarchical.NodeTestTask.executeRecursively(NodeTestTask.java:138)
	at org.junit.platform.engine.support.hierarchical.NodeTestTask.execute(NodeTestTask.java:95)
	at java.base/java.util.ArrayList.forEach(ArrayList.java:1541)
	at org.junit.platform.engine.support.hierarchical.SameThreadHierarchicalTestExecutorService.invokeAll(SameThreadHierarchicalTestExecutorService.java:41)
	at org.junit.platform.engine.support.hierarchical.NodeTestTask.lambda$executeRecursively$6(NodeTestTask.java:155)
	at org.junit.platform.engine.support.hierarchical.ThrowableCollector.execute(ThrowableCollector.java:73)
	at org.junit.platform.engine.support.hierarchical.NodeTestTask.lambda$executeRecursively$8(NodeTestTask.java:141)
	at org.junit.platform.engine.support.hierarchical.Node.around(Node.java:137)
	at org.junit.platform.engine.support.hierarchical.NodeTestTask.lambda$executeRecursively$9(NodeTestTask.java:139)
	at org.junit.platform.engine.support.hierarchical.ThrowableCollector.execute(ThrowableCollector.java:73)
	at org.junit.platform.engine.support.hierarchical.NodeTestTask.executeRecursively(NodeTestTask.java:138)
	at org.junit.platform.engine.support.hierarchical.NodeTestTask.execute(NodeTestTask.java:95)
	at org.junit.platform.engine.support.hierarchical.SameThreadHierarchicalTestExecutorService.submit(SameThreadHierarchicalTestExecutorService.java:35)
	at org.junit.platform.engine.support.hierarchical.HierarchicalTestExecutor.execute(HierarchicalTestExecutor.java:57)
	at org.junit.platform.engine.support.hierarchical.HierarchicalTestEngine.execute(HierarchicalTestEngine.java:54)
	at org.junit.platform.launcher.core.EngineExecutionOrchestrator.execute(EngineExecutionOrchestrator.java:108)
	at org.junit.platform.launcher.core.EngineExecutionOrchestrator.execute(EngineExecutionOrchestrator.java:88)
	at org.junit.platform.launcher.core.EngineExecutionOrchestrator.lambda$execute$0(EngineExecutionOrchestrator.java:54)
	at org.junit.platform.launcher.core.EngineExecutionOrchestrator.withInterceptedStreams(EngineExecutionOrchestrator.java:67)
	at org.junit.platform.launcher.core.EngineExecutionOrchestrator.execute(EngineExecutionOrchestrator.java:52)
	at org.junit.platform.launcher.core.DefaultLauncher.execute(DefaultLauncher.java:96)
	at org.junit.platform.launcher.core.DefaultLauncher.execute(DefaultLauncher.java:75)
	at org.gradle.api.internal.tasks.testing.junitplatform.JUnitPlatformTestClassProcessor$CollectAllTestClassesExecutor.processAllTestClasses(JUnitPlatformTestClassProcessor.java:99)
	at org.gradle.api.internal.tasks.testing.junitplatform.JUnitPlatformTestClassProcessor$CollectAllTestClassesExecutor.access$000(JUnitPlatformTestClassProcessor.java:79)
	at org.gradle.api.internal.tasks.testing.junitplatform.JUnitPlatformTestClassProcessor.stop(JUnitPlatformTestClassProcessor.java:75)
	at org.gradle.api.internal.tasks.testing.SuiteTestClassProcessor.stop(SuiteTestClassProcessor.java:61)
	at java.base/jdk.internal.reflect.NativeMethodAccessorImpl.invoke0(Native Method)
	at java.base/jdk.internal.reflect.NativeMethodAccessorImpl.invoke(NativeMethodAccessorImpl.java:62)
	at java.base/jdk.internal.reflect.DelegatingMethodAccessorImpl.invoke(DelegatingMethodAccessorImpl.java:43)
	at java.base/java.lang.reflect.Method.invoke(Method.java:566)
	at org.gradle.internal.dispatch.ReflectionDispatch.dispatch(ReflectionDispatch.java:36)
	at org.gradle.internal.dispatch.ReflectionDispatch.dispatch(ReflectionDispatch.java:24)
	at org.gradle.internal.dispatch.ContextClassLoaderDispatch.dispatch(ContextClassLoaderDispatch.java:33)
	at org.gradle.internal.dispatch.ProxyDispatchAdapter$DispatchingInvocationHandler.invoke(ProxyDispatchAdapter.java:94)
	at com.sun.proxy.$Proxy2.stop(Unknown Source)
	at org.gradle.api.internal.tasks.testing.worker.TestWorker$3.run(TestWorker.java:193)
	at org.gradle.api.internal.tasks.testing.worker.TestWorker.executeAndMaintainThreadName(TestWorker.java:129)
	at org.gradle.api.internal.tasks.testing.worker.TestWorker.execute(TestWorker.java:100)
	at org.gradle.api.internal.tasks.testing.worker.TestWorker.execute(TestWorker.java:60)
	at org.gradle.process.internal.worker.child.ActionExecutionWorker.execute(ActionExecutionWorker.java:56)
	at org.gradle.process.internal.worker.child.SystemApplicationClassLoaderWorker.call(SystemApplicationClassLoaderWorker.java:133)
	at org.gradle.process.internal.worker.child.SystemApplicationClassLoaderWorker.call(SystemApplicationClassLoaderWorker.java:71)
	at worker.org.gradle.process.internal.worker.GradleWorkerMain.run(GradleWorkerMain.java:69)
	at worker.org.gradle.process.internal.worker.GradleWorkerMain.main(GradleWorkerMain.java:74)
2022-10-14 10:35:55 [Test worker] INFO  : Could not detect default resource locations for test class [com.epam.training.microservicefoundation.resourceservice.repository.s3storage.CloudStorageRepositoryTest]: no resource found for suffixes {-context.xml, Context.groovy}.
2022-10-14 10:35:55 [Test worker] INFO  : Loaded default TestExecutionListener class names from location [META-INF/spring.factories]: [org.springframework.boot.test.autoconfigure.restdocs.RestDocsTestExecutionListener, org.springframework.boot.test.autoconfigure.web.client.MockRestServiceServerResetTestExecutionListener, org.springframework.boot.test.autoconfigure.web.servlet.MockMvcPrintOnlyOnFailureTestExecutionListener, org.springframework.boot.test.autoconfigure.web.servlet.WebDriverTestExecutionListener, org.springframework.boot.test.autoconfigure.webservices.client.MockWebServiceServerTestExecutionListener, org.springframework.boot.test.mock.mockito.MockitoTestExecutionListener, org.springframework.boot.test.mock.mockito.ResetMocksTestExecutionListener, org.springframework.test.context.web.ServletTestExecutionListener, org.springframework.test.context.support.DirtiesContextBeforeModesTestExecutionListener, org.springframework.test.context.event.ApplicationEventsTestExecutionListener, org.springframework.test.context.support.DependencyInjectionTestExecutionListener, org.springframework.test.context.support.DirtiesContextTestExecutionListener, org.springframework.test.context.transaction.TransactionalTestExecutionListener, org.springframework.test.context.jdbc.SqlScriptsTestExecutionListener, org.springframework.test.context.event.EventPublishingTestExecutionListener]
2022-10-14 10:35:55 [Test worker] INFO  : Using TestExecutionListeners: [org.springframework.test.context.web.ServletTestExecutionListener@6e78fcf5, org.springframework.test.context.support.DirtiesContextBeforeModesTestExecutionListener@56febdc, org.springframework.test.context.event.ApplicationEventsTestExecutionListener@3b8ee898, org.springframework.boot.test.mock.mockito.MockitoTestExecutionListener@7d151a, org.springframework.boot.test.autoconfigure.SpringBootDependencyInjectionTestExecutionListener@294bdeb4, org.springframework.test.context.support.DirtiesContextTestExecutionListener@5300f14a, org.springframework.test.context.transaction.TransactionalTestExecutionListener@1f86099a, org.springframework.test.context.jdbc.SqlScriptsTestExecutionListener@77bb0ab5, org.springframework.test.context.event.EventPublishingTestExecutionListener@f2c488, org.springframework.boot.test.autoconfigure.restdocs.RestDocsTestExecutionListener@54acff7d, org.springframework.boot.test.autoconfigure.web.client.MockRestServiceServerResetTestExecutionListener@7bc9e6ab, org.springframework.boot.test.autoconfigure.web.servlet.MockMvcPrintOnlyOnFailureTestExecutionListener@5488b5c5, org.springframework.boot.test.autoconfigure.web.servlet.WebDriverTestExecutionListener@4248ed58, org.springframework.boot.test.autoconfigure.webservices.client.MockWebServiceServerTestExecutionListener@712ca57b, org.springframework.boot.test.mock.mockito.ResetMocksTestExecutionListener@4564e94b]
2022-10-14 10:35:55 [Test worker] INFO  : Image name substitution will be performed by: DefaultImageNameSubstitutor (composite of 'ConfigurationFileImageNameSubstitutor' and 'PrefixingImageNameSubstitutor')
2022-10-14 10:35:55 [Test worker] INFO  : Loaded org.testcontainers.dockerclient.UnixSocketClientProviderStrategy from ~/.testcontainers.properties, will try it first
2022-10-14 10:35:56 [Test worker] INFO  : Found Docker environment with local Unix socket (unix:///var/run/docker.sock)
2022-10-14 10:35:56 [Test worker] INFO  : Docker host IP address is localhost
2022-10-14 10:35:57 [Test worker] INFO  : Connected to docker: 
  Server Version: 20.10.17
  API Version: 1.41
  Operating System: Docker Desktop
  Total Memory: 10215 MB
2022-10-14 10:35:57 [Test worker] INFO  : Creating container for image: testcontainers/ryuk:0.3.4
2022-10-14 10:35:57 [Test worker] INFO  : Credential helper/store (docker-credential-desktop) does not have credentials for https://index.docker.io/v1/
2022-10-14 10:35:57 [Test worker] INFO  : Container testcontainers/ryuk:0.3.4 is starting: 681266c3e7ba8a966fc5fd788724bbe76fe55e00cc4f6714ed8170ecdbb03391
2022-10-14 10:35:57 [Test worker] INFO  : Container testcontainers/ryuk:0.3.4 started in PT0.554549S
2022-10-14 10:35:57 [Test worker] INFO  : Ryuk started - will monitor and terminate Testcontainers containers on JVM exit
2022-10-14 10:35:57 [Test worker] INFO  : Checking the system...
2022-10-14 10:35:57 [Test worker] INFO  : ✔︎ Docker server version should be at least 1.6.0
2022-10-14 10:35:57 [Test worker] INFO  : HOSTNAME_EXTERNAL environment variable set to localhost (to match host-routable address for container)
2022-10-14 10:35:57 [Test worker] INFO  : Creating container for image: localstack/localstack:1.0.0
2022-10-14 10:35:58 [Test worker] INFO  : Container localstack/localstack:1.0.0 is starting: 14d85e7bfb93ad7a5d9667e132104136d207f30f68c61c56675a2803a8392505
2022-10-14 10:36:02 [Test worker] INFO  : Container localstack/localstack:1.0.0 started in PT4.600675S
2022-10-14 10:36:04 [Test worker] INFO  : Starting CloudStorageRepositoryTest using Java 11.0.16 on EPUZTASW007D with PID 13611 (started by Yusuf_Murodov in /Users/Yusuf_Murodov/Local/epam/traning/microservice-foundation/resource-service)
2022-10-14 10:36:04 [Test worker] INFO  : No active profile set, falling back to 1 default profile: "default"
2022-10-14 10:36:05 [Test worker] INFO  : Started CloudStorageRepositoryTest in 1.11 seconds (JVM running for 11.0)
2022-10-14 10:36:05 [Test worker] INFO  : Deleting a song 'nonexistent.mp3' from bucket 'song-resource'
2022-10-14 10:36:33 [Test worker] INFO  : Could not detect default resource locations for test class [com.epam.training.microservicefoundation.resourceservice.repository.s3storage.CloudStorageRepositoryTest]: no resource found for suffixes {-context.xml, Context.groovy}.
2022-10-14 10:36:33 [Test worker] INFO  : Loaded default TestExecutionListener class names from location [META-INF/spring.factories]: [org.springframework.boot.test.autoconfigure.restdocs.RestDocsTestExecutionListener, org.springframework.boot.test.autoconfigure.web.client.MockRestServiceServerResetTestExecutionListener, org.springframework.boot.test.autoconfigure.web.servlet.MockMvcPrintOnlyOnFailureTestExecutionListener, org.springframework.boot.test.autoconfigure.web.servlet.WebDriverTestExecutionListener, org.springframework.boot.test.autoconfigure.webservices.client.MockWebServiceServerTestExecutionListener, org.springframework.boot.test.mock.mockito.MockitoTestExecutionListener, org.springframework.boot.test.mock.mockito.ResetMocksTestExecutionListener, org.springframework.test.context.web.ServletTestExecutionListener, org.springframework.test.context.support.DirtiesContextBeforeModesTestExecutionListener, org.springframework.test.context.event.ApplicationEventsTestExecutionListener, org.springframework.test.context.support.DependencyInjectionTestExecutionListener, org.springframework.test.context.support.DirtiesContextTestExecutionListener, org.springframework.test.context.transaction.TransactionalTestExecutionListener, org.springframework.test.context.jdbc.SqlScriptsTestExecutionListener, org.springframework.test.context.event.EventPublishingTestExecutionListener]
2022-10-14 10:36:33 [Test worker] INFO  : Using TestExecutionListeners: [org.springframework.test.context.web.ServletTestExecutionListener@56febdc, org.springframework.test.context.support.DirtiesContextBeforeModesTestExecutionListener@3b8ee898, org.springframework.test.context.event.ApplicationEventsTestExecutionListener@7d151a, org.springframework.boot.test.mock.mockito.MockitoTestExecutionListener@294bdeb4, org.springframework.boot.test.autoconfigure.SpringBootDependencyInjectionTestExecutionListener@5300f14a, org.springframework.test.context.support.DirtiesContextTestExecutionListener@1f86099a, org.springframework.test.context.transaction.TransactionalTestExecutionListener@77bb0ab5, org.springframework.test.context.jdbc.SqlScriptsTestExecutionListener@f2c488, org.springframework.test.context.event.EventPublishingTestExecutionListener@54acff7d, org.springframework.boot.test.autoconfigure.restdocs.RestDocsTestExecutionListener@7bc9e6ab, org.springframework.boot.test.autoconfigure.web.client.MockRestServiceServerResetTestExecutionListener@5488b5c5, org.springframework.boot.test.autoconfigure.web.servlet.MockMvcPrintOnlyOnFailureTestExecutionListener@4248ed58, org.springframework.boot.test.autoconfigure.web.servlet.WebDriverTestExecutionListener@712ca57b, org.springframework.boot.test.autoconfigure.webservices.client.MockWebServiceServerTestExecutionListener@4564e94b, org.springframework.boot.test.mock.mockito.ResetMocksTestExecutionListener@54534abf]
2022-10-14 10:36:33 [Test worker] INFO  : Image name substitution will be performed by: DefaultImageNameSubstitutor (composite of 'ConfigurationFileImageNameSubstitutor' and 'PrefixingImageNameSubstitutor')
2022-10-14 10:36:33 [Test worker] INFO  : Loaded org.testcontainers.dockerclient.UnixSocketClientProviderStrategy from ~/.testcontainers.properties, will try it first
2022-10-14 10:36:34 [Test worker] INFO  : Found Docker environment with local Unix socket (unix:///var/run/docker.sock)
2022-10-14 10:36:34 [Test worker] INFO  : Docker host IP address is localhost
2022-10-14 10:36:34 [Test worker] INFO  : Connected to docker: 
  Server Version: 20.10.17
  API Version: 1.41
  Operating System: Docker Desktop
  Total Memory: 10215 MB
2022-10-14 10:36:34 [Test worker] INFO  : Creating container for image: testcontainers/ryuk:0.3.4
2022-10-14 10:36:34 [Test worker] INFO  : Credential helper/store (docker-credential-desktop) does not have credentials for https://index.docker.io/v1/
2022-10-14 10:36:34 [Test worker] INFO  : Container testcontainers/ryuk:0.3.4 is starting: d0dee09c184a0d9ed3f24978071ba2aef15d7a10e6f2654c1aaa0ac49038bf7d
2022-10-14 10:36:35 [Test worker] INFO  : Container testcontainers/ryuk:0.3.4 started in PT0.615805S
2022-10-14 10:36:35 [Test worker] INFO  : Ryuk started - will monitor and terminate Testcontainers containers on JVM exit
2022-10-14 10:36:35 [Test worker] INFO  : Checking the system...
2022-10-14 10:36:35 [Test worker] INFO  : ✔︎ Docker server version should be at least 1.6.0
2022-10-14 10:36:35 [Test worker] INFO  : HOSTNAME_EXTERNAL environment variable set to localhost (to match host-routable address for container)
2022-10-14 10:36:35 [Test worker] INFO  : Creating container for image: localstack/localstack:1.0.0
2022-10-14 10:36:35 [Test worker] INFO  : Container localstack/localstack:1.0.0 is starting: 2994449b9001efbefdaeea38072a767d7d6c594882efc52060833500a72d60c5
2022-10-14 10:36:39 [Test worker] INFO  : Container localstack/localstack:1.0.0 started in PT4.145416S
2022-10-14 10:36:41 [Test worker] INFO  : Starting CloudStorageRepositoryTest using Java 11.0.16 on EPUZTASW007D with PID 13659 (started by Yusuf_Murodov in /Users/Yusuf_Murodov/Local/epam/traning/microservice-foundation/resource-service)
2022-10-14 10:36:41 [Test worker] INFO  : No active profile set, falling back to 1 default profile: "default"
2022-10-14 10:36:42 [Test worker] INFO  : Started CloudStorageRepositoryTest in 1.196 seconds (JVM running for 10.209)
2022-10-14 10:36:42 [Test worker] INFO  : Deleting a song 'nonexistent.mp3' from bucket 'song-resource'
