2022-10-22 00:04:20 [Test worker] INFO  : Neither @ContextConfiguration nor @ContextHierarchy found for test class [com.epam.training.microservicefoundation.resourceservice.api.ResourceControllerTest], using SpringBootContextLoader
2022-10-22 00:04:20 [Test worker] INFO  : Could not detect default resource locations for test class [com.epam.training.microservicefoundation.resourceservice.api.ResourceControllerTest]: no resource found for suffixes {-context.xml, Context.groovy}.
2022-10-22 00:04:20 [Test worker] INFO  : Could not detect default configuration classes for test class [com.epam.training.microservicefoundation.resourceservice.api.ResourceControllerTest]: ResourceControllerTest does not declare any static, non-private, non-final, nested classes annotated with @Configuration.
2022-10-22 00:04:21 [Test worker] INFO  : Found @SpringBootConfiguration com.epam.training.microservicefoundation.resourceservice.ResourceServiceApplication for test class com.epam.training.microservicefoundation.resourceservice.api.ResourceControllerTest
2022-10-22 00:04:21 [Test worker] INFO  : Loaded default TestExecutionListener class names from location [META-INF/spring.factories]: [org.springframework.boot.test.autoconfigure.restdocs.RestDocsTestExecutionListener, org.springframework.boot.test.autoconfigure.web.client.MockRestServiceServerResetTestExecutionListener, org.springframework.boot.test.autoconfigure.web.servlet.MockMvcPrintOnlyOnFailureTestExecutionListener, org.springframework.boot.test.autoconfigure.web.servlet.WebDriverTestExecutionListener, org.springframework.boot.test.autoconfigure.webservices.client.MockWebServiceServerTestExecutionListener, org.springframework.boot.test.mock.mockito.MockitoTestExecutionListener, org.springframework.boot.test.mock.mockito.ResetMocksTestExecutionListener, org.springframework.test.context.web.ServletTestExecutionListener, org.springframework.test.context.support.DirtiesContextBeforeModesTestExecutionListener, org.springframework.test.context.event.ApplicationEventsTestExecutionListener, org.springframework.test.context.support.DependencyInjectionTestExecutionListener, org.springframework.test.context.support.DirtiesContextTestExecutionListener, org.springframework.test.context.transaction.TransactionalTestExecutionListener, org.springframework.test.context.jdbc.SqlScriptsTestExecutionListener, org.springframework.test.context.event.EventPublishingTestExecutionListener]
2022-10-22 00:04:21 [Test worker] INFO  : Using TestExecutionListeners: [org.springframework.test.context.web.ServletTestExecutionListener@cda0432, org.springframework.test.context.support.DirtiesContextBeforeModesTestExecutionListener@7c211fd0, org.springframework.test.context.event.ApplicationEventsTestExecutionListener@7004e3d, org.springframework.boot.test.mock.mockito.MockitoTestExecutionListener@2d84cb86, org.springframework.boot.test.autoconfigure.SpringBootDependencyInjectionTestExecutionListener@71a3a190, org.springframework.test.context.support.DirtiesContextTestExecutionListener@588ffeb, org.springframework.test.context.transaction.TransactionalTestExecutionListener@7c28c1, org.springframework.test.context.jdbc.SqlScriptsTestExecutionListener@baf1bb3, org.springframework.test.context.event.EventPublishingTestExecutionListener@67ec8477, org.springframework.boot.test.autoconfigure.restdocs.RestDocsTestExecutionListener@25d958c6, org.springframework.boot.test.autoconfigure.web.client.MockRestServiceServerResetTestExecutionListener@4482469c, org.springframework.boot.test.autoconfigure.web.servlet.MockMvcPrintOnlyOnFailureTestExecutionListener@3703bf3c, org.springframework.boot.test.autoconfigure.web.servlet.WebDriverTestExecutionListener@34cf5a97, org.springframework.boot.test.autoconfigure.webservices.client.MockWebServiceServerTestExecutionListener@5b3f3ba0, org.springframework.boot.test.mock.mockito.ResetMocksTestExecutionListener@ddf20fd]
2022-10-22 00:04:21 [Test worker] INFO  : Image name substitution will be performed by: DefaultImageNameSubstitutor (composite of 'ConfigurationFileImageNameSubstitutor' and 'PrefixingImageNameSubstitutor')
2022-10-22 00:04:21 [Test worker] INFO  : Loaded org.testcontainers.dockerclient.UnixSocketClientProviderStrategy from ~/.testcontainers.properties, will try it first
2022-10-22 00:04:21 [Test worker] INFO  : docker-machine executable was not found on PATH ([/Users/Yusuf_Murodov/.nvm/versions/node/v18.9.0/bin, /usr/local/bin, /usr/bin, /bin, /usr/sbin, /sbin, /usr/local/share/dotnet, /opt/X11/bin, /Applications/Postgres.app/Contents/Versions/latest/bin])
2022-10-22 00:04:21 [Test worker] ERROR : Could not find a valid Docker environment. Please check configuration. Attempted configurations were:
	UnixSocketClientProviderStrategy: failed with exception InvalidConfigurationException (Could not find unix domain socket). Root cause NoSuchFileException (/var/run/docker.sock)As no valid configuration was found, execution cannot continue.
See https://www.testcontainers.org/on_failure.html for more details.
2022-10-22 00:05:33 [Test worker] INFO  : Neither @ContextConfiguration nor @ContextHierarchy found for test class [com.epam.training.microservicefoundation.resourceservice.api.ResourceControllerTest], using SpringBootContextLoader
2022-10-22 00:05:33 [Test worker] INFO  : Could not detect default resource locations for test class [com.epam.training.microservicefoundation.resourceservice.api.ResourceControllerTest]: no resource found for suffixes {-context.xml, Context.groovy}.
2022-10-22 00:05:33 [Test worker] INFO  : Could not detect default configuration classes for test class [com.epam.training.microservicefoundation.resourceservice.api.ResourceControllerTest]: ResourceControllerTest does not declare any static, non-private, non-final, nested classes annotated with @Configuration.
2022-10-22 00:05:33 [Test worker] INFO  : Found @SpringBootConfiguration com.epam.training.microservicefoundation.resourceservice.ResourceServiceApplication for test class com.epam.training.microservicefoundation.resourceservice.api.ResourceControllerTest
2022-10-22 00:05:33 [Test worker] INFO  : Loaded default TestExecutionListener class names from location [META-INF/spring.factories]: [org.springframework.boot.test.autoconfigure.restdocs.RestDocsTestExecutionListener, org.springframework.boot.test.autoconfigure.web.client.MockRestServiceServerResetTestExecutionListener, org.springframework.boot.test.autoconfigure.web.servlet.MockMvcPrintOnlyOnFailureTestExecutionListener, org.springframework.boot.test.autoconfigure.web.servlet.WebDriverTestExecutionListener, org.springframework.boot.test.autoconfigure.webservices.client.MockWebServiceServerTestExecutionListener, org.springframework.boot.test.mock.mockito.MockitoTestExecutionListener, org.springframework.boot.test.mock.mockito.ResetMocksTestExecutionListener, org.springframework.test.context.web.ServletTestExecutionListener, org.springframework.test.context.support.DirtiesContextBeforeModesTestExecutionListener, org.springframework.test.context.event.ApplicationEventsTestExecutionListener, org.springframework.test.context.support.DependencyInjectionTestExecutionListener, org.springframework.test.context.support.DirtiesContextTestExecutionListener, org.springframework.test.context.transaction.TransactionalTestExecutionListener, org.springframework.test.context.jdbc.SqlScriptsTestExecutionListener, org.springframework.test.context.event.EventPublishingTestExecutionListener]
2022-10-22 00:05:33 [Test worker] INFO  : Using TestExecutionListeners: [org.springframework.test.context.web.ServletTestExecutionListener@27f1bbe0, org.springframework.test.context.support.DirtiesContextBeforeModesTestExecutionListener@cda0432, org.springframework.test.context.event.ApplicationEventsTestExecutionListener@7c211fd0, org.springframework.boot.test.mock.mockito.MockitoTestExecutionListener@7004e3d, org.springframework.boot.test.autoconfigure.SpringBootDependencyInjectionTestExecutionListener@2d84cb86, org.springframework.test.context.support.DirtiesContextTestExecutionListener@71a3a190, org.springframework.test.context.transaction.TransactionalTestExecutionListener@588ffeb, org.springframework.test.context.jdbc.SqlScriptsTestExecutionListener@7c28c1, org.springframework.test.context.event.EventPublishingTestExecutionListener@baf1bb3, org.springframework.boot.test.autoconfigure.restdocs.RestDocsTestExecutionListener@67ec8477, org.springframework.boot.test.autoconfigure.web.client.MockRestServiceServerResetTestExecutionListener@25d958c6, org.springframework.boot.test.autoconfigure.web.servlet.MockMvcPrintOnlyOnFailureTestExecutionListener@4482469c, org.springframework.boot.test.autoconfigure.web.servlet.WebDriverTestExecutionListener@3703bf3c, org.springframework.boot.test.autoconfigure.webservices.client.MockWebServiceServerTestExecutionListener@34cf5a97, org.springframework.boot.test.mock.mockito.ResetMocksTestExecutionListener@5b3f3ba0]
2022-10-22 00:05:33 [Test worker] INFO  : Image name substitution will be performed by: DefaultImageNameSubstitutor (composite of 'ConfigurationFileImageNameSubstitutor' and 'PrefixingImageNameSubstitutor')
2022-10-22 00:05:33 [Test worker] INFO  : Loaded org.testcontainers.dockerclient.UnixSocketClientProviderStrategy from ~/.testcontainers.properties, will try it first
2022-10-22 00:05:34 [Test worker] INFO  : Found Docker environment with local Unix socket (unix:///var/run/docker.sock)
2022-10-22 00:05:34 [Test worker] INFO  : Docker host IP address is localhost
2022-10-22 00:05:35 [Test worker] INFO  : Connected to docker: 
  Server Version: 20.10.17
  API Version: 1.41
  Operating System: Docker Desktop
  Total Memory: 10215 MB
2022-10-22 00:05:35 [Test worker] INFO  : Creating container for image: testcontainers/ryuk:0.3.4
2022-10-22 00:05:35 [Test worker] INFO  : Credential helper/store (docker-credential-desktop) does not have credentials for https://index.docker.io/v1/
2022-10-22 00:05:35 [Test worker] INFO  : Container testcontainers/ryuk:0.3.4 is starting: 901e546649cc5f2a5055ec238737c95041b03d6ee5929588d93ec7b8b925b7c2
2022-10-22 00:05:36 [Test worker] INFO  : Container testcontainers/ryuk:0.3.4 started in PT1.073261S
2022-10-22 00:05:36 [Test worker] INFO  : Ryuk started - will monitor and terminate Testcontainers containers on JVM exit
2022-10-22 00:05:36 [Test worker] INFO  : Checking the system...
2022-10-22 00:05:36 [Test worker] INFO  : ✔︎ Docker server version should be at least 1.6.0
2022-10-22 00:05:36 [Test worker] INFO  : Creating container for image: postgres:12.9-alpine
2022-10-22 00:05:36 [Test worker] INFO  : Container postgres:12.9-alpine is starting: 18101696fe7f7b1781d8622bafb5049d6e4b6dbf2b4aad526c835185a0a6e31d
2022-10-22 00:05:39 [Test worker] INFO  : Container postgres:12.9-alpine started in PT2.897897S
2022-10-22 00:05:39 [Test worker] INFO  : HOSTNAME_EXTERNAL environment variable set to localhost (to match host-routable address for container)
2022-10-22 00:05:39 [Test worker] INFO  : Creating container for image: localstack/localstack:1.0.0
2022-10-22 00:05:40 [Test worker] INFO  : Container localstack/localstack:1.0.0 is starting: cef049696c21d6ae062aa1dad2aa30479c5294aca6f8dd29511e2dba88d3a202
2022-10-22 00:05:47 [Test worker] INFO  : Container localstack/localstack:1.0.0 started in PT8.075526S
2022-10-22 00:05:50 [Test worker] INFO  : Starting ResourceControllerTest using Java 11.0.16 on EPUZTASW007D with PID 3822 (started by Yusuf_Murodov in /Users/Yusuf_Murodov/Local/epam/traning/microservice-foundation/resource-service)
2022-10-22 00:05:50 [Test worker] INFO  : No active profile set, falling back to 1 default profile: "default"
2022-10-22 00:05:54 [Test worker] INFO  : Started ResourceControllerTest in 4.111 seconds (JVM running for 22.255)
2022-10-22 00:05:54 [Test worker] INFO  : HikariPool-1 - Starting...
2022-10-22 00:05:54 [Test worker] INFO  : HikariPool-1 - Start completed.
2022-10-22 00:05:55 [Test worker] INFO  : Initializing Spring TestDispatcherServlet ''
2022-10-22 00:05:55 [Test worker] INFO  : Initializing Servlet ''
2022-10-22 00:05:55 [Test worker] INFO  : Completed initialization in 1 ms
2022-10-22 00:05:55 [Test worker] INFO  : Initializing Spring TestDispatcherServlet ''
2022-10-22 00:05:55 [Test worker] INFO  : Initializing Servlet ''
2022-10-22 00:05:55 [Test worker] INFO  : Completed initialization in 1 ms
2022-10-22 00:05:55 [Test worker] INFO  : Deleting resource(s) with id [1, 2]
2022-10-22 00:05:55 [Test worker] INFO  : Deleting file(s) with id [1, 2]
2022-10-22 00:05:55 [Test worker] INFO  : Validating a multipart csv file
2022-10-22 00:05:55 [Test worker] INFO  : Finding song name by id '1'
2022-10-22 00:05:55 [Test worker] INFO  : Deleting a song 'mess-code.mp3' from bucket 'song-resource'
2022-10-22 00:05:55 [Test worker] INFO  : Finding song name by id '2'
2022-10-22 00:05:55 [Test worker] INFO  : Deleting a song 'clean-code.mp3' from bucket 'song-resource'
2022-10-22 00:05:55 [Test worker] INFO  : Deleting resource by id '1'
2022-10-22 00:05:55 [Test worker] INFO  : Check if a resource with id '1' exists
2022-10-22 00:05:55 [Test worker] INFO  : Deleting resource by id '2'
2022-10-22 00:05:55 [Test worker] INFO  : Check if a resource with id '2' exists
2022-10-22 00:05:55 [Test worker] INFO  : Initializing Spring TestDispatcherServlet ''
2022-10-22 00:05:55 [Test worker] INFO  : Initializing Servlet ''
2022-10-22 00:05:55 [Test worker] INFO  : Completed initialization in 1 ms
2022-10-22 00:05:55 [Test worker] INFO  : Saving multipart file 'multipartFile'
2022-10-22 00:05:55 [Test worker] INFO  : Saving file 'mpthreetest.mp3'
2022-10-22 00:05:55 [Test worker] INFO  : Validating a multipart song-resource file
2022-10-22 00:05:55 [Test worker] ERROR : File 'mpthreetest.mp3' was not valid to save
reason:
java.lang.IllegalArgumentException: File with name 'mpthreetest.mp3' was not validated, check your file
	at com.epam.training.microservicefoundation.resourceservice.service.ResourceServiceImpl.save(ResourceServiceImpl.java:53)
	at com.epam.training.microservicefoundation.resourceservice.service.ResourceServiceImpl$$FastClassBySpringCGLIB$$beb70b27.invoke(<generated>)
	at org.springframework.cglib.proxy.MethodProxy.invoke(MethodProxy.java:218)
	at org.springframework.aop.framework.CglibAopProxy$CglibMethodInvocation.invokeJoinpoint(CglibAopProxy.java:793)
	at org.springframework.aop.framework.ReflectiveMethodInvocation.proceed(ReflectiveMethodInvocation.java:163)
	at org.springframework.aop.framework.CglibAopProxy$CglibMethodInvocation.proceed(CglibAopProxy.java:763)
	at org.springframework.transaction.interceptor.TransactionInterceptor$1.proceedWithInvocation(TransactionInterceptor.java:123)
	at org.springframework.transaction.interceptor.TransactionAspectSupport.invokeWithinTransaction(TransactionAspectSupport.java:388)
	at org.springframework.transaction.interceptor.TransactionInterceptor.invoke(TransactionInterceptor.java:119)
	at org.springframework.aop.framework.ReflectiveMethodInvocation.proceed(ReflectiveMethodInvocation.java:186)
	at org.springframework.aop.framework.CglibAopProxy$CglibMethodInvocation.proceed(CglibAopProxy.java:763)
	at org.springframework.aop.framework.CglibAopProxy$DynamicAdvisedInterceptor.intercept(CglibAopProxy.java:708)
	at com.epam.training.microservicefoundation.resourceservice.service.ResourceServiceImpl$$EnhancerBySpringCGLIB$$3c8e4bd4.save(<generated>)
	at com.epam.training.microservicefoundation.resourceservice.api.ResourceController.save(ResourceController.java:36)
	at java.base/jdk.internal.reflect.NativeMethodAccessorImpl.invoke0(Native Method)
	at java.base/jdk.internal.reflect.NativeMethodAccessorImpl.invoke(NativeMethodAccessorImpl.java:62)
	at java.base/jdk.internal.reflect.DelegatingMethodAccessorImpl.invoke(DelegatingMethodAccessorImpl.java:43)
	at java.base/java.lang.reflect.Method.invoke(Method.java:566)
	at org.springframework.web.method.support.InvocableHandlerMethod.doInvoke(InvocableHandlerMethod.java:205)
	at org.springframework.web.method.support.InvocableHandlerMethod.invokeForRequest(InvocableHandlerMethod.java:150)
	at org.springframework.web.servlet.mvc.method.annotation.ServletInvocableHandlerMethod.invokeAndHandle(ServletInvocableHandlerMethod.java:117)
	at org.springframework.web.servlet.mvc.method.annotation.RequestMappingHandlerAdapter.invokeHandlerMethod(RequestMappingHandlerAdapter.java:895)
	at org.springframework.web.servlet.mvc.method.annotation.RequestMappingHandlerAdapter.handleInternal(RequestMappingHandlerAdapter.java:808)
	at org.springframework.web.servlet.mvc.method.AbstractHandlerMethodAdapter.handle(AbstractHandlerMethodAdapter.java:87)
	at org.springframework.web.servlet.DispatcherServlet.doDispatch(DispatcherServlet.java:1071)
	at org.springframework.web.servlet.DispatcherServlet.doService(DispatcherServlet.java:964)
	at org.springframework.web.servlet.FrameworkServlet.processRequest(FrameworkServlet.java:1006)
	at org.springframework.web.servlet.FrameworkServlet.doPost(FrameworkServlet.java:909)
	at javax.servlet.http.HttpServlet.service(HttpServlet.java:681)
	at org.springframework.web.servlet.FrameworkServlet.service(FrameworkServlet.java:883)
	at org.springframework.test.web.servlet.TestDispatcherServlet.service(TestDispatcherServlet.java:72)
	at javax.servlet.http.HttpServlet.service(HttpServlet.java:764)
	at org.springframework.mock.web.MockFilterChain$ServletFilterProxy.doFilter(MockFilterChain.java:167)
	at org.springframework.mock.web.MockFilterChain.doFilter(MockFilterChain.java:134)
	at org.springframework.test.web.servlet.MockMvc.perform(MockMvc.java:201)
	at com.epam.training.microservicefoundation.resourceservice.api.ResourceControllerTest.shouldThrowValidationExceptionWhenSaveResourceWithEmptyFile(ResourceControllerTest.java:82)
	at java.base/jdk.internal.reflect.NativeMethodAccessorImpl.invoke0(Native Method)
	at java.base/jdk.internal.reflect.NativeMethodAccessorImpl.invoke(NativeMethodAccessorImpl.java:62)
	at java.base/jdk.internal.reflect.DelegatingMethodAccessorImpl.invoke(DelegatingMethodAccessorImpl.java:43)
	at java.base/java.lang.reflect.Method.invoke(Method.java:566)
	at org.junit.platform.commons.util.ReflectionUtils.invokeMethod(ReflectionUtils.java:725)
	at org.junit.jupiter.engine.execution.MethodInvocation.proceed(MethodInvocation.java:60)
	at org.junit.jupiter.engine.execution.InvocationInterceptorChain$ValidatingInvocation.proceed(InvocationInterceptorChain.java:131)
	at org.junit.jupiter.engine.extension.TimeoutExtension.intercept(TimeoutExtension.java:149)
	at org.junit.jupiter.engine.extension.TimeoutExtension.interceptTestableMethod(TimeoutExtension.java:140)
	at org.junit.jupiter.engine.extension.TimeoutExtension.interceptTestMethod(TimeoutExtension.java:84)
	at org.junit.jupiter.engine.execution.ExecutableInvoker$ReflectiveInterceptorCall.lambda$ofVoidMethod$0(ExecutableInvoker.java:115)
	at org.junit.jupiter.engine.execution.ExecutableInvoker.lambda$invoke$0(ExecutableInvoker.java:105)
	at org.junit.jupiter.engine.execution.InvocationInterceptorChain$InterceptedInvocation.proceed(InvocationInterceptorChain.java:106)
	at org.junit.jupiter.engine.execution.InvocationInterceptorChain.proceed(InvocationInterceptorChain.java:64)
	at org.junit.jupiter.engine.execution.InvocationInterceptorChain.chainAndInvoke(InvocationInterceptorChain.java:45)
	at org.junit.jupiter.engine.execution.InvocationInterceptorChain.invoke(InvocationInterceptorChain.java:37)
	at org.junit.jupiter.engine.execution.ExecutableInvoker.invoke(ExecutableInvoker.java:104)
	at org.junit.jupiter.engine.execution.ExecutableInvoker.invoke(ExecutableInvoker.java:98)
	at org.junit.jupiter.engine.descriptor.TestMethodTestDescriptor.lambda$invokeTestMethod$7(TestMethodTestDescriptor.java:214)
	at org.junit.platform.engine.support.hierarchical.ThrowableCollector.execute(ThrowableCollector.java:73)
	at org.junit.jupiter.engine.descriptor.TestMethodTestDescriptor.invokeTestMethod(TestMethodTestDescriptor.java:210)
	at org.junit.jupiter.engine.descriptor.TestMethodTestDescriptor.execute(TestMethodTestDescriptor.java:135)
	at org.junit.jupiter.engine.descriptor.TestMethodTestDescriptor.execute(TestMethodTestDescriptor.java:66)
	at org.junit.platform.engine.support.hierarchical.NodeTestTask.lambda$executeRecursively$6(NodeTestTask.java:151)
	at org.junit.platform.engine.support.hierarchical.ThrowableCollector.execute(ThrowableCollector.java:73)
	at org.junit.platform.engine.support.hierarchical.NodeTestTask.lambda$executeRecursively$8(NodeTestTask.java:141)
	at org.junit.platform.engine.support.hierarchical.Node.around(Node.java:137)
	at org.junit.platform.engine.support.hierarchical.NodeTestTask.lambda$executeRecursively$9(NodeTestTask.java:139)
	at org.junit.platform.engine.support.hierarchical.ThrowableCollector.execute(ThrowableCollector.java:73)
	at org.junit.platform.engine.support.hierarchical.NodeTestTask.executeRecursively(NodeTestTask.java:138)
	at org.junit.platform.engine.support.hierarchical.NodeTestTask.execute(NodeTestTask.java:95)
	at java.base/java.util.ArrayList.forEach(ArrayList.java:1541)
	at org.junit.platform.engine.support.hierarchical.SameThreadHierarchicalTestExecutorService.invokeAll(SameThreadHierarchicalTestExecutorService.java:41)
	at org.junit.platform.engine.support.hierarchical.NodeTestTask.lambda$executeRecursively$6(NodeTestTask.java:155)
	at org.junit.platform.engine.support.hierarchical.ThrowableCollector.execute(ThrowableCollector.java:73)
	at org.junit.platform.engine.support.hierarchical.NodeTestTask.lambda$executeRecursively$8(NodeTestTask.java:141)
	at org.junit.platform.engine.support.hierarchical.Node.around(Node.java:137)
	at org.junit.platform.engine.support.hierarchical.NodeTestTask.lambda$executeRecursively$9(NodeTestTask.java:139)
	at org.junit.platform.engine.support.hierarchical.ThrowableCollector.execute(ThrowableCollector.java:73)
	at org.junit.platform.engine.support.hierarchical.NodeTestTask.executeRecursively(NodeTestTask.java:138)
	at org.junit.platform.engine.support.hierarchical.NodeTestTask.execute(NodeTestTask.java:95)
	at java.base/java.util.ArrayList.forEach(ArrayList.java:1541)
	at org.junit.platform.engine.support.hierarchical.SameThreadHierarchicalTestExecutorService.invokeAll(SameThreadHierarchicalTestExecutorService.java:41)
	at org.junit.platform.engine.support.hierarchical.NodeTestTask.lambda$executeRecursively$6(NodeTestTask.java:155)
	at org.junit.platform.engine.support.hierarchical.ThrowableCollector.execute(ThrowableCollector.java:73)
	at org.junit.platform.engine.support.hierarchical.NodeTestTask.lambda$executeRecursively$8(NodeTestTask.java:141)
	at org.junit.platform.engine.support.hierarchical.Node.around(Node.java:137)
	at org.junit.platform.engine.support.hierarchical.NodeTestTask.lambda$executeRecursively$9(NodeTestTask.java:139)
	at org.junit.platform.engine.support.hierarchical.ThrowableCollector.execute(ThrowableCollector.java:73)
	at org.junit.platform.engine.support.hierarchical.NodeTestTask.executeRecursively(NodeTestTask.java:138)
	at org.junit.platform.engine.support.hierarchical.NodeTestTask.execute(NodeTestTask.java:95)
	at org.junit.platform.engine.support.hierarchical.SameThreadHierarchicalTestExecutorService.submit(SameThreadHierarchicalTestExecutorService.java:35)
	at org.junit.platform.engine.support.hierarchical.HierarchicalTestExecutor.execute(HierarchicalTestExecutor.java:57)
	at org.junit.platform.engine.support.hierarchical.HierarchicalTestEngine.execute(HierarchicalTestEngine.java:54)
	at org.junit.platform.launcher.core.EngineExecutionOrchestrator.execute(EngineExecutionOrchestrator.java:108)
	at org.junit.platform.launcher.core.EngineExecutionOrchestrator.execute(EngineExecutionOrchestrator.java:88)
	at org.junit.platform.launcher.core.EngineExecutionOrchestrator.lambda$execute$0(EngineExecutionOrchestrator.java:54)
	at org.junit.platform.launcher.core.EngineExecutionOrchestrator.withInterceptedStreams(EngineExecutionOrchestrator.java:67)
	at org.junit.platform.launcher.core.EngineExecutionOrchestrator.execute(EngineExecutionOrchestrator.java:52)
	at org.junit.platform.launcher.core.DefaultLauncher.execute(DefaultLauncher.java:96)
	at org.junit.platform.launcher.core.DefaultLauncher.execute(DefaultLauncher.java:75)
	at org.gradle.api.internal.tasks.testing.junitplatform.JUnitPlatformTestClassProcessor$CollectAllTestClassesExecutor.processAllTestClasses(JUnitPlatformTestClassProcessor.java:99)
	at org.gradle.api.internal.tasks.testing.junitplatform.JUnitPlatformTestClassProcessor$CollectAllTestClassesExecutor.access$000(JUnitPlatformTestClassProcessor.java:79)
	at org.gradle.api.internal.tasks.testing.junitplatform.JUnitPlatformTestClassProcessor.stop(JUnitPlatformTestClassProcessor.java:75)
	at org.gradle.api.internal.tasks.testing.SuiteTestClassProcessor.stop(SuiteTestClassProcessor.java:61)
	at java.base/jdk.internal.reflect.NativeMethodAccessorImpl.invoke0(Native Method)
	at java.base/jdk.internal.reflect.NativeMethodAccessorImpl.invoke(NativeMethodAccessorImpl.java:62)
	at java.base/jdk.internal.reflect.DelegatingMethodAccessorImpl.invoke(DelegatingMethodAccessorImpl.java:43)
	at java.base/java.lang.reflect.Method.invoke(Method.java:566)
	at org.gradle.internal.dispatch.ReflectionDispatch.dispatch(ReflectionDispatch.java:36)
	at org.gradle.internal.dispatch.ReflectionDispatch.dispatch(ReflectionDispatch.java:24)
	at org.gradle.internal.dispatch.ContextClassLoaderDispatch.dispatch(ContextClassLoaderDispatch.java:33)
	at org.gradle.internal.dispatch.ProxyDispatchAdapter$DispatchingInvocationHandler.invoke(ProxyDispatchAdapter.java:94)
	at com.sun.proxy.$Proxy2.stop(Unknown Source)
	at org.gradle.api.internal.tasks.testing.worker.TestWorker$3.run(TestWorker.java:193)
	at org.gradle.api.internal.tasks.testing.worker.TestWorker.executeAndMaintainThreadName(TestWorker.java:129)
	at org.gradle.api.internal.tasks.testing.worker.TestWorker.execute(TestWorker.java:100)
	at org.gradle.api.internal.tasks.testing.worker.TestWorker.execute(TestWorker.java:60)
	at org.gradle.process.internal.worker.child.ActionExecutionWorker.execute(ActionExecutionWorker.java:56)
	at org.gradle.process.internal.worker.child.SystemApplicationClassLoaderWorker.call(SystemApplicationClassLoaderWorker.java:133)
	at org.gradle.process.internal.worker.child.SystemApplicationClassLoaderWorker.call(SystemApplicationClassLoaderWorker.java:71)
	at worker.org.gradle.process.internal.worker.GradleWorkerMain.run(GradleWorkerMain.java:69)
	at worker.org.gradle.process.internal.worker.GradleWorkerMain.main(GradleWorkerMain.java:74)
2022-10-22 00:05:56 [Test worker] INFO  : Initializing Spring TestDispatcherServlet ''
2022-10-22 00:05:56 [Test worker] INFO  : Initializing Servlet ''
2022-10-22 00:05:56 [Test worker] INFO  : Completed initialization in 1 ms
2022-10-22 00:05:56 [Test worker] INFO  : Saving multipart file 'multipartFile'
2022-10-22 00:05:56 [Test worker] INFO  : Saving file 'mpthreetest.mp3'
2022-10-22 00:05:56 [Test worker] INFO  : Validating a multipart song-resource file
2022-10-22 00:05:56 [Test worker] ERROR : File 'mpthreetest.mp3' was not valid to save
reason:
java.lang.IllegalArgumentException: File with name 'mpthreetest.mp3' was not validated, check your file
	at com.epam.training.microservicefoundation.resourceservice.service.ResourceServiceImpl.save(ResourceServiceImpl.java:53)
	at com.epam.training.microservicefoundation.resourceservice.service.ResourceServiceImpl$$FastClassBySpringCGLIB$$beb70b27.invoke(<generated>)
	at org.springframework.cglib.proxy.MethodProxy.invoke(MethodProxy.java:218)
	at org.springframework.aop.framework.CglibAopProxy$CglibMethodInvocation.invokeJoinpoint(CglibAopProxy.java:793)
	at org.springframework.aop.framework.ReflectiveMethodInvocation.proceed(ReflectiveMethodInvocation.java:163)
	at org.springframework.aop.framework.CglibAopProxy$CglibMethodInvocation.proceed(CglibAopProxy.java:763)
	at org.springframework.transaction.interceptor.TransactionInterceptor$1.proceedWithInvocation(TransactionInterceptor.java:123)
	at org.springframework.transaction.interceptor.TransactionAspectSupport.invokeWithinTransaction(TransactionAspectSupport.java:388)
	at org.springframework.transaction.interceptor.TransactionInterceptor.invoke(TransactionInterceptor.java:119)
	at org.springframework.aop.framework.ReflectiveMethodInvocation.proceed(ReflectiveMethodInvocation.java:186)
	at org.springframework.aop.framework.CglibAopProxy$CglibMethodInvocation.proceed(CglibAopProxy.java:763)
	at org.springframework.aop.framework.CglibAopProxy$DynamicAdvisedInterceptor.intercept(CglibAopProxy.java:708)
	at com.epam.training.microservicefoundation.resourceservice.service.ResourceServiceImpl$$EnhancerBySpringCGLIB$$3c8e4bd4.save(<generated>)
	at com.epam.training.microservicefoundation.resourceservice.api.ResourceController.save(ResourceController.java:36)
	at java.base/jdk.internal.reflect.NativeMethodAccessorImpl.invoke0(Native Method)
	at java.base/jdk.internal.reflect.NativeMethodAccessorImpl.invoke(NativeMethodAccessorImpl.java:62)
	at java.base/jdk.internal.reflect.DelegatingMethodAccessorImpl.invoke(DelegatingMethodAccessorImpl.java:43)
	at java.base/java.lang.reflect.Method.invoke(Method.java:566)
	at org.springframework.web.method.support.InvocableHandlerMethod.doInvoke(InvocableHandlerMethod.java:205)
	at org.springframework.web.method.support.InvocableHandlerMethod.invokeForRequest(InvocableHandlerMethod.java:150)
	at org.springframework.web.servlet.mvc.method.annotation.ServletInvocableHandlerMethod.invokeAndHandle(ServletInvocableHandlerMethod.java:117)
	at org.springframework.web.servlet.mvc.method.annotation.RequestMappingHandlerAdapter.invokeHandlerMethod(RequestMappingHandlerAdapter.java:895)
	at org.springframework.web.servlet.mvc.method.annotation.RequestMappingHandlerAdapter.handleInternal(RequestMappingHandlerAdapter.java:808)
	at org.springframework.web.servlet.mvc.method.AbstractHandlerMethodAdapter.handle(AbstractHandlerMethodAdapter.java:87)
	at org.springframework.web.servlet.DispatcherServlet.doDispatch(DispatcherServlet.java:1071)
	at org.springframework.web.servlet.DispatcherServlet.doService(DispatcherServlet.java:964)
	at org.springframework.web.servlet.FrameworkServlet.processRequest(FrameworkServlet.java:1006)
	at org.springframework.web.servlet.FrameworkServlet.doPost(FrameworkServlet.java:909)
	at javax.servlet.http.HttpServlet.service(HttpServlet.java:681)
	at org.springframework.web.servlet.FrameworkServlet.service(FrameworkServlet.java:883)
	at org.springframework.test.web.servlet.TestDispatcherServlet.service(TestDispatcherServlet.java:72)
	at javax.servlet.http.HttpServlet.service(HttpServlet.java:764)
	at org.springframework.mock.web.MockFilterChain$ServletFilterProxy.doFilter(MockFilterChain.java:167)
	at org.springframework.mock.web.MockFilterChain.doFilter(MockFilterChain.java:134)
	at org.springframework.test.web.servlet.MockMvc.perform(MockMvc.java:201)
	at com.epam.training.microservicefoundation.resourceservice.api.ResourceControllerTest.shouldThrowValidationExceptionWhenSaveResourceWithInvalidType(ResourceControllerTest.java:66)
	at java.base/jdk.internal.reflect.NativeMethodAccessorImpl.invoke0(Native Method)
	at java.base/jdk.internal.reflect.NativeMethodAccessorImpl.invoke(NativeMethodAccessorImpl.java:62)
	at java.base/jdk.internal.reflect.DelegatingMethodAccessorImpl.invoke(DelegatingMethodAccessorImpl.java:43)
	at java.base/java.lang.reflect.Method.invoke(Method.java:566)
	at org.junit.platform.commons.util.ReflectionUtils.invokeMethod(ReflectionUtils.java:725)
	at org.junit.jupiter.engine.execution.MethodInvocation.proceed(MethodInvocation.java:60)
	at org.junit.jupiter.engine.execution.InvocationInterceptorChain$ValidatingInvocation.proceed(InvocationInterceptorChain.java:131)
	at org.junit.jupiter.engine.extension.TimeoutExtension.intercept(TimeoutExtension.java:149)
	at org.junit.jupiter.engine.extension.TimeoutExtension.interceptTestableMethod(TimeoutExtension.java:140)
	at org.junit.jupiter.engine.extension.TimeoutExtension.interceptTestMethod(TimeoutExtension.java:84)
	at org.junit.jupiter.engine.execution.ExecutableInvoker$ReflectiveInterceptorCall.lambda$ofVoidMethod$0(ExecutableInvoker.java:115)
	at org.junit.jupiter.engine.execution.ExecutableInvoker.lambda$invoke$0(ExecutableInvoker.java:105)
	at org.junit.jupiter.engine.execution.InvocationInterceptorChain$InterceptedInvocation.proceed(InvocationInterceptorChain.java:106)
	at org.junit.jupiter.engine.execution.InvocationInterceptorChain.proceed(InvocationInterceptorChain.java:64)
	at org.junit.jupiter.engine.execution.InvocationInterceptorChain.chainAndInvoke(InvocationInterceptorChain.java:45)
	at org.junit.jupiter.engine.execution.InvocationInterceptorChain.invoke(InvocationInterceptorChain.java:37)
	at org.junit.jupiter.engine.execution.ExecutableInvoker.invoke(ExecutableInvoker.java:104)
	at org.junit.jupiter.engine.execution.ExecutableInvoker.invoke(ExecutableInvoker.java:98)
	at org.junit.jupiter.engine.descriptor.TestMethodTestDescriptor.lambda$invokeTestMethod$7(TestMethodTestDescriptor.java:214)
	at org.junit.platform.engine.support.hierarchical.ThrowableCollector.execute(ThrowableCollector.java:73)
	at org.junit.jupiter.engine.descriptor.TestMethodTestDescriptor.invokeTestMethod(TestMethodTestDescriptor.java:210)
	at org.junit.jupiter.engine.descriptor.TestMethodTestDescriptor.execute(TestMethodTestDescriptor.java:135)
	at org.junit.jupiter.engine.descriptor.TestMethodTestDescriptor.execute(TestMethodTestDescriptor.java:66)
	at org.junit.platform.engine.support.hierarchical.NodeTestTask.lambda$executeRecursively$6(NodeTestTask.java:151)
	at org.junit.platform.engine.support.hierarchical.ThrowableCollector.execute(ThrowableCollector.java:73)
	at org.junit.platform.engine.support.hierarchical.NodeTestTask.lambda$executeRecursively$8(NodeTestTask.java:141)
	at org.junit.platform.engine.support.hierarchical.Node.around(Node.java:137)
	at org.junit.platform.engine.support.hierarchical.NodeTestTask.lambda$executeRecursively$9(NodeTestTask.java:139)
	at org.junit.platform.engine.support.hierarchical.ThrowableCollector.execute(ThrowableCollector.java:73)
	at org.junit.platform.engine.support.hierarchical.NodeTestTask.executeRecursively(NodeTestTask.java:138)
	at org.junit.platform.engine.support.hierarchical.NodeTestTask.execute(NodeTestTask.java:95)
	at java.base/java.util.ArrayList.forEach(ArrayList.java:1541)
	at org.junit.platform.engine.support.hierarchical.SameThreadHierarchicalTestExecutorService.invokeAll(SameThreadHierarchicalTestExecutorService.java:41)
	at org.junit.platform.engine.support.hierarchical.NodeTestTask.lambda$executeRecursively$6(NodeTestTask.java:155)
	at org.junit.platform.engine.support.hierarchical.ThrowableCollector.execute(ThrowableCollector.java:73)
	at org.junit.platform.engine.support.hierarchical.NodeTestTask.lambda$executeRecursively$8(NodeTestTask.java:141)
	at org.junit.platform.engine.support.hierarchical.Node.around(Node.java:137)
	at org.junit.platform.engine.support.hierarchical.NodeTestTask.lambda$executeRecursively$9(NodeTestTask.java:139)
	at org.junit.platform.engine.support.hierarchical.ThrowableCollector.execute(ThrowableCollector.java:73)
	at org.junit.platform.engine.support.hierarchical.NodeTestTask.executeRecursively(NodeTestTask.java:138)
	at org.junit.platform.engine.support.hierarchical.NodeTestTask.execute(NodeTestTask.java:95)
	at java.base/java.util.ArrayList.forEach(ArrayList.java:1541)
	at org.junit.platform.engine.support.hierarchical.SameThreadHierarchicalTestExecutorService.invokeAll(SameThreadHierarchicalTestExecutorService.java:41)
	at org.junit.platform.engine.support.hierarchical.NodeTestTask.lambda$executeRecursively$6(NodeTestTask.java:155)
	at org.junit.platform.engine.support.hierarchical.ThrowableCollector.execute(ThrowableCollector.java:73)
	at org.junit.platform.engine.support.hierarchical.NodeTestTask.lambda$executeRecursively$8(NodeTestTask.java:141)
	at org.junit.platform.engine.support.hierarchical.Node.around(Node.java:137)
	at org.junit.platform.engine.support.hierarchical.NodeTestTask.lambda$executeRecursively$9(NodeTestTask.java:139)
	at org.junit.platform.engine.support.hierarchical.ThrowableCollector.execute(ThrowableCollector.java:73)
	at org.junit.platform.engine.support.hierarchical.NodeTestTask.executeRecursively(NodeTestTask.java:138)
	at org.junit.platform.engine.support.hierarchical.NodeTestTask.execute(NodeTestTask.java:95)
	at org.junit.platform.engine.support.hierarchical.SameThreadHierarchicalTestExecutorService.submit(SameThreadHierarchicalTestExecutorService.java:35)
	at org.junit.platform.engine.support.hierarchical.HierarchicalTestExecutor.execute(HierarchicalTestExecutor.java:57)
	at org.junit.platform.engine.support.hierarchical.HierarchicalTestEngine.execute(HierarchicalTestEngine.java:54)
	at org.junit.platform.launcher.core.EngineExecutionOrchestrator.execute(EngineExecutionOrchestrator.java:108)
	at org.junit.platform.launcher.core.EngineExecutionOrchestrator.execute(EngineExecutionOrchestrator.java:88)
	at org.junit.platform.launcher.core.EngineExecutionOrchestrator.lambda$execute$0(EngineExecutionOrchestrator.java:54)
	at org.junit.platform.launcher.core.EngineExecutionOrchestrator.withInterceptedStreams(EngineExecutionOrchestrator.java:67)
	at org.junit.platform.launcher.core.EngineExecutionOrchestrator.execute(EngineExecutionOrchestrator.java:52)
	at org.junit.platform.launcher.core.DefaultLauncher.execute(DefaultLauncher.java:96)
	at org.junit.platform.launcher.core.DefaultLauncher.execute(DefaultLauncher.java:75)
	at org.gradle.api.internal.tasks.testing.junitplatform.JUnitPlatformTestClassProcessor$CollectAllTestClassesExecutor.processAllTestClasses(JUnitPlatformTestClassProcessor.java:99)
	at org.gradle.api.internal.tasks.testing.junitplatform.JUnitPlatformTestClassProcessor$CollectAllTestClassesExecutor.access$000(JUnitPlatformTestClassProcessor.java:79)
	at org.gradle.api.internal.tasks.testing.junitplatform.JUnitPlatformTestClassProcessor.stop(JUnitPlatformTestClassProcessor.java:75)
	at org.gradle.api.internal.tasks.testing.SuiteTestClassProcessor.stop(SuiteTestClassProcessor.java:61)
	at java.base/jdk.internal.reflect.NativeMethodAccessorImpl.invoke0(Native Method)
	at java.base/jdk.internal.reflect.NativeMethodAccessorImpl.invoke(NativeMethodAccessorImpl.java:62)
	at java.base/jdk.internal.reflect.DelegatingMethodAccessorImpl.invoke(DelegatingMethodAccessorImpl.java:43)
	at java.base/java.lang.reflect.Method.invoke(Method.java:566)
	at org.gradle.internal.dispatch.ReflectionDispatch.dispatch(ReflectionDispatch.java:36)
	at org.gradle.internal.dispatch.ReflectionDispatch.dispatch(ReflectionDispatch.java:24)
	at org.gradle.internal.dispatch.ContextClassLoaderDispatch.dispatch(ContextClassLoaderDispatch.java:33)
	at org.gradle.internal.dispatch.ProxyDispatchAdapter$DispatchingInvocationHandler.invoke(ProxyDispatchAdapter.java:94)
	at com.sun.proxy.$Proxy2.stop(Unknown Source)
	at org.gradle.api.internal.tasks.testing.worker.TestWorker$3.run(TestWorker.java:193)
	at org.gradle.api.internal.tasks.testing.worker.TestWorker.executeAndMaintainThreadName(TestWorker.java:129)
	at org.gradle.api.internal.tasks.testing.worker.TestWorker.execute(TestWorker.java:100)
	at org.gradle.api.internal.tasks.testing.worker.TestWorker.execute(TestWorker.java:60)
	at org.gradle.process.internal.worker.child.ActionExecutionWorker.execute(ActionExecutionWorker.java:56)
	at org.gradle.process.internal.worker.child.SystemApplicationClassLoaderWorker.call(SystemApplicationClassLoaderWorker.java:133)
	at org.gradle.process.internal.worker.child.SystemApplicationClassLoaderWorker.call(SystemApplicationClassLoaderWorker.java:71)
	at worker.org.gradle.process.internal.worker.GradleWorkerMain.run(GradleWorkerMain.java:69)
	at worker.org.gradle.process.internal.worker.GradleWorkerMain.main(GradleWorkerMain.java:74)
2022-10-22 00:05:56 [Test worker] INFO  : Initializing Spring TestDispatcherServlet ''
2022-10-22 00:05:56 [Test worker] INFO  : Initializing Servlet ''
2022-10-22 00:05:56 [Test worker] INFO  : Completed initialization in 0 ms
2022-10-22 00:05:56 [Test worker] INFO  : Saving multipart file 'multipartFile'
2022-10-22 00:05:56 [Test worker] INFO  : Saving file 'mpthreetest.mp3'
2022-10-22 00:05:56 [Test worker] INFO  : Validating a multipart song-resource file
2022-10-22 00:05:56 [Test worker] INFO  : Converting multipart file 'multipartFile' to file
2022-10-22 00:05:56 [Test worker] INFO  : Uploading file 'mpthreetest.mp3' to bucket 'com.epam.training.microservicefoundation.resourceservice.configuration.AwsS3Configuration$$EnhancerBySpringCGLIB$$4e827874@768f2398'
2022-10-22 00:05:56 [Test worker] INFO  : Saving song resource: SongResource{id=0, path='http://127.0.0.1:49898/song-resource/mpthreetest.mp3', name='mpthreetest.mp3', createdDate=2022-10-22T00:05:56.195456, lastModifiedDate=null}
2022-10-22 00:05:56 [Test worker] INFO  : Finding song resource by id 6
2022-10-22 00:05:56 [Test worker] INFO  : Initializing Spring TestDispatcherServlet ''
2022-10-22 00:05:56 [Test worker] INFO  : Initializing Servlet ''
2022-10-22 00:05:56 [Test worker] INFO  : Completed initialization in 1 ms
2022-10-22 00:05:56 [Test worker] INFO  : Deleting resource(s) with id [10, 1245]
2022-10-22 00:05:56 [Test worker] INFO  : Deleting file(s) with id [10, 1245]
2022-10-22 00:05:56 [Test worker] INFO  : Validating a multipart csv file
2022-10-22 00:05:56 [Test worker] INFO  : Finding song name by id '10'
2022-10-22 00:05:56 [Test worker] INFO  : Finding song name by id '1245'
2022-10-22 00:05:56 [Test worker] INFO  : Deleting resource by id '10'
2022-10-22 00:05:56 [Test worker] INFO  : Check if a resource with id '10' exists
2022-10-22 00:05:56 [Test worker] INFO  : Initializing Spring TestDispatcherServlet ''
2022-10-22 00:05:56 [Test worker] INFO  : Initializing Servlet ''
2022-10-22 00:05:56 [Test worker] INFO  : Completed initialization in 1 ms
2022-10-22 00:05:56 [Test worker] INFO  : Initializing Spring TestDispatcherServlet ''
2022-10-22 00:05:56 [Test worker] INFO  : Initializing Servlet ''
2022-10-22 00:05:56 [Test worker] INFO  : Completed initialization in 1 ms
2022-10-22 00:05:56 [Test worker] INFO  : Saving multipart file 'multipartFile'
2022-10-22 00:05:56 [Test worker] INFO  : Saving file 'mpthreetest2.mp3'
2022-10-22 00:05:56 [Test worker] INFO  : Validating a multipart song-resource file
2022-10-22 00:05:56 [Test worker] INFO  : Converting multipart file 'multipartFile' to file
2022-10-22 00:05:56 [Test worker] INFO  : Uploading file 'mpthreetest2.mp3' to bucket 'com.epam.training.microservicefoundation.resourceservice.configuration.AwsS3Configuration$$EnhancerBySpringCGLIB$$4e827874@768f2398'
2022-10-22 00:05:56 [Test worker] INFO  : Saving song resource: SongResource{id=0, path='http://127.0.0.1:49898/song-resource/mpthreetest2.mp3', name='mpthreetest2.mp3', createdDate=2022-10-22T00:05:56.475873, lastModifiedDate=null}
2022-10-22 00:05:56 [Test worker] INFO  : Finding song resource by id 6
2022-10-22 00:05:56 [Test worker] INFO  : Getting file by id '6'
2022-10-22 00:05:56 [Test worker] INFO  : Finding song name by id '6'
2022-10-22 00:05:56 [Test worker] INFO  : Getting song by name 'mpthreetest2.mp3' from bucket 'song-resource'
2022-10-22 00:05:56 [SpringApplicationShutdownHook] INFO  : HikariPool-1 - Shutdown initiated...
2022-10-22 00:05:56 [SpringApplicationShutdownHook] INFO  : HikariPool-1 - Shutdown completed.
2022-10-22 00:09:26 [Test worker] INFO  : Neither @ContextConfiguration nor @ContextHierarchy found for test class [com.epam.training.microservicefoundation.resourceservice.api.ResourceControllerTest], using SpringBootContextLoader
2022-10-22 00:09:26 [Test worker] INFO  : Could not detect default resource locations for test class [com.epam.training.microservicefoundation.resourceservice.api.ResourceControllerTest]: no resource found for suffixes {-context.xml, Context.groovy}.
2022-10-22 00:09:26 [Test worker] INFO  : Could not detect default configuration classes for test class [com.epam.training.microservicefoundation.resourceservice.api.ResourceControllerTest]: ResourceControllerTest does not declare any static, non-private, non-final, nested classes annotated with @Configuration.
2022-10-22 00:09:26 [Test worker] INFO  : Found @SpringBootConfiguration com.epam.training.microservicefoundation.resourceservice.ResourceServiceApplication for test class com.epam.training.microservicefoundation.resourceservice.api.ResourceControllerTest
2022-10-22 00:09:27 [Test worker] INFO  : Loaded default TestExecutionListener class names from location [META-INF/spring.factories]: [org.springframework.boot.test.autoconfigure.restdocs.RestDocsTestExecutionListener, org.springframework.boot.test.autoconfigure.web.client.MockRestServiceServerResetTestExecutionListener, org.springframework.boot.test.autoconfigure.web.servlet.MockMvcPrintOnlyOnFailureTestExecutionListener, org.springframework.boot.test.autoconfigure.web.servlet.WebDriverTestExecutionListener, org.springframework.boot.test.autoconfigure.webservices.client.MockWebServiceServerTestExecutionListener, org.springframework.boot.test.mock.mockito.MockitoTestExecutionListener, org.springframework.boot.test.mock.mockito.ResetMocksTestExecutionListener, org.springframework.test.context.web.ServletTestExecutionListener, org.springframework.test.context.support.DirtiesContextBeforeModesTestExecutionListener, org.springframework.test.context.event.ApplicationEventsTestExecutionListener, org.springframework.test.context.support.DependencyInjectionTestExecutionListener, org.springframework.test.context.support.DirtiesContextTestExecutionListener, org.springframework.test.context.transaction.TransactionalTestExecutionListener, org.springframework.test.context.jdbc.SqlScriptsTestExecutionListener, org.springframework.test.context.event.EventPublishingTestExecutionListener]
2022-10-22 00:09:27 [Test worker] INFO  : Using TestExecutionListeners: [org.springframework.test.context.web.ServletTestExecutionListener@66bfd864, org.springframework.test.context.support.DirtiesContextBeforeModesTestExecutionListener@4aac85fa, org.springframework.test.context.event.ApplicationEventsTestExecutionListener@21fff664, org.springframework.boot.test.mock.mockito.MockitoTestExecutionListener@6079cf5, org.springframework.boot.test.autoconfigure.SpringBootDependencyInjectionTestExecutionListener@1e6308a9, org.springframework.test.context.support.DirtiesContextTestExecutionListener@30cecdca, org.springframework.test.context.transaction.TransactionalTestExecutionListener@6edc4161, org.springframework.test.context.jdbc.SqlScriptsTestExecutionListener@5486887b, org.springframework.test.context.event.EventPublishingTestExecutionListener@5226e402, org.springframework.boot.test.autoconfigure.restdocs.RestDocsTestExecutionListener@1440c311, org.springframework.boot.test.autoconfigure.web.client.MockRestServiceServerResetTestExecutionListener@189b5fb1, org.springframework.boot.test.autoconfigure.web.servlet.MockMvcPrintOnlyOnFailureTestExecutionListener@783ec989, org.springframework.boot.test.autoconfigure.web.servlet.WebDriverTestExecutionListener@1ddd3478, org.springframework.boot.test.autoconfigure.webservices.client.MockWebServiceServerTestExecutionListener@f973499, org.springframework.boot.test.mock.mockito.ResetMocksTestExecutionListener@4d33940d]
2022-10-22 00:09:27 [Test worker] INFO  : Image name substitution will be performed by: DefaultImageNameSubstitutor (composite of 'ConfigurationFileImageNameSubstitutor' and 'PrefixingImageNameSubstitutor')
2022-10-22 00:09:27 [Test worker] INFO  : Loaded org.testcontainers.dockerclient.UnixSocketClientProviderStrategy from ~/.testcontainers.properties, will try it first
2022-10-22 00:09:28 [Test worker] INFO  : Found Docker environment with local Unix socket (unix:///var/run/docker.sock)
2022-10-22 00:09:28 [Test worker] INFO  : Docker host IP address is localhost
2022-10-22 00:09:28 [Test worker] INFO  : Connected to docker: 
  Server Version: 20.10.17
  API Version: 1.41
  Operating System: Docker Desktop
  Total Memory: 10215 MB
2022-10-22 00:09:28 [Test worker] INFO  : Creating container for image: testcontainers/ryuk:0.3.4
2022-10-22 00:09:28 [Test worker] INFO  : Credential helper/store (docker-credential-desktop) does not have credentials for https://index.docker.io/v1/
2022-10-22 00:09:28 [Test worker] INFO  : Container testcontainers/ryuk:0.3.4 is starting: b226e3b5d16c94cf7708abafa3b32b5334674278364e21d14db2e47430d6337d
2022-10-22 00:09:28 [Test worker] INFO  : Container testcontainers/ryuk:0.3.4 started in PT0.544284S
2022-10-22 00:09:28 [Test worker] INFO  : Ryuk started - will monitor and terminate Testcontainers containers on JVM exit
2022-10-22 00:09:28 [Test worker] INFO  : Checking the system...
2022-10-22 00:09:28 [Test worker] INFO  : ✔︎ Docker server version should be at least 1.6.0
2022-10-22 00:09:28 [Test worker] INFO  : Creating container for image: postgres:12.9-alpine
2022-10-22 00:09:28 [Test worker] INFO  : Container postgres:12.9-alpine is starting: 0c9e8a6fb22849ae01b9edb9d9d5dac20fb082b6eb4452b2bc8a30d27e4c291f
2022-10-22 00:09:30 [Test worker] INFO  : Container postgres:12.9-alpine started in PT1.505927S
2022-10-22 00:09:30 [Test worker] INFO  : HOSTNAME_EXTERNAL environment variable set to localhost (to match host-routable address for container)
2022-10-22 00:09:30 [Test worker] INFO  : Creating container for image: localstack/localstack:1.0.0
2022-10-22 00:09:30 [Test worker] INFO  : Container localstack/localstack:1.0.0 is starting: bf9ec3e4f69b3e3400e569dcd4652e319ee4ba0e8c67dd74d184f81d8cd63813
2022-10-22 00:09:34 [Test worker] INFO  : Container localstack/localstack:1.0.0 started in PT4.551602S
2022-10-22 00:09:36 [Test worker] INFO  : Starting ResourceControllerTest using Java 11.0.16 on EPUZTASW007D with PID 4065 (started by Yusuf_Murodov in /Users/Yusuf_Murodov/Local/epam/traning/microservice-foundation/resource-service)
2022-10-22 00:09:36 [Test worker] INFO  : No active profile set, falling back to 1 default profile: "default"
2022-10-22 00:09:39 [Test worker] INFO  : Started ResourceControllerTest in 2.597 seconds (JVM running for 13.337)
2022-10-22 00:09:39 [Test worker] INFO  : HikariPool-1 - Starting...
2022-10-22 00:09:39 [Test worker] INFO  : HikariPool-1 - Start completed.
2022-10-22 00:09:39 [Test worker] INFO  : Initializing Spring TestDispatcherServlet ''
2022-10-22 00:09:39 [Test worker] INFO  : Initializing Servlet ''
2022-10-22 00:09:39 [Test worker] INFO  : Completed initialization in 1 ms
2022-10-22 00:09:39 [Test worker] INFO  : Getting file by id '122394734929'
2022-10-22 00:09:39 [Test worker] INFO  : Finding song name by id '122394734929'
2022-10-22 00:09:40 [SpringApplicationShutdownHook] INFO  : HikariPool-1 - Shutdown initiated...
2022-10-22 00:09:40 [SpringApplicationShutdownHook] INFO  : HikariPool-1 - Shutdown completed.
2022-10-22 00:10:04 [Test worker] INFO  : Neither @ContextConfiguration nor @ContextHierarchy found for test class [com.epam.training.microservicefoundation.resourceservice.api.ResourceControllerTest], using SpringBootContextLoader
2022-10-22 00:10:04 [Test worker] INFO  : Could not detect default resource locations for test class [com.epam.training.microservicefoundation.resourceservice.api.ResourceControllerTest]: no resource found for suffixes {-context.xml, Context.groovy}.
2022-10-22 00:10:04 [Test worker] INFO  : Could not detect default configuration classes for test class [com.epam.training.microservicefoundation.resourceservice.api.ResourceControllerTest]: ResourceControllerTest does not declare any static, non-private, non-final, nested classes annotated with @Configuration.
2022-10-22 00:10:04 [Test worker] INFO  : Found @SpringBootConfiguration com.epam.training.microservicefoundation.resourceservice.ResourceServiceApplication for test class com.epam.training.microservicefoundation.resourceservice.api.ResourceControllerTest
2022-10-22 00:10:04 [Test worker] INFO  : Loaded default TestExecutionListener class names from location [META-INF/spring.factories]: [org.springframework.boot.test.autoconfigure.restdocs.RestDocsTestExecutionListener, org.springframework.boot.test.autoconfigure.web.client.MockRestServiceServerResetTestExecutionListener, org.springframework.boot.test.autoconfigure.web.servlet.MockMvcPrintOnlyOnFailureTestExecutionListener, org.springframework.boot.test.autoconfigure.web.servlet.WebDriverTestExecutionListener, org.springframework.boot.test.autoconfigure.webservices.client.MockWebServiceServerTestExecutionListener, org.springframework.boot.test.mock.mockito.MockitoTestExecutionListener, org.springframework.boot.test.mock.mockito.ResetMocksTestExecutionListener, org.springframework.test.context.web.ServletTestExecutionListener, org.springframework.test.context.support.DirtiesContextBeforeModesTestExecutionListener, org.springframework.test.context.event.ApplicationEventsTestExecutionListener, org.springframework.test.context.support.DependencyInjectionTestExecutionListener, org.springframework.test.context.support.DirtiesContextTestExecutionListener, org.springframework.test.context.transaction.TransactionalTestExecutionListener, org.springframework.test.context.jdbc.SqlScriptsTestExecutionListener, org.springframework.test.context.event.EventPublishingTestExecutionListener]
2022-10-22 00:10:04 [Test worker] INFO  : Using TestExecutionListeners: [org.springframework.test.context.web.ServletTestExecutionListener@66bfd864, org.springframework.test.context.support.DirtiesContextBeforeModesTestExecutionListener@4aac85fa, org.springframework.test.context.event.ApplicationEventsTestExecutionListener@21fff664, org.springframework.boot.test.mock.mockito.MockitoTestExecutionListener@6079cf5, org.springframework.boot.test.autoconfigure.SpringBootDependencyInjectionTestExecutionListener@1e6308a9, org.springframework.test.context.support.DirtiesContextTestExecutionListener@30cecdca, org.springframework.test.context.transaction.TransactionalTestExecutionListener@6edc4161, org.springframework.test.context.jdbc.SqlScriptsTestExecutionListener@5486887b, org.springframework.test.context.event.EventPublishingTestExecutionListener@5226e402, org.springframework.boot.test.autoconfigure.restdocs.RestDocsTestExecutionListener@1440c311, org.springframework.boot.test.autoconfigure.web.client.MockRestServiceServerResetTestExecutionListener@189b5fb1, org.springframework.boot.test.autoconfigure.web.servlet.MockMvcPrintOnlyOnFailureTestExecutionListener@783ec989, org.springframework.boot.test.autoconfigure.web.servlet.WebDriverTestExecutionListener@1ddd3478, org.springframework.boot.test.autoconfigure.webservices.client.MockWebServiceServerTestExecutionListener@f973499, org.springframework.boot.test.mock.mockito.ResetMocksTestExecutionListener@4d33940d]
2022-10-22 00:10:05 [Test worker] INFO  : Image name substitution will be performed by: DefaultImageNameSubstitutor (composite of 'ConfigurationFileImageNameSubstitutor' and 'PrefixingImageNameSubstitutor')
2022-10-22 00:10:05 [Test worker] INFO  : Loaded org.testcontainers.dockerclient.UnixSocketClientProviderStrategy from ~/.testcontainers.properties, will try it first
2022-10-22 00:10:05 [Test worker] INFO  : Found Docker environment with local Unix socket (unix:///var/run/docker.sock)
2022-10-22 00:10:05 [Test worker] INFO  : Docker host IP address is localhost
2022-10-22 00:10:05 [Test worker] INFO  : Connected to docker: 
  Server Version: 20.10.17
  API Version: 1.41
  Operating System: Docker Desktop
  Total Memory: 10215 MB
2022-10-22 00:10:05 [Test worker] INFO  : Creating container for image: testcontainers/ryuk:0.3.4
2022-10-22 00:10:05 [Test worker] INFO  : Credential helper/store (docker-credential-desktop) does not have credentials for https://index.docker.io/v1/
2022-10-22 00:10:05 [Test worker] INFO  : Container testcontainers/ryuk:0.3.4 is starting: 6b709639eca37cbf38283b1db0d7e0735e81d17d523dcb5259ae3da4ef0c2fbf
2022-10-22 00:10:06 [Test worker] INFO  : Container testcontainers/ryuk:0.3.4 started in PT0.519597S
2022-10-22 00:10:06 [Test worker] INFO  : Ryuk started - will monitor and terminate Testcontainers containers on JVM exit
2022-10-22 00:10:06 [Test worker] INFO  : Checking the system...
2022-10-22 00:10:06 [Test worker] INFO  : ✔︎ Docker server version should be at least 1.6.0
2022-10-22 00:10:06 [Test worker] INFO  : Creating container for image: postgres:12.9-alpine
2022-10-22 00:10:06 [Test worker] INFO  : Container postgres:12.9-alpine is starting: f51b8794e5fa9ebb3e2d613df5806b008eaa156e5f55ce3a9a9e1e7eeae069c4
2022-10-22 00:10:07 [Test worker] INFO  : Container postgres:12.9-alpine started in PT1.496172S
2022-10-22 00:10:07 [Test worker] INFO  : HOSTNAME_EXTERNAL environment variable set to localhost (to match host-routable address for container)
2022-10-22 00:10:07 [Test worker] INFO  : Creating container for image: localstack/localstack:1.0.0
2022-10-22 00:10:08 [Test worker] INFO  : Container localstack/localstack:1.0.0 is starting: 64e954768dfb62ca281ecda98a4dcfcc84704d1970abd28c16e6ac19070a5559
2022-10-22 00:10:12 [Test worker] INFO  : Container localstack/localstack:1.0.0 started in PT4.503664S
2022-10-22 00:10:14 [Test worker] INFO  : Starting ResourceControllerTest using Java 11.0.16 on EPUZTASW007D with PID 4109 (started by Yusuf_Murodov in /Users/Yusuf_Murodov/Local/epam/traning/microservice-foundation/resource-service)
2022-10-22 00:10:14 [Test worker] INFO  : No active profile set, falling back to 1 default profile: "default"
2022-10-22 00:10:16 [Test worker] INFO  : Started ResourceControllerTest in 2.326 seconds (JVM running for 12.383)
2022-10-22 00:10:16 [Test worker] INFO  : HikariPool-1 - Starting...
2022-10-22 00:10:16 [Test worker] INFO  : HikariPool-1 - Start completed.
2022-10-22 00:10:16 [Test worker] INFO  : Initializing Spring TestDispatcherServlet ''
2022-10-22 00:10:16 [Test worker] INFO  : Initializing Servlet ''
2022-10-22 00:10:16 [Test worker] INFO  : Completed initialization in 1 ms
2022-10-22 00:10:16 [Test worker] INFO  : Getting file by id '122394734929'
2022-10-22 00:10:16 [Test worker] INFO  : Finding song name by id '122394734929'
2022-10-22 00:10:16 [SpringApplicationShutdownHook] INFO  : HikariPool-1 - Shutdown initiated...
2022-10-22 00:10:16 [SpringApplicationShutdownHook] INFO  : HikariPool-1 - Shutdown completed.
2022-10-22 00:10:48 [Test worker] INFO  : Neither @ContextConfiguration nor @ContextHierarchy found for test class [com.epam.training.microservicefoundation.resourceservice.api.ResourceControllerTest], using SpringBootContextLoader
2022-10-22 00:10:48 [Test worker] INFO  : Could not detect default resource locations for test class [com.epam.training.microservicefoundation.resourceservice.api.ResourceControllerTest]: no resource found for suffixes {-context.xml, Context.groovy}.
2022-10-22 00:10:48 [Test worker] INFO  : Could not detect default configuration classes for test class [com.epam.training.microservicefoundation.resourceservice.api.ResourceControllerTest]: ResourceControllerTest does not declare any static, non-private, non-final, nested classes annotated with @Configuration.
2022-10-22 00:10:48 [Test worker] INFO  : Found @SpringBootConfiguration com.epam.training.microservicefoundation.resourceservice.ResourceServiceApplication for test class com.epam.training.microservicefoundation.resourceservice.api.ResourceControllerTest
2022-10-22 00:10:48 [Test worker] INFO  : Loaded default TestExecutionListener class names from location [META-INF/spring.factories]: [org.springframework.boot.test.autoconfigure.restdocs.RestDocsTestExecutionListener, org.springframework.boot.test.autoconfigure.web.client.MockRestServiceServerResetTestExecutionListener, org.springframework.boot.test.autoconfigure.web.servlet.MockMvcPrintOnlyOnFailureTestExecutionListener, org.springframework.boot.test.autoconfigure.web.servlet.WebDriverTestExecutionListener, org.springframework.boot.test.autoconfigure.webservices.client.MockWebServiceServerTestExecutionListener, org.springframework.boot.test.mock.mockito.MockitoTestExecutionListener, org.springframework.boot.test.mock.mockito.ResetMocksTestExecutionListener, org.springframework.test.context.web.ServletTestExecutionListener, org.springframework.test.context.support.DirtiesContextBeforeModesTestExecutionListener, org.springframework.test.context.event.ApplicationEventsTestExecutionListener, org.springframework.test.context.support.DependencyInjectionTestExecutionListener, org.springframework.test.context.support.DirtiesContextTestExecutionListener, org.springframework.test.context.transaction.TransactionalTestExecutionListener, org.springframework.test.context.jdbc.SqlScriptsTestExecutionListener, org.springframework.test.context.event.EventPublishingTestExecutionListener]
2022-10-22 00:10:48 [Test worker] INFO  : Using TestExecutionListeners: [org.springframework.test.context.web.ServletTestExecutionListener@66bfd864, org.springframework.test.context.support.DirtiesContextBeforeModesTestExecutionListener@4aac85fa, org.springframework.test.context.event.ApplicationEventsTestExecutionListener@21fff664, org.springframework.boot.test.mock.mockito.MockitoTestExecutionListener@6079cf5, org.springframework.boot.test.autoconfigure.SpringBootDependencyInjectionTestExecutionListener@1e6308a9, org.springframework.test.context.support.DirtiesContextTestExecutionListener@30cecdca, org.springframework.test.context.transaction.TransactionalTestExecutionListener@6edc4161, org.springframework.test.context.jdbc.SqlScriptsTestExecutionListener@5486887b, org.springframework.test.context.event.EventPublishingTestExecutionListener@5226e402, org.springframework.boot.test.autoconfigure.restdocs.RestDocsTestExecutionListener@1440c311, org.springframework.boot.test.autoconfigure.web.client.MockRestServiceServerResetTestExecutionListener@189b5fb1, org.springframework.boot.test.autoconfigure.web.servlet.MockMvcPrintOnlyOnFailureTestExecutionListener@783ec989, org.springframework.boot.test.autoconfigure.web.servlet.WebDriverTestExecutionListener@1ddd3478, org.springframework.boot.test.autoconfigure.webservices.client.MockWebServiceServerTestExecutionListener@f973499, org.springframework.boot.test.mock.mockito.ResetMocksTestExecutionListener@4d33940d]
2022-10-22 00:10:48 [Test worker] INFO  : Image name substitution will be performed by: DefaultImageNameSubstitutor (composite of 'ConfigurationFileImageNameSubstitutor' and 'PrefixingImageNameSubstitutor')
2022-10-22 00:10:48 [Test worker] INFO  : Loaded org.testcontainers.dockerclient.UnixSocketClientProviderStrategy from ~/.testcontainers.properties, will try it first
2022-10-22 00:10:48 [Test worker] INFO  : Found Docker environment with local Unix socket (unix:///var/run/docker.sock)
2022-10-22 00:10:48 [Test worker] INFO  : Docker host IP address is localhost
2022-10-22 00:10:48 [Test worker] INFO  : Connected to docker: 
  Server Version: 20.10.17
  API Version: 1.41
  Operating System: Docker Desktop
  Total Memory: 10215 MB
2022-10-22 00:10:48 [Test worker] INFO  : Creating container for image: testcontainers/ryuk:0.3.4
2022-10-22 00:10:49 [Test worker] INFO  : Credential helper/store (docker-credential-desktop) does not have credentials for https://index.docker.io/v1/
2022-10-22 00:10:49 [Test worker] INFO  : Container testcontainers/ryuk:0.3.4 is starting: f827071b0304309efcb5001c4b6b5c9dcc86f83a85163488035824ea19e2c38f
2022-10-22 00:10:49 [Test worker] INFO  : Container testcontainers/ryuk:0.3.4 started in PT0.53457S
2022-10-22 00:10:49 [Test worker] INFO  : Ryuk started - will monitor and terminate Testcontainers containers on JVM exit
2022-10-22 00:10:49 [Test worker] INFO  : Checking the system...
2022-10-22 00:10:49 [Test worker] INFO  : ✔︎ Docker server version should be at least 1.6.0
2022-10-22 00:10:49 [Test worker] INFO  : Creating container for image: postgres:12.9-alpine
2022-10-22 00:10:49 [Test worker] INFO  : Container postgres:12.9-alpine is starting: 85459b70871d71148a87075c8f642cd50ac6f2378369cbc70b27796af66da42d
2022-10-22 00:10:51 [Test worker] INFO  : Container postgres:12.9-alpine started in PT1.517575S
2022-10-22 00:10:51 [Test worker] INFO  : HOSTNAME_EXTERNAL environment variable set to localhost (to match host-routable address for container)
2022-10-22 00:10:51 [Test worker] INFO  : Creating container for image: localstack/localstack:1.0.0
2022-10-22 00:10:51 [Test worker] INFO  : Container localstack/localstack:1.0.0 is starting: 8d1c6ab3a88abf7b5eaa674b1020d30d744031ad87db664d2271d1c2e29ccdb9
2022-10-22 00:10:55 [Test worker] INFO  : Container localstack/localstack:1.0.0 started in PT4.551591S
2022-10-22 00:10:57 [Test worker] INFO  : Starting ResourceControllerTest using Java 11.0.16 on EPUZTASW007D with PID 4156 (started by Yusuf_Murodov in /Users/Yusuf_Murodov/Local/epam/traning/microservice-foundation/resource-service)
2022-10-22 00:10:57 [Test worker] INFO  : No active profile set, falling back to 1 default profile: "default"
2022-10-22 00:10:59 [Test worker] INFO  : Started ResourceControllerTest in 2.247 seconds (JVM running for 12.345)
2022-10-22 00:10:59 [Test worker] INFO  : HikariPool-1 - Starting...
2022-10-22 00:10:59 [Test worker] INFO  : HikariPool-1 - Start completed.
2022-10-22 00:11:00 [Test worker] INFO  : Initializing Spring TestDispatcherServlet ''
2022-10-22 00:11:00 [Test worker] INFO  : Initializing Servlet ''
2022-10-22 00:11:00 [Test worker] INFO  : Completed initialization in 2 ms
2022-10-22 00:11:00 [Test worker] INFO  : Getting file by id '122394734929'
2022-10-22 00:11:00 [Test worker] INFO  : Finding song name by id '122394734929'
2022-10-22 00:11:00 [SpringApplicationShutdownHook] INFO  : HikariPool-1 - Shutdown initiated...
2022-10-22 00:11:00 [SpringApplicationShutdownHook] INFO  : HikariPool-1 - Shutdown completed.
2022-10-22 13:09:37 [Test worker] INFO  : Neither @ContextConfiguration nor @ContextHierarchy found for test class [com.epam.training.microservicefoundation.resourceservice.api.ResourceControllerTest], using SpringBootContextLoader
2022-10-22 13:09:37 [Test worker] INFO  : Could not detect default resource locations for test class [com.epam.training.microservicefoundation.resourceservice.api.ResourceControllerTest]: no resource found for suffixes {-context.xml, Context.groovy}.
2022-10-22 13:09:37 [Test worker] INFO  : Could not detect default configuration classes for test class [com.epam.training.microservicefoundation.resourceservice.api.ResourceControllerTest]: ResourceControllerTest does not declare any static, non-private, non-final, nested classes annotated with @Configuration.
2022-10-22 13:09:37 [Test worker] INFO  : Found @SpringBootConfiguration com.epam.training.microservicefoundation.resourceservice.ResourceServiceApplication for test class com.epam.training.microservicefoundation.resourceservice.api.ResourceControllerTest
2022-10-22 13:09:37 [Test worker] INFO  : Loaded default TestExecutionListener class names from location [META-INF/spring.factories]: [org.springframework.boot.test.autoconfigure.restdocs.RestDocsTestExecutionListener, org.springframework.boot.test.autoconfigure.web.client.MockRestServiceServerResetTestExecutionListener, org.springframework.boot.test.autoconfigure.web.servlet.MockMvcPrintOnlyOnFailureTestExecutionListener, org.springframework.boot.test.autoconfigure.web.servlet.WebDriverTestExecutionListener, org.springframework.boot.test.autoconfigure.webservices.client.MockWebServiceServerTestExecutionListener, org.springframework.boot.test.mock.mockito.MockitoTestExecutionListener, org.springframework.boot.test.mock.mockito.ResetMocksTestExecutionListener, org.springframework.test.context.web.ServletTestExecutionListener, org.springframework.test.context.support.DirtiesContextBeforeModesTestExecutionListener, org.springframework.test.context.event.ApplicationEventsTestExecutionListener, org.springframework.test.context.support.DependencyInjectionTestExecutionListener, org.springframework.test.context.support.DirtiesContextTestExecutionListener, org.springframework.test.context.transaction.TransactionalTestExecutionListener, org.springframework.test.context.jdbc.SqlScriptsTestExecutionListener, org.springframework.test.context.event.EventPublishingTestExecutionListener]
2022-10-22 13:09:37 [Test worker] INFO  : Using TestExecutionListeners: [org.springframework.test.context.web.ServletTestExecutionListener@66bfd864, org.springframework.test.context.support.DirtiesContextBeforeModesTestExecutionListener@4aac85fa, org.springframework.test.context.event.ApplicationEventsTestExecutionListener@21fff664, org.springframework.boot.test.mock.mockito.MockitoTestExecutionListener@6079cf5, org.springframework.boot.test.autoconfigure.SpringBootDependencyInjectionTestExecutionListener@1e6308a9, org.springframework.test.context.support.DirtiesContextTestExecutionListener@30cecdca, org.springframework.test.context.transaction.TransactionalTestExecutionListener@6edc4161, org.springframework.test.context.jdbc.SqlScriptsTestExecutionListener@5486887b, org.springframework.test.context.event.EventPublishingTestExecutionListener@5226e402, org.springframework.boot.test.autoconfigure.restdocs.RestDocsTestExecutionListener@1440c311, org.springframework.boot.test.autoconfigure.web.client.MockRestServiceServerResetTestExecutionListener@189b5fb1, org.springframework.boot.test.autoconfigure.web.servlet.MockMvcPrintOnlyOnFailureTestExecutionListener@783ec989, org.springframework.boot.test.autoconfigure.web.servlet.WebDriverTestExecutionListener@1ddd3478, org.springframework.boot.test.autoconfigure.webservices.client.MockWebServiceServerTestExecutionListener@f973499, org.springframework.boot.test.mock.mockito.ResetMocksTestExecutionListener@4d33940d]
2022-10-22 13:09:37 [Test worker] INFO  : Image name substitution will be performed by: DefaultImageNameSubstitutor (composite of 'ConfigurationFileImageNameSubstitutor' and 'PrefixingImageNameSubstitutor')
2022-10-22 13:09:37 [Test worker] INFO  : Loaded org.testcontainers.dockerclient.UnixSocketClientProviderStrategy from ~/.testcontainers.properties, will try it first
2022-10-22 13:09:38 [Test worker] INFO  : Found Docker environment with local Unix socket (unix:///var/run/docker.sock)
2022-10-22 13:09:38 [Test worker] INFO  : Docker host IP address is localhost
2022-10-22 13:09:38 [Test worker] INFO  : Connected to docker: 
  Server Version: 20.10.17
  API Version: 1.41
  Operating System: Docker Desktop
  Total Memory: 10215 MB
2022-10-22 13:09:38 [Test worker] INFO  : Creating container for image: testcontainers/ryuk:0.3.4
2022-10-22 13:09:38 [Test worker] INFO  : Credential helper/store (docker-credential-desktop) does not have credentials for https://index.docker.io/v1/
2022-10-22 13:09:39 [Test worker] INFO  : Container testcontainers/ryuk:0.3.4 is starting: 9e150d00e8bccef5be7e1ac83affde1da529e4f443b0dcbef7499719f47b2757
2022-10-22 13:09:39 [Test worker] INFO  : Container testcontainers/ryuk:0.3.4 started in PT0.664905S
2022-10-22 13:09:40 [Test worker] INFO  : Ryuk started - will monitor and terminate Testcontainers containers on JVM exit
2022-10-22 13:09:40 [Test worker] INFO  : Checking the system...
2022-10-22 13:09:40 [Test worker] INFO  : ✔︎ Docker server version should be at least 1.6.0
2022-10-22 13:09:40 [Test worker] INFO  : Creating container for image: postgres:12.9-alpine
2022-10-22 13:09:40 [Test worker] INFO  : Container postgres:12.9-alpine is starting: 66dc235c05f857614131b6c3ac2e2f613d1dcdf8e9d1493c0f9d1aa2f07cc67d
2022-10-22 13:09:42 [Test worker] INFO  : Container postgres:12.9-alpine started in PT1.552226S
2022-10-22 13:09:42 [Test worker] INFO  : HOSTNAME_EXTERNAL environment variable set to localhost (to match host-routable address for container)
2022-10-22 13:09:42 [Test worker] INFO  : Creating container for image: localstack/localstack:1.0.0
2022-10-22 13:09:42 [Test worker] INFO  : Container localstack/localstack:1.0.0 is starting: f2d3fd763e67ef2acdc904dd90734f29cd6ceb598c2142f04762a22bda2977f2
2022-10-22 13:09:46 [Test worker] INFO  : Container localstack/localstack:1.0.0 started in PT4.722352S
2022-10-22 13:09:49 [Test worker] INFO  : Starting ResourceControllerTest using Java 11.0.16 on EPUZTASW007D with PID 11997 (started by Yusuf_Murodov in /Users/Yusuf_Murodov/Local/epam/traning/microservice-foundation/resource-service)
2022-10-22 13:09:49 [Test worker] INFO  : No active profile set, falling back to 1 default profile: "default"
2022-10-22 13:09:52 [Test worker] INFO  : Started ResourceControllerTest in 3.654 seconds (JVM running for 15.89)
2022-10-22 13:09:52 [Test worker] INFO  : HikariPool-1 - Starting...
2022-10-22 13:09:52 [Test worker] INFO  : HikariPool-1 - Start completed.
2022-10-22 13:09:53 [Test worker] INFO  : Initializing Spring TestDispatcherServlet ''
2022-10-22 13:09:53 [Test worker] INFO  : Initializing Servlet ''
2022-10-22 13:09:53 [Test worker] INFO  : Completed initialization in 1 ms
2022-10-22 13:09:53 [Test worker] INFO  : Saving multipart file 'multipartFile'
2022-10-22 13:09:53 [Test worker] INFO  : Saving file 'mpthreetest2.mp3'
2022-10-22 13:09:53 [Test worker] INFO  : Validating a multipart song-resource file
2022-10-22 13:09:53 [Test worker] INFO  : Converting multipart file 'multipartFile' to file
2022-10-22 13:09:53 [Test worker] INFO  : Uploading file 'mpthreetest2.mp3' to bucket 'com.epam.training.microservicefoundation.resourceservice.configuration.AwsS3Configuration$$EnhancerBySpringCGLIB$$da709ba0@3cc5408c'
2022-10-22 13:09:53 [Test worker] INFO  : Saving song resource: SongResource{id=0, path='http://127.0.0.1:53261/song-resource/mpthreetest2.mp3', name='mpthreetest2.mp3', createdDate=2022-10-22T13:09:53.373260, lastModifiedDate=null}
2022-10-22 13:09:53 [Test worker] INFO  : Finding song resource by id 6
2022-10-22 13:09:53 [Test worker] INFO  : Getting file by id '6'
2022-10-22 13:09:53 [Test worker] INFO  : Finding song name by id '6'
2022-10-22 13:09:53 [Test worker] INFO  : Getting song by name 'mpthreetest2.mp3' from bucket 'song-resource'
2022-10-22 13:09:53 [SpringApplicationShutdownHook] INFO  : HikariPool-1 - Shutdown initiated...
2022-10-22 13:09:53 [SpringApplicationShutdownHook] INFO  : HikariPool-1 - Shutdown completed.
